2022-04-06 17:41:31,303 :	 format: current/total, nNe, nD, tCQ, I_re, I_ohm
2022-04-06 17:42:50,633 :	 1/723,1.172102297533484e+18,1e+19,0.06863285,7500094.6238285815,33137.033923390394
2022-04-06 17:44:08,244 :	 2/723,1.6102620275609426e+18,1e+19,0.057982925,7428451.6298175175,31230.642443305467
2022-04-06 17:45:27,054 :	 3/723,2.2122162910704502e+18,1e+19,0.050882975,7310113.010318012,29752.52151393439
2022-04-06 17:46:45,764 :	 4/723,3.039195382313195e+18,1e+19,0.04496634999999999,7140556.341668048,28303.386965017162
2022-04-06 17:48:04,759 :	 5/723,4.1753189365603917e+18,1e+19,0.04141637499999999,6911356.912882854,26956.70074377318
2022-04-06 17:49:23,136 :	 6/723,5.736152510448705e+18,1e+19,0.0378664,6614967.326422799,26873.856589171035
2022-04-06 17:50:41,998 :	 7/723,7.880462815669936e+18,1e+19,0.035499750000000004,6248233.825843122,27094.714038723043
2022-04-06 17:52:00,404 :	 8/723,1.0826367338740562e+19,1e+19,0.03549975,5809913.044922812,26340.534672347578
2022-04-06 17:53:18,807 :	 9/723,1.4873521072935119e+19,1e+19,0.03549975,5306827.307104574,27392.517093774222
2022-04-06 17:54:36,304 :	 10/723,2.0433597178569396e+19,1e+19,0.036683074999999996,4771114.199142654,27788.32476069443
2022-04-06 17:55:54,117 :	 11/723,2.80721620394117e+19,1e+19,0.03549975,4404806.994955392,37279.22408417504
2022-04-06 17:57:12,035 :	 12/723,3.856620421163456e+19,1e+19,0.0331331,4426946.656077074,48177.2238361037
2022-04-06 17:58:32,708 :	 13/723,5.298316906283724e+19,1e+19,0.028399799999999996,4541066.770567964,56572.577328414816
2022-04-06 17:59:52,610 :	 14/723,7.278953843983161e+19,1e+19,0.023666499999999997,4623465.47512831,66497.28547796715
2022-04-06 18:01:11,767 :	 15/723,1e+20,1e+19,0.021299850000000002,4660151.220878967,77857.77165923336
2022-04-06 18:02:30,292 :	 16/723,8.53167852417278e+17,1.373823795883261e+19,10000000000.0,4646095.131108244,4278791.43132606
2022-04-06 18:03:48,741 :	 17/723,1.172102297533484e+18,1.373823795883261e+19,0.069816175,7356426.964604224,33434.99211056587
2022-04-06 18:05:06,079 :	 18/723,1.6102620275609426e+18,1.373823795883261e+19,0.05798292499999999,7291590.983485536,31486.213416959632
2022-04-06 18:06:25,414 :	 19/723,2.2122162910704502e+18,1.373823795883261e+19,0.052066299999999996,7179763.41072689,29875.254051857915
2022-04-06 18:07:43,741 :	 20/723,3.039195382313195e+18,1.373823795883261e+19,0.04496634999999999,7017672.449943549,27734.312022073515
2022-04-06 18:09:04,936 :	 21/723,4.1753189365603917e+18,1.373823795883261e+19,0.04141637499999999,6797593.478275845,27195.035099619254
2022-04-06 18:10:23,328 :	 22/723,5.736152510448705e+18,1.373823795883261e+19,0.039049724999999987,6512081.012737715,27071.512876267123
2022-04-06 18:11:42,277 :	 23/723,7.880462815669936e+18,1.373823795883261e+19,0.03668307499999999,6156706.919624586,27152.445761003753
2022-04-06 18:13:00,999 :	 24/723,1.0826367338740562e+19,1.373823795883261e+19,0.03549975,5729045.237794859,26489.730999563548
2022-04-06 18:14:19,215 :	 25/723,1.4873521072935119e+19,1.373823795883261e+19,0.03549975,5237950.43909816,27437.232764854733
2022-04-06 18:15:36,560 :	 26/723,2.0433597178569396e+19,1.373823795883261e+19,0.036683074999999996,4715918.729879269,27820.126786505123
2022-04-06 18:16:54,542 :	 27/723,2.80721620394117e+19,1.373823795883261e+19,0.036683074999999996,4371971.648116026,37597.87483114391
2022-04-06 18:18:10,564 :	 28/723,3.856620421163456e+19,1.373823795883261e+19,0.034316425,4405550.461146094,48095.3544690215
2022-04-06 18:19:29,773 :	 29/723,5.298316906283724e+19,1.373823795883261e+19,0.028399799999999996,4522874.582728817,56358.1111869605
2022-04-06 18:20:49,660 :	 30/723,7.278953843983161e+19,1.373823795883261e+19,0.023666499999999997,4608230.188119085,66518.69674504746
2022-04-06 18:22:08,116 :	 31/723,1e+20,1.373823795883261e+19,0.022483174999999998,4647287.553825375,77723.72084615135
2022-04-06 18:23:24,841 :	 32/723,8.53167852417278e+17,1.887391822135092e+19,10000000000.0,4380737.487762735,4506505.037971561
2022-04-06 18:24:43,724 :	 33/723,1.172102297533484e+18,1.887391822135092e+19,0.06981617500000001,7166636.583117707,33740.01246282599
2022-04-06 18:26:03,232 :	 34/723,1.6102620275609426e+18,1.887391822135092e+19,0.060349574999999996,7107505.84921,31543.19328275697
2022-04-06 18:27:22,102 :	 35/723,2.2122162910704502e+18,1.887391822135092e+19,0.053249625,7005438.599230037,29096.448385948708
2022-04-06 18:28:40,695 :	 36/723,3.039195382313195e+18,1.887391822135092e+19,0.04733299999999999,6854194.042557647,28079.465563934147
2022-04-06 18:29:57,918 :	 37/723,4.1753189365603917e+18,1.887391822135092e+19,0.0425997,6646044.821413617,27507.72996433441
2022-04-06 18:31:16,155 :	 38/723,5.736152510448705e+18,1.887391822135092e+19,0.04023305,6374118.139410293,27313.91999062956
2022-04-06 18:32:35,221 :	 39/723,7.880462815669936e+18,1.887391822135092e+19,0.0378664,6032552.02428733,26097.615835381577
2022-04-06 18:33:55,089 :	 40/723,1.0826367338740562e+19,1.887391822135092e+19,0.036683075,5620570.959106392,26685.547250814478
2022-04-06 18:35:13,369 :	 41/723,1.4873521072935119e+19,1.887391822135092e+19,0.036683074999999996,5144342.232134635,27234.18289854882
2022-04-06 18:36:31,250 :	 42/723,2.0433597178569396e+19,1.887391822135092e+19,0.036683074999999996,4641531.097006411,27972.024489438612
2022-04-06 18:37:50,332 :	 43/723,2.80721620394117e+19,1.887391822135092e+19,0.036683074999999996,4328188.633721861,38030.00558774926
2022-04-06 18:39:08,510 :	 44/723,3.856620421163456e+19,1.887391822135092e+19,0.034316425,4376815.843053081,48187.75807201172
2022-04-06 18:40:29,316 :	 45/723,5.298316906283724e+19,1.887391822135092e+19,0.028399799999999996,4498277.1486861,56221.448708539676
2022-04-06 18:41:51,035 :	 46/723,7.278953843983161e+19,1.887391822135092e+19,0.024849825,4587469.741402439,66589.67043407935
2022-04-06 18:43:12,519 :	 47/723,1e+20,1.887391822135092e+19,0.022483174999999998,4629716.7341292845,77613.42372486665
2022-04-06 18:44:31,031 :	 48/723,6.210169418915603e+17,2.5929437974046777e+19,10000000000.0,2194863.1518406095,7829821.1139242975
2022-04-06 18:45:50,292 :	 49/723,8.53167852417278e+17,2.5929437974046777e+19,10000000000.0,4216691.433251285,4474214.873164506
2022-04-06 18:47:10,557 :	 50/723,1.172102297533484e+18,2.5929437974046777e+19,0.07218282499999998,6918628.270492495,33109.00423623054
2022-04-06 18:48:28,658 :	 51/723,1.6102620275609426e+18,2.5929437974046777e+19,0.06153289999999999,6867494.580405139,31084.53899048147
2022-04-06 18:49:49,211 :	 52/723,2.2122162910704502e+18,2.5929437974046777e+19,0.05324962499999999,6774754.914576914,29579.90216779886
2022-04-06 18:51:09,022 :	 53/723,3.039195382313195e+18,2.5929437974046777e+19,0.048516325000000006,6635725.309607459,28526.3117971381
2022-04-06 18:52:28,287 :	 54/723,4.1753189365603917e+18,2.5929437974046777e+19,0.043783024999999996,6443314.453414789,27884.85382855095
2022-04-06 18:53:48,308 :	 55/723,5.736152510448705e+18,2.5929437974046777e+19,0.04141637499999999,6188453.748939041,27538.781068190434
2022-04-06 18:55:08,167 :	 56/723,7.880462815669936e+18,2.5929437974046777e+19,0.039049724999999987,5865989.877023537,26312.399990871705
2022-04-06 18:56:27,527 :	 57/723,1.0826367338740562e+19,2.5929437974046777e+19,0.03904972499999999,5475053.582086562,26923.102852201508
2022-04-06 18:57:47,159 :	 58/723,1.4873521072935119e+19,2.5929437974046777e+19,0.0378664,5018828.6846680865,26274.19693951102
2022-04-06 18:59:05,792 :	 59/723,2.0433597178569396e+19,2.5929437974046777e+19,0.0378664,4542228.715720631,28233.909111360765
2022-04-06 19:00:24,049 :	 60/723,2.80721620394117e+19,2.5929437974046777e+19,0.037866399999999995,4271008.198116223,38603.59340065993
2022-04-06 19:01:42,958 :	 61/723,3.856620421163456e+19,2.5929437974046777e+19,0.03313309999999999,4338396.528275653,48420.77076909274
2022-04-06 19:03:01,384 :	 62/723,5.298316906283724e+19,2.5929437974046777e+19,0.029583125,4465560.729383924,56222.58576187518
2022-04-06 19:04:22,741 :	 63/723,7.278953843983161e+19,2.5929437974046777e+19,0.024849825,4559582.425644223,66711.76789864303
2022-04-06 19:05:43,826 :	 64/723,1e+20,2.5929437974046777e+19,0.022483174999999998,4605763.546010378,77544.61400034327
2022-04-06 19:07:01,426 :	 65/723,4.5203536563602406e+17,3.5622478902624514e+19,10000000000.0,283671.2011551253,10868741.657085132
2022-04-06 19:08:18,035 :	 66/723,6.210169418915603e+17,3.5622478902624514e+19,10000000000.0,1562188.8429033475,8194661.054054449
2022-04-06 19:09:36,875 :	 67/723,8.53167852417278e+17,3.5622478902624514e+19,10000000000.0,4509744.572992073,3482771.900883295
2022-04-06 19:10:57,557 :	 68/723,1.172102297533484e+18,3.5622478902624514e+19,0.074549475,6596372.453423973,33799.41165646487
2022-04-06 19:12:17,011 :	 69/723,1.6102620275609426e+18,3.5622478902624514e+19,0.06389955,6554542.135798147,31763.04445739664
2022-04-06 19:13:35,222 :	 70/723,2.2122162910704502e+18,3.5622478902624514e+19,0.05679959999999999,6476449.753068416,30203.08157186267
2022-04-06 19:14:54,880 :	 71/723,3.039195382313195e+18,3.5622478902624514e+19,0.05088297499999999,6353248.431076049,29062.84106368376
2022-04-06 19:16:13,801 :	 72/723,4.1753189365603917e+18,3.5622478902624514e+19,0.046149675,6178733.808465753,28263.956057961816
2022-04-06 19:17:33,016 :	 73/723,5.736152510448705e+18,3.5622478902624514e+19,0.043783024999999996,5945435.693046127,26548.952785901634
2022-04-06 19:18:52,652 :	 74/723,7.880462815669936e+18,3.5622478902624514e+19,0.04141637499999999,5647029.566051774,26707.31697491053
2022-04-06 19:20:10,006 :	 75/723,1.0826367338740562e+19,3.5622478902624514e+19,0.03904972500000001,5280096.979085619,27145.72195840258
2022-04-06 19:21:29,411 :	 76/723,1.4873521072935119e+19,3.5622478902624514e+19,0.03904972499999999,4852425.088873818,26501.48163165423
2022-04-06 19:22:48,383 :	 77/723,2.0433597178569396e+19,3.5622478902624514e+19,0.039049724999999987,4412726.649783835,28688.27757017729
2022-04-06 19:24:07,228 :	 78/723,2.80721620394117e+19,3.5622478902624514e+19,0.039049725,4197667.996854915,39319.31423865486
2022-04-06 19:25:25,514 :	 79/723,3.856620421163456e+19,3.5622478902624514e+19,0.03431642499999999,4287729.074543267,48655.86310450742
2022-04-06 19:26:45,018 :	 80/723,5.298316906283724e+19,3.5622478902624514e+19,0.029583125,4421974.441790475,56414.848439732
2022-04-06 19:28:06,746 :	 81/723,7.278953843983161e+19,3.5622478902624514e+19,0.024849825,4522306.395944435,66872.5736675144
2022-04-06 19:29:27,514 :	 82/723,1e+20,3.5622478902624514e+19,0.022483174999999998,4574067.191104455,77526.64789834396
2022-04-06 19:30:45,033 :	 83/723,4.5203536563602406e+17,4.893900918477499e+19,10000000000.0,760228.8617968999,10252482.084127704
2022-04-06 19:32:04,034 :	 84/723,6.210169418915603e+17,4.893900918477499e+19,10000000000.0,1299397.9751305017,7725795.8491698345
2022-04-06 19:33:24,245 :	 85/723,8.53167852417278e+17,4.893900918477499e+19,0.09348267499999999,6189404.627432605,37313.67918198452
2022-04-06 19:34:44,147 :	 86/723,1.172102297533484e+18,4.893900918477499e+19,0.079282775,6187168.390964635,34634.37424552455
2022-04-06 19:36:03,269 :	 87/723,1.6102620275609426e+18,4.893900918477499e+19,0.06863285,6157747.432904588,32505.637337561573
2022-04-06 19:37:22,706 :	 88/723,2.2122162910704502e+18,4.893900918477499e+19,0.06034957499999998,6094184.3048733035,30795.122043804684
2022-04-06 19:38:39,796 :	 89/723,3.039195382313195e+18,4.893900918477499e+19,0.05443295,5988428.673422181,28583.395267462027
2022-04-06 19:40:00,681 :	 90/723,4.1753189365603917e+18,4.893900918477499e+19,0.04969965,5835816.421356261,27430.561919244887
2022-04-06 19:41:20,244 :	 91/723,5.736152510448705e+18,4.893900918477499e+19,0.046149675,5628315.791008334,27106.49898026536
2022-04-06 19:42:38,950 :	 92/723,7.880462815669936e+18,4.893900918477499e+19,0.043783024999999996,5358804.984811125,27128.332449061458
2022-04-06 19:43:57,729 :	 93/723,1.0826367338740562e+19,4.893900918477499e+19,0.0425997,5024708.644844089,25913.06869128647
2022-04-06 19:45:17,364 :	 94/723,1.4873521072935119e+19,4.893900918477499e+19,0.04141637499999999,4632765.059466324,26854.968838925804
2022-04-06 19:46:35,865 :	 95/723,2.0433597178569396e+19,4.893900918477499e+19,0.041416375000000005,4247678.425752222,29812.881501181244
2022-04-06 19:47:53,362 :	 96/723,2.80721620394117e+19,4.893900918477499e+19,0.040233049999999985,4106150.587352403,40075.73573695406
2022-04-06 19:49:10,405 :	 97/723,3.856620421163456e+19,4.893900918477499e+19,0.03549975,4222047.236771213,48562.0501465125
2022-04-06 19:50:29,475 :	 98/723,5.298316906283724e+19,4.893900918477499e+19,0.03076645,4364825.526953032,56805.758593610335
2022-04-06 19:51:51,956 :	 99/723,7.278953843983161e+19,4.893900918477499e+19,0.026033149999999998,4472882.362039902,66984.25250239322
2022-04-06 19:53:13,350 :	 100/723,1e+20,4.893900918477499e+19,0.02129985,4531362.8032794045,77530.55435818683
2022-04-06 19:54:30,455 :	 101/723,3.290344562312671e+17,6.723357536499335e+19,10000000000.0,69430.09775645369,11074895.46230448
2022-04-06 19:55:48,759 :	 102/723,4.5203536563602406e+17,6.723357536499335e+19,10000000000.0,265761.8524612398,9638090.571222156
2022-04-06 19:57:06,617 :	 103/723,6.210169418915603e+17,6.723357536499335e+19,10000000000.0,956176.4868571629,7751548.425713588
2022-04-06 19:58:26,047 :	 104/723,8.53167852417278e+17,6.723357536499335e+19,0.10058262500000001,5671653.91655963,37615.644260765315
2022-04-06 19:59:45,675 :	 105/723,1.172102297533484e+18,6.723357536499335e+19,0.08519939999999997,5679184.046427275,34121.57808040896
2022-04-06 20:01:05,271 :	 106/723,1.6102620275609426e+18,6.723357536499335e+19,0.0757328,5661949.394644599,31940.52577765622
2022-04-06 20:02:24,601 :	 107/723,2.2122162910704502e+18,6.723357536499335e+19,0.0662662,5614386.822775073,30261.460060935635
2022-04-06 20:03:43,465 :	 108/723,3.039195382313195e+18,6.723357536499335e+19,0.060349574999999996,5529669.469297374,29016.92552773
2022-04-06 20:05:02,191 :	 109/723,4.1753189365603917e+18,6.723357536499335e+19,0.05561627499999999,5402373.363885492,28171.3427378302
2022-04-06 20:06:21,757 :	 110/723,5.736152510448705e+18,6.723357536499335e+19,0.050882975,5224937.125698536,27652.189136912653
2022-04-06 20:07:40,221 :	 111/723,7.880462815669936e+18,6.723357536499335e+19,0.048516325,4989753.3371910285,25987.376612026073
2022-04-06 20:08:57,981 :	 112/723,1.0826367338740562e+19,6.723357536499335e+19,0.046149675,4694335.1969241835,26384.286619188348
2022-04-06 20:10:16,764 :	 113/723,1.4873521072935119e+19,6.723357536499335e+19,0.043783024999999996,4351403.253263752,27246.498790454752
2022-04-06 20:11:37,138 :	 114/723,2.0433597178569396e+19,6.723357536499335e+19,0.043783024999999996,4045790.878837504,31695.81990042723
2022-04-06 20:12:55,087 :	 115/723,2.80721620394117e+19,6.723357536499335e+19,0.04023305,3994907.3712605974,41002.79286953691
2022-04-06 20:14:12,351 :	 116/723,3.856620421163456e+19,6.723357536499335e+19,0.03549975,4138498.7466658335,48937.64000525858
2022-04-06 20:15:29,774 :	 117/723,5.298316906283724e+19,6.723357536499335e+19,0.03076645,4291113.121377974,57356.50777644273
2022-04-06 20:16:51,380 :	 118/723,7.278953843983161e+19,6.723357536499335e+19,0.026033149999999998,4407943.399567193,66521.90412366351
2022-04-06 20:18:13,086 :	 119/723,1e+20,6.723357536499335e+19,0.022483175,4475469.13009763,77297.16420018855
2022-04-06 20:19:28,635 :	 120/723,2.395026619987491e+17,9.236708571873847e+19,10000000000.0,5508.954570238278,10866076.576079067
2022-04-06 20:20:46,514 :	 121/723,3.290344562312671e+17,9.236708571873847e+19,10000000000.0,29119.384185386876,11004614.407712718
2022-04-06 20:22:04,422 :	 122/723,4.5203536563602406e+17,9.236708571873847e+19,10000000000.0,97174.55712960695,8809789.577589668
2022-04-06 20:23:22,255 :	 123/723,6.210169418915603e+17,9.236708571873847e+19,10000000000.0,803730.5867217273,5277759.075518108
2022-04-06 20:24:40,736 :	 124/723,8.53167852417278e+17,9.236708571873847e+19,0.11241587499999997,5046011.53253183,38168.34708856074
2022-04-06 20:26:01,418 :	 125/723,1.172102297533484e+18,9.236708571873847e+19,0.09466599999999999,5062696.619237528,35164.92784053081
2022-04-06 20:27:21,045 :	 126/723,1.6102620275609426e+18,9.236708571873847e+19,0.08401607499999998,5057819.852058126,32885.867026915
2022-04-06 20:28:38,825 :	 127/723,2.2122162910704502e+18,9.236708571873847e+19,0.07454947499999999,5027575.743630049,31036.005168221443
2022-04-06 20:29:56,906 :	 128/723,3.039195382313195e+18,9.236708571873847e+19,0.067449525,4966074.5270971805,28865.440742264793
2022-04-06 20:31:16,030 :	 129/723,4.1753189365603917e+18,9.236708571873847e+19,0.060349575,4865936.540613221,27253.34246976966
2022-04-06 20:32:34,051 :	 130/723,5.736152510448705e+18,9.236708571873847e+19,0.05561627499999999,4721916.502945046,26753.963758979364
2022-04-06 20:33:52,573 :	 131/723,7.880462815669936e+18,9.236708571873847e+19,0.052066299999999996,4526877.028465277,26627.732357382512
2022-04-06 20:35:12,255 :	 132/723,1.0826367338740562e+19,9.236708571873847e+19,0.04969965,4280091.598553441,26785.570992769062
2022-04-06 20:36:30,257 :	 133/723,1.4873521072935119e+19,9.236708571873847e+19,0.04851632499999999,4005400.3100010753,27347.950006881078
2022-04-06 20:37:48,663 :	 134/723,2.0433597178569396e+19,9.236708571873847e+19,0.04496634999999999,3818316.220903275,34153.11597846423
2022-04-06 20:39:04,307 :	 135/723,2.80721620394117e+19,9.236708571873847e+19,0.04259969999999999,3865935.895134905,42104.95360672523
2022-04-06 20:40:20,827 :	 136/723,3.856620421163456e+19,9.236708571873847e+19,0.036683074999999996,4034782.84163164,49679.93487646049
2022-04-06 20:41:39,266 :	 137/723,5.298316906283724e+19,9.236708571873847e+19,0.030766449999999994,4197516.699497612,57676.134899254765
2022-04-06 20:43:01,579 :	 138/723,7.278953843983161e+19,9.236708571873847e+19,0.027216475,4323936.949235092,65430.753507471774
2022-04-06 20:44:23,089 :	 139/723,1e+20,9.236708571873847e+19,0.022483175,4402592.644248644,76267.96735209711
2022-04-06 20:45:39,336 :	 140/723,2.395026619987491e+17,1.2689610031679182e+20,10000000000.0,3007.2825607906148,11083963.6631978
2022-04-06 20:46:56,377 :	 141/723,3.290344562312671e+17,1.2689610031679182e+20,10000000000.0,6482.275050247463,9767826.788009264
2022-04-06 20:48:14,655 :	 142/723,4.5203536563602406e+17,1.2689610031679182e+20,10000000000.0,28925.08869575641,8529596.806894507
2022-04-06 20:49:31,246 :	 143/723,6.210169418915603e+17,1.2689610031679182e+20,10000000000.0,1114421.8510078613,4073768.618608629
2022-04-06 20:50:50,008 :	 144/723,8.53167852417278e+17,1.2689610031679182e+20,0.12543245,4309719.894271498,40084.61128369349
2022-04-06 20:52:08,466 :	 145/723,1.172102297533484e+18,1.2689610031679182e+20,0.10768257499999999,4335565.160892778,34610.26968012155
2022-04-06 20:53:27,410 :	 146/723,1.6102620275609426e+18,1.2689610031679182e+20,0.09466599999999999,4342677.443777532,32271.096936727627
2022-04-06 20:54:44,611 :	 147/723,2.2122162910704502e+18,1.2689610031679182e+20,0.08401607499999998,4330068.211656802,30461.786547946074
2022-04-06 20:56:02,835 :	 148/723,3.039195382313195e+18,1.2689610031679182e+20,0.07573279999999999,4292350.350136751,29067.55424965887
2022-04-06 20:57:20,610 :	 149/723,4.1753189365603917e+18,1.2689610031679182e+20,0.06863285,4222093.156608557,28012.094683699343
2022-04-06 20:58:39,349 :	 150/723,5.736152510448705e+18,1.2689610031679182e+20,0.062716225,4114408.0217578732,26865.533927810207
2022-04-06 20:59:56,977 :	 151/723,7.880462815669936e+18,1.2689610031679182e+20,0.05798292499999999,3966857.99419339,25468.42714291468
2022-04-06 21:01:14,287 :	 152/723,1.0826367338740562e+19,1.2689610031679182e+20,0.05443294999999999,3786270.1228337586,25876.657812041263
2022-04-06 21:02:30,868 :	 153/723,1.4873521072935119e+19,1.2689610031679182e+20,0.050882975,3621096.692669646,29687.747348152112
2022-04-06 21:03:46,983 :	 154/723,2.0433597178569396e+19,1.2689610031679182e+20,0.04851632499999999,3589363.4906031787,37116.85194637609
2022-04-06 21:05:03,337 :	 155/723,2.80721620394117e+19,1.2689610031679182e+20,0.043783024999999996,3722702.422298314,43595.04305991305
2022-04-06 21:06:20,515 :	 156/723,3.856620421163456e+19,1.2689610031679182e+20,0.037866399999999995,3909116.200167669,50112.20247036783
2022-04-06 21:07:37,991 :	 157/723,5.298316906283724e+19,1.2689610031679182e+20,0.031949775,4080380.9617241197,56678.0280029971
2022-04-06 21:08:58,791 :	 158/723,7.278953843983161e+19,1.2689610031679182e+20,0.028399799999999996,4217171.66111922,65689.62127206667
2022-04-06 21:10:19,049 :	 159/723,1e+20,1.2689610031679182e+20,0.023666499999999997,4309209.225819759,74681.61460038045
2022-04-06 21:11:33,427 :	 160/723,1.7433288221999946e+17,1.7433288221999943e+20,10000000000.0,174.23231139911968,10945076.553422239
2022-04-06 21:12:49,995 :	 161/723,2.395026619987491e+17,1.7433288221999943e+20,10000000000.0,404.0541482744763,10751369.004290873
2022-04-06 21:14:05,503 :	 162/723,3.290344562312671e+17,1.7433288221999943e+20,10000000000.0,1388.2239084987814,8796784.08746279
2022-04-06 21:15:23,622 :	 163/723,4.5203536563602406e+17,1.7433288221999943e+20,10000000000.0,17227.171582422976,5763990.160965178
2022-04-06 21:16:43,283 :	 164/723,6.210169418915603e+17,1.7433288221999943e+20,0.16448217499999998,3250908.3403271893,560023.1938057259
2022-04-06 21:18:01,440 :	 165/723,8.53167852417278e+17,1.7433288221999943e+20,0.14081567499999997,3466804.272306994,72233.25921841412
2022-04-06 21:19:20,256 :	 166/723,1.172102297533484e+18,1.7433288221999943e+20,0.12306579999999998,3504589.683995984,33932.55641385668
2022-04-06 21:20:38,179 :	 167/723,1.6102620275609426e+18,1.7433288221999943e+20,0.10886590000000002,3525167.5006725993,31222.879122491515
2022-04-06 21:21:57,389 :	 168/723,2.2122162910704502e+18,1.7433288221999943e+20,0.09703265000000001,3529812.6602204344,29391.929561798435
2022-04-06 21:23:15,443 :	 169/723,3.039195382313195e+18,1.7433288221999943e+20,0.086382725,3516667.177839061,28019.30167327773
2022-04-06 21:24:32,441 :	 170/723,4.1753189365603917e+18,1.7433288221999943e+20,0.07809944999999999,3482429.4405438122,27050.869362009584
2022-04-06 21:25:49,636 :	 171/723,5.736152510448705e+18,1.7433288221999943e+20,0.0709995,3421794.582282952,26493.99476234852
2022-04-06 21:27:04,377 :	 172/723,7.880462815669936e+18,1.7433288221999943e+20,0.065082875,3343210.9395476505,26550.85684580401
2022-04-06 21:28:19,901 :	 173/723,1.0826367338740562e+19,1.7433288221999943e+20,0.060349575,3274190.6054281783,29726.088123889742
2022-04-06 21:29:36,650 :	 174/723,1.4873521072935119e+19,1.7433288221999943e+20,0.05561627499999999,3274477.007584805,33875.77680914507
2022-04-06 21:30:51,890 :	 175/723,2.0433597178569396e+19,1.7433288221999943e+20,0.050882975,3384510.684173677,40474.29587554152
2022-04-06 21:32:07,918 :	 176/723,2.80721620394117e+19,1.7433288221999943e+20,0.044966349999999995,3566345.003734803,45534.95854925048
2022-04-06 21:33:24,614 :	 177/723,3.856620421163456e+19,1.7433288221999943e+20,0.0378664,3759659.713038325,50150.538913473385
2022-04-06 21:34:41,267 :	 178/723,5.298316906283724e+19,1.7433288221999943e+20,0.03313309999999999,3936998.208291875,57463.11658954316
2022-04-06 21:36:01,268 :	 179/723,7.278953843983161e+19,1.7433288221999943e+20,0.028399799999999996,4084776.40097295,66217.23539587611
2022-04-06 21:37:21,962 :	 180/723,1e+20,1.7433288221999943e+20,0.024849825,4191904.6947775497,74527.47475458485
2022-04-06 21:38:37,177 :	 181/723,1.2689610031679182e+17,2.395026619987491e+20,10000000000.0,4.682501652790067,9831712.331904156
2022-04-06 21:39:49,679 :	 182/723,1.7433288221999946e+17,2.395026619987491e+20,10000000000.0,13.378658289410897,10877118.665127758
2022-04-06 21:41:05,225 :	 183/723,2.395026619987491e+17,2.395026619987491e+20,10000000000.0,41.93771670180801,8403111.822887605
2022-04-06 21:42:27,113 :	 184/723,3.290344562312671e+17,2.395026619987491e+20,10000000000.0,222.77080710848816,5994351.944084963
2022-04-06 21:43:50,505 :	 185/723,4.5203536563602406e+17,2.395026619987491e+20,10000000000.0,567009.1961930492,3493612.4984457847
2022-04-06 21:45:14,064 :	 186/723,6.210169418915603e+17,2.395026619987491e+20,0.18223204999999998,1993254.6378397625,1323793.613527314
2022-04-06 21:46:33,191 :	 187/723,8.53167852417278e+17,2.395026619987491e+20,0.15856555,2493156.8749873037,291151.4045776765
2022-04-06 21:47:53,243 :	 188/723,1.172102297533484e+18,2.395026619987491e+20,0.13963235,2602815.822289597,45196.82689648838
2022-04-06 21:49:13,181 :	 189/723,1.6102620275609426e+18,2.395026619987491e+20,0.12424912499999996,2638680.286757973,29965.78430223255
2022-04-06 21:50:32,068 :	 190/723,2.2122162910704502e+18,2.395026619987491e+20,0.11004922499999999,2671094.2935164482,28105.782483700845
2022-04-06 21:51:50,541 :	 191/723,3.039195382313195e+18,2.395026619987491e+20,0.09821597499999997,2700645.7333510118,27104.241229550116
2022-04-06 21:53:09,444 :	 192/723,4.1753189365603917e+18,2.395026619987491e+20,0.08756604999999999,2728204.1961917644,28562.667769018484
2022-04-06 21:54:26,522 :	 193/723,5.736152510448705e+18,2.395026619987491e+20,0.07928277499999999,2760037.177560093,29202.04122853055
2022-04-06 21:55:43,954 :	 194/723,7.880462815669936e+18,2.395026619987491e+20,0.07218282499999999,2809165.7514473656,32631.06314001865
2022-04-06 21:57:01,098 :	 195/723,1.0826367338740562e+19,2.395026619987491e+20,0.0662662,2894748.4469274194,34922.90964566687
2022-04-06 21:58:16,509 :	 196/723,1.4873521072935119e+19,2.395026619987491e+20,0.05916625,3028416.856155121,37822.23577567978
2022-04-06 21:59:32,763 :	 197/723,2.0433597178569396e+19,2.395026619987491e+20,0.05324962499999999,3201323.148297447,41213.36094899526
2022-04-06 22:00:48,904 :	 198/723,2.80721620394117e+19,2.395026619987491e+20,0.046149674999999994,3392140.223207322,45428.41392298699
2022-04-06 22:02:06,135 :	 199/723,3.856620421163456e+19,2.395026619987491e+20,0.039049724999999987,3584357.1584803388,50941.65325518705
2022-04-06 22:03:23,280 :	 200/723,5.298316906283724e+19,2.395026619987491e+20,0.03431642499999999,3766052.242070954,57647.555440555516
2022-04-06 22:04:42,524 :	 201/723,7.278953843983161e+19,2.395026619987491e+20,0.029583125,3924980.198010591,63972.00425136639
2022-04-06 22:06:03,706 :	 202/723,1e+20,2.395026619987491e+20,0.026033149999999998,4048774.3658695975,71909.74183693441
2022-04-06 22:07:17,631 :	 203/723,1.2689610031679182e+17,3.290344562312671e+20,10000000000.0,0.884894778701873,10834668.011492359
2022-04-06 22:08:32,953 :	 204/723,1.7433288221999946e+17,3.290344562312671e+20,10000000000.0,2.220257983761204,9350066.276012495
2022-04-06 22:09:47,832 :	 205/723,2.395026619987491e+17,3.290344562312671e+20,10000000000.0,6.764399539544178,8040247.82732609
2022-04-06 22:11:04,007 :	 206/723,3.290344562312671e+17,3.290344562312671e+20,10000000000.0,1425.3498243754636,4743675.171015079
2022-04-06 22:12:21,695 :	 207/723,4.5203536563602406e+17,3.290344562312671e+20,10000000000.0,67900.04333272198,3467335.8414508402
2022-04-06 22:13:38,146 :	 208/723,6.210169418915603e+17,3.290344562312671e+20,0.19643195,610961.2441396253,2241305.274134907
2022-04-06 22:14:54,857 :	 209/723,8.53167852417278e+17,3.290344562312671e+20,0.173948775,1585876.1786378957,675400.7419564454
2022-04-06 22:16:12,312 :	 210/723,1.172102297533484e+18,3.290344562312671e+20,0.15383225,1862952.5140020505,105232.16028737008
2022-04-06 22:17:30,963 :	 211/723,1.6102620275609426e+18,3.290344562312671e+20,0.136082375,1930527.2205454467,38229.5241768752
2022-04-06 22:18:49,350 :	 212/723,2.2122162910704502e+18,3.290344562312671e+20,0.12188247499999999,2006484.4851228674,34920.53398815783
2022-04-06 22:20:06,412 :	 213/723,3.039195382313195e+18,3.290344562312671e+20,0.10768257499999999,2115100.620628769,34472.65009454314
2022-04-06 22:21:24,315 :	 214/723,4.1753189365603917e+18,3.290344562312671e+20,0.09584932499999997,2243882.177459375,36776.14745402534
2022-04-06 22:22:41,256 :	 215/723,5.736152510448705e+18,3.290344562312671e+20,0.08519939999999998,2380930.4059788412,37717.00809790501
2022-04-06 22:23:58,615 :	 216/723,7.880462815669936e+18,3.290344562312671e+20,0.07573279999999999,2524009.4578373386,38689.858336095356
2022-04-06 22:25:15,650 :	 217/723,1.0826367338740562e+19,3.290344562312671e+20,0.06744952499999998,2675954.2808348415,40050.65211473456
2022-04-06 22:26:33,264 :	 218/723,1.4873521072935119e+19,3.290344562312671e+20,0.060349574999999996,2839164.8158575827,41992.3055443857
2022-04-06 22:27:51,008 :	 219/723,2.0433597178569396e+19,3.290344562312671e+20,0.05324962499999999,3013736.4014208973,44699.71688101167
2022-04-06 22:29:10,667 :	 220/723,2.80721620394117e+19,3.290344562312671e+20,0.046149675,3197431.958930343,48185.99738426733
2022-04-06 22:30:27,204 :	 221/723,3.856620421163456e+19,3.290344562312671e+20,0.04023305,3385532.7989278794,51257.25475671663
2022-04-06 22:31:43,353 :	 222/723,5.298316906283724e+19,3.290344562312671e+20,0.03549975,3569473.3393824385,57461.2159137649
2022-04-06 22:33:00,759 :	 223/723,7.278953843983161e+19,3.290344562312671e+20,0.030766449999999994,3738195.2691559196,64343.178201077266
2022-04-06 22:34:21,513 :	 224/723,1e+20,3.290344562312671e+20,0.027216475,3878321.3595110946,70829.01252715976
2022-04-06 22:35:37,960 :	 225/723,9.236708571873846e+16,4.5203536563602404e+20,10000000000.0,0.8291562770434875,10729613.657997685
2022-04-06 22:36:53,658 :	 226/723,1.2689610031679182e+17,4.5203536563602404e+20,10000000000.0,1.9365319641562688,9295831.50040281
2022-04-06 22:38:09,722 :	 227/723,1.7433288221999946e+17,4.5203536563602404e+20,10000000000.0,4.615608522421224,8190367.307706178
2022-04-06 22:39:27,556 :	 228/723,2.395026619987491e+17,4.5203536563602404e+20,10000000000.0,242.13140997330038,5055948.820765044
2022-04-06 22:40:45,735 :	 229/723,3.290344562312671e+17,4.5203536563602404e+20,10000000000.0,14683.124463024576,3685295.4704406853
2022-04-06 22:42:06,464 :	 230/723,4.5203536563602406e+17,4.5203536563602404e+20,0.20826519999999998,111395.42970116365,2902678.273383526
2022-04-06 22:43:24,493 :	 231/723,6.210169418915603e+17,4.5203536563602404e+20,0.1845987,737429.7866777194,1658540.8894060808
2022-04-06 22:44:41,737 :	 232/723,8.53167852417278e+17,4.5203536563602404e+20,0.16448217499999998,1585360.8942106746,328303.18579471135
2022-04-06 22:45:59,877 :	 233/723,1.172102297533484e+18,4.5203536563602404e+20,0.147915625,1740873.1627238423,57293.15600498818
2022-04-06 22:47:16,734 :	 234/723,1.6102620275609426e+18,4.5203536563602404e+20,0.13134907499999998,1807791.2409003591,45193.78972186017
2022-04-06 22:48:34,792 :	 235/723,2.2122162910704502e+18,4.5203536563602404e+20,0.1183325,1875827.7755303634,42719.374183640735
2022-04-06 22:49:51,078 :	 236/723,3.039195382313195e+18,4.5203536563602404e+20,0.10531592499999999,1957963.5252019984,41248.04419335827
2022-04-06 22:51:07,507 :	 237/723,4.1753189365603917e+18,4.5203536563602404e+20,0.094666,2071353.0957609315,40567.24779539766
2022-04-06 22:52:23,721 :	 238/723,5.736152510448705e+18,4.5203536563602404e+20,0.0851994,2204810.5752920015,40464.10776525367
2022-04-06 22:53:40,790 :	 239/723,7.880462815669936e+18,4.5203536563602404e+20,0.0757328,2346983.438563465,40838.53708190534
2022-04-06 22:54:57,239 :	 240/723,1.0826367338740562e+19,4.5203536563602404e+20,0.06744952499999998,2494952.3050183384,41722.438326892625
2022-04-06 22:56:13,675 :	 241/723,1.4873521072935119e+19,4.5203536563602404e+20,0.060349574999999996,2650067.640078341,43213.86676885153
2022-04-06 22:57:29,695 :	 242/723,2.0433597178569396e+19,4.5203536563602404e+20,0.05324962499999999,2814286.359548784,45453.82383442682
2022-04-06 22:58:43,509 :	 243/723,2.80721620394117e+19,4.5203536563602404e+20,0.046149675,2988187.747854337,48594.28509162462
2022-04-06 23:00:00,004 :	 244/723,3.856620421163456e+19,4.5203536563602404e+20,0.041416375000000005,3169723.3683193624,52639.9048438708
2022-04-06 23:01:16,591 :	 245/723,5.298316906283724e+19,4.5203536563602404e+20,0.036683074999999996,3352606.599172469,55686.28364190538
2022-04-06 23:02:32,586 :	 246/723,7.278953843983161e+19,4.5203536563602404e+20,0.031949775,3527830.7382927802,62088.14034628558
2022-04-06 23:03:53,190 :	 247/723,1e+20,4.5203536563602404e+20,0.027216474999999993,3683081.312343763,66763.22569929971
2022-04-06 23:05:09,778 :	 248/723,6.723357536499335e+16,6.210169418915604e+20,10000000000.0,0.7878772519125088,10551305.16296089
2022-04-06 23:06:26,013 :	 249/723,9.236708571873846e+16,6.210169418915604e+20,10000000000.0,2.0925584075793786,9048219.561087137
2022-04-06 23:07:44,227 :	 250/723,1.2689610031679182e+17,6.210169418915604e+20,10000000000.0,5.205581489349952,8092361.73856157
2022-04-06 23:09:02,851 :	 251/723,1.7433288221999946e+17,6.210169418915604e+20,10000000000.0,149.65397816822068,5129635.861428029
2022-04-06 23:10:21,371 :	 252/723,2.395026619987491e+17,6.210169418915604e+20,10000000000.0,8259.942169662985,3799536.0905457768
2022-04-06 23:11:40,013 :	 253/723,3.290344562312671e+17,6.210169418915604e+20,10000000000.0,60171.06822722211,3058296.9041754906
2022-04-06 23:12:58,940 :	 254/723,4.5203536563602406e+17,6.210169418915604e+20,0.18933199999999997,413281.5477399725,2082346.963958484
2022-04-06 23:14:18,386 :	 255/723,6.210169418915603e+17,6.210169418915604e+20,0.16921547499999998,1377365.0195775107,583602.6466402996
2022-04-06 23:15:37,803 :	 256/723,8.53167852417278e+17,6.210169418915604e+20,0.1514656,1659082.7945564336,85680.34275129723
2022-04-06 23:16:55,889 :	 257/723,1.172102297533484e+18,6.210169418915604e+20,0.13608237499999998,1731468.130907458,57344.97738478909
2022-04-06 23:18:13,997 :	 258/723,1.6102620275609426e+18,6.210169418915604e+20,0.12188247499999999,1800274.3112556012,53539.74210956647
2022-04-06 23:19:31,065 :	 259/723,2.2122162910704502e+18,6.210169418915604e+20,0.10886589999999997,1867258.4530578966,50815.01205281812
2022-04-06 23:20:48,931 :	 260/723,3.039195382313195e+18,6.210169418915604e+20,0.098215975,1934550.4322402442,48567.33821937888
2022-04-06 23:22:06,272 :	 261/723,4.1753189365603917e+18,6.210169418915604e+20,0.08874937499999998,2006236.1091247352,46199.10188852019
2022-04-06 23:23:22,174 :	 262/723,5.736152510448705e+18,6.210169418915604e+20,0.08046609999999998,2093870.0484408434,44011.832566561316
2022-04-06 23:24:37,884 :	 263/723,7.880462815669936e+18,6.210169418915604e+20,0.07336615,2202097.1561099347,43517.64542884036
2022-04-06 23:25:52,670 :	 264/723,1.0826367338740562e+19,6.210169418915604e+20,0.0662662,2327202.508386086,43751.86956979516
2022-04-06 23:27:08,692 :	 265/723,1.4873521072935119e+19,6.210169418915604e+20,0.05916625,2465335.8473004936,44603.465557409945
2022-04-06 23:28:23,790 :	 266/723,2.0433597178569396e+19,6.210169418915604e+20,0.05324962499999999,2615214.4632662395,46183.34819483485
2022-04-06 23:29:39,607 :	 267/723,2.80721620394117e+19,6.210169418915604e+20,0.04733299999999999,2776699.2556181215,48623.940290107275
2022-04-06 23:30:54,838 :	 268/723,3.856620421163456e+19,6.210169418915604e+20,0.04259969999999999,2948191.5814864296,51938.77888837059
2022-04-06 23:32:09,789 :	 269/723,5.298316906283724e+19,6.210169418915604e+20,0.036683074999999996,3125857.1142658372,53650.158115770326
2022-04-06 23:33:26,453 :	 270/723,7.278953843983161e+19,6.210169418915604e+20,0.03313309999999999,3303039.7545303195,58600.03813349787
2022-04-06 23:34:46,058 :	 271/723,1e+20,6.210169418915604e+20,0.028399799999999996,3470546.6388358306,60212.06743162906
2022-04-06 23:36:03,872 :	 272/723,6.723357536499335e+16,8.531678524172779e+20,10000000000.0,3.308780350847131,8274723.487173756
2022-04-06 23:37:21,293 :	 273/723,9.236708571873846e+16,8.531678524172779e+20,10000000000.0,6.569674373529348,7787009.433385661
2022-04-06 23:38:39,279 :	 274/723,1.2689610031679182e+17,8.531678524172779e+20,10000000000.0,129.87138017205802,5048177.430538235
2022-04-06 23:39:57,844 :	 275/723,1.7433288221999946e+17,8.531678524172779e+20,10000000000.0,4629.234726169094,3860417.2769619185
2022-04-06 23:41:16,805 :	 276/723,2.395026619987491e+17,8.531678524172779e+20,10000000000.0,32424.90352054462,3143129.997252051
2022-04-06 23:42:36,220 :	 277/723,3.290344562312671e+17,8.531678524172779e+20,0.19169864999999997,221946.473048307,2328662.2499182117
2022-04-06 23:43:54,850 :	 278/723,4.5203536563602406e+17,8.531678524172779e+20,0.17158212499999997,1049556.5414331746,941710.4985641282
2022-04-06 23:45:13,572 :	 279/723,6.210169418915603e+17,8.531678524172779e+20,0.15383225,1537493.2809572113,139899.35188108418
2022-04-06 23:46:32,089 :	 280/723,8.53167852417278e+17,8.531678524172779e+20,0.1372657,1631089.5847540358,69220.7128423082
2022-04-06 23:47:49,487 :	 281/723,1.172102297533484e+18,8.531678524172779e+20,0.12424912500000002,1708291.78831187,63228.29762733548
2022-04-06 23:49:06,338 :	 282/723,1.6102620275609426e+18,8.531678524172779e+20,0.11241587499999997,1779999.5099642437,59515.2461787707
2022-04-06 23:50:23,400 :	 283/723,2.2122162910704502e+18,8.531678524172779e+20,0.10176595,1847348.3229234938,56651.714357947414
2022-04-06 23:51:40,504 :	 284/723,3.039195382313195e+18,8.531678524172779e+20,0.09229934999999999,1912886.2153083098,54404.341597471815
2022-04-06 23:52:57,120 :	 285/723,4.1753189365603917e+18,8.531678524172779e+20,0.08401607499999998,1979035.897226708,52672.41824979863
2022-04-06 23:54:13,406 :	 286/723,5.736152510448705e+18,8.531678524172779e+20,0.07691612499999999,2048612.1240837832,51398.32059292815
2022-04-06 23:55:28,713 :	 287/723,7.880462815669936e+18,8.531678524172779e+20,0.06981617500000001,2125293.714271796,50532.186086053516
2022-04-06 23:56:43,476 :	 288/723,1.0826367338740562e+19,8.531678524172779e+20,0.06389955,2214587.90179169,49829.00943214353
2022-04-06 23:57:58,007 :	 289/723,1.4873521072935119e+19,8.531678524172779e+20,0.057982925,2321100.2386766216,46445.33638623562
2022-04-06 23:59:12,323 :	 290/723,2.0433597178569396e+19,8.531678524172779e+20,0.052066299999999996,2445171.8524384857,46886.22018245091
2022-04-07 00:00:27,570 :	 291/723,2.80721620394117e+19,8.531678524172779e+20,0.04733299999999999,2585554.147725511,48489.69089730778
2022-04-07 00:01:42,899 :	 292/723,3.856620421163456e+19,8.531678524172779e+20,0.04259969999999999,2740867.788965751,50385.61160415004
2022-04-07 00:02:56,450 :	 293/723,5.298316906283724e+19,8.531678524172779e+20,0.0378664,2907601.8059414574,51122.31631369059
2022-04-07 00:04:11,217 :	 294/723,7.278953843983161e+19,8.531678524172779e+20,0.03431642499999999,3081549.801472216,52133.37253415523
2022-04-07 00:05:29,605 :	 295/723,1e+20,8.531678524172779e+20,0.030766449999999994,3255497.008093189,51474.354611871706
2022-04-07 00:06:46,900 :	 296/723,4.893900918477499e+16,1.1721022975334841e+21,10000000000.0,3.3370624614584803,8046964.377811144
2022-04-07 00:08:05,104 :	 297/723,6.723357536499335e+16,1.1721022975334841e+21,10000000000.0,14.129496298717235,6465542.735876206
2022-04-07 00:09:23,045 :	 298/723,9.236708571873846e+16,1.1721022975334841e+21,10000000000.0,122.49109239921148,4851206.670255943
2022-04-07 00:10:42,289 :	 299/723,1.2689610031679182e+17,1.1721022975334841e+21,10000000000.0,2450.115712538734,3867344.28874602
2022-04-07 00:12:00,597 :	 300/723,1.7433288221999946e+17,1.1721022975334841e+21,10000000000.0,16390.40111214846,3168085.907694964
2022-04-07 00:13:19,110 :	 301/723,2.395026619987491e+17,1.1721022975334841e+21,0.192881975,109720.03193513541,2449982.1159746596
2022-04-07 00:14:37,983 :	 302/723,3.290344562312671e+17,1.1721022975334841e+21,0.17276544999999996,636982.0315920161,1353423.5864861398
2022-04-07 00:15:56,197 :	 303/723,4.5203536563602406e+17,1.1721022975334841e+21,0.15619889999999997,1343070.5081407614,248579.47502221598
2022-04-07 00:17:14,530 :	 304/723,6.210169418915603e+17,1.1721022975334841e+21,0.13963234999999996,1489786.0497070227,86684.84985369454
2022-04-07 00:18:31,115 :	 305/723,8.53167852417278e+17,1.1721022975334841e+21,0.12661577499999999,1581701.910344556,73483.25406682686
2022-04-07 00:19:48,253 :	 306/723,1.172102297533484e+18,1.1721022975334841e+21,0.114782525,1664838.2043877915,68112.82377966004
2022-04-07 00:21:06,043 :	 307/723,1.6102620275609426e+18,1.1721022975334841e+21,0.1041326,1740059.347840148,64235.13272776687
2022-04-07 00:22:22,646 :	 308/723,2.2122162910704502e+18,1.1721022975334841e+21,0.094666,1809437.3841672612,61147.71340934644
2022-04-07 00:23:39,588 :	 309/723,3.039195382313195e+18,1.1721022975334841e+21,0.08638272499999998,1875473.3819137607,58657.034483465235
2022-04-07 00:24:55,093 :	 310/723,4.1753189365603917e+18,1.1721022975334841e+21,0.07809944999999999,1940393.8026726895,56663.63003020905
2022-04-07 00:26:11,284 :	 311/723,5.736152510448705e+18,1.1721022975334841e+21,0.07218282499999999,2006487.1186547922,55097.08644182161
2022-04-07 00:27:28,213 :	 312/723,7.880462815669936e+18,1.1721022975334841e+21,0.067449525,2075969.46732871,53875.900741616686
2022-04-07 00:28:43,125 :	 313/723,1.0826367338740562e+19,1.1721022975334841e+21,0.060349574999999996,2151686.2477975884,52585.63546255431
2022-04-07 00:29:59,015 :	 314/723,1.4873521072935119e+19,1.1721022975334841e+21,0.05679959999999999,2236284.8412221973,47361.05748642248
2022-04-07 00:31:13,865 :	 315/723,2.0433597178569396e+19,1.1721022975334841e+21,0.050882975,2333225.765103247,47263.42043145508
2022-04-07 00:32:28,707 :	 316/723,2.80721620394117e+19,1.1721022975334841e+21,0.047333,2445711.3364518685,47470.27566476759
2022-04-07 00:33:42,008 :	 317/723,3.856620421163456e+19,1.1721022975334841e+21,0.04259969999999999,2576425.503049837,44531.960955359114
2022-04-07 00:34:55,615 :	 318/723,5.298316906283724e+19,1.1721022975334841e+21,0.0378664,2723704.911364122,43793.83967153308
2022-04-07 00:36:09,615 :	 319/723,7.278953843983161e+19,1.1721022975334841e+21,0.03549975,2886191.930015381,41881.53173280524
2022-04-07 00:37:23,672 :	 320/723,1e+20,1.1721022975334841e+21,0.030766449999999994,3056485.1924183606,42989.626091595026
2022-04-07 00:38:41,271 :	 321/723,3.5622478902624516e+16,1.6102620275609426e+21,10000000000.0,3.4974300441642265,7511582.05266145
2022-04-07 00:39:59,955 :	 322/723,4.893900918477499e+16,1.6102620275609426e+21,10000000000.0,24.450277907244676,5464659.264885426
2022-04-07 00:41:18,876 :	 323/723,6.723357536499335e+16,1.6102620275609426e+21,10000000000.0,119.08079964717231,4634275.551587304
2022-04-07 00:42:37,989 :	 324/723,9.236708571873846e+16,1.6102620275609426e+21,10000000000.0,1183.2727557630035,3813430.080603226
2022-04-07 00:43:56,188 :	 325/723,1.2689610031679182e+17,1.6102620275609426e+21,10000000000.0,7434.569747274129,3131046.2078187116
2022-04-07 00:45:14,847 :	 326/723,1.7433288221999946e+17,1.6102620275609426e+21,0.192881975,47897.36160488052,2462881.8186265375
2022-04-07 00:46:33,096 :	 327/723,2.395026619987491e+17,1.6102620275609426e+21,0.17276544999999996,300183.2068088682,1650437.8284497624
2022-04-07 00:47:51,419 :	 328/723,3.290344562312671e+17,1.6102620275609426e+21,0.15738222500000001,1028937.1590674244,461143.451113725
2022-04-07 00:49:08,482 :	 329/723,4.5203536563602406e+17,1.6102620275609426e+21,0.140815675,1292829.825324742,103112.2379677317
2022-04-07 00:50:25,909 :	 330/723,6.210169418915603e+17,1.6102620275609426e+21,0.126615775,1404978.0977650697,84998.89481131818
2022-04-07 00:51:44,420 :	 331/723,8.53167852417278e+17,1.6102620275609426e+21,0.11596584999999998,1505773.8330965792,76027.0161710511
2022-04-07 00:53:02,790 :	 332/723,1.172102297533484e+18,1.6102620275609426e+21,0.10531592499999999,1595469.547247095,70849.00075088869
2022-04-07 00:54:18,320 :	 333/723,1.6102620275609426e+18,1.6102620275609426e+21,0.09466599999999999,1675882.8637969797,66907.95305067195
2022-04-07 00:55:35,386 :	 334/723,2.2122162910704502e+18,1.6102620275609426e+21,0.08756604999999999,1749649.9656762534,63740.10684550725
2022-04-07 00:56:52,043 :	 335/723,3.039195382313195e+18,1.6102620275609426e+21,0.08046609999999998,1818644.310860439,61140.7634150706
2022-04-07 00:58:09,729 :	 336/723,4.1753189365603917e+18,1.6102620275609426e+21,0.07454947499999999,1884929.8415806352,58966.287761800486
2022-04-07 00:59:26,836 :	 337/723,5.736152510448705e+18,1.6102620275609426e+21,0.06744952499999998,1950677.4126850949,57032.96724934674
2022-04-07 01:00:42,411 :	 338/723,7.880462815669936e+18,1.6102620275609426e+21,0.062716225,2017289.8767637862,53724.99547426713
2022-04-07 01:01:57,773 :	 339/723,1.0826367338740562e+19,1.6102620275609426e+21,0.057982925,2087662.4846807914,47969.04742400762
2022-04-07 01:03:12,518 :	 340/723,1.4873521072935119e+19,1.6102620275609426e+21,0.05324962499999999,2164237.855028851,46967.54360721948
2022-04-07 01:04:26,997 :	 341/723,2.0433597178569396e+19,1.6102620275609426e+21,0.04851632499999999,2248968.401200033,41205.25410930879
2022-04-07 01:05:43,717 :	 342/723,2.80721620394117e+19,1.6102620275609426e+21,0.046149674999999994,2345701.801835605,38660.18467253462
2022-04-07 01:06:58,500 :	 343/723,3.856620421163456e+19,1.6102620275609426e+21,0.041416375000000005,2457556.6216884116,34107.12183624191
2022-04-07 01:08:12,380 :	 344/723,5.298316906283724e+19,1.6102620275609426e+21,0.0378664,2586862.7904790975,32880.82693116305
2022-04-07 01:09:25,150 :	 345/723,7.278953843983161e+19,1.6102620275609426e+21,0.03549975,2727237.8241367233,35482.099082242516
2022-04-07 01:10:40,350 :	 346/723,1e+20,1.6102620275609426e+21,0.031949775,2867037.4800708876,38931.97659501856
2022-04-07 01:11:56,497 :	 347/723,3.5622478902624516e+16,2.2122162910704503e+21,10000000000.0,4.998366607869719,6794461.6267471565
2022-04-07 01:13:13,325 :	 348/723,4.893900918477499e+16,2.2122162910704503e+21,10000000000.0,94.61300528398074,4437923.636528625
2022-04-07 01:14:30,643 :	 349/723,6.723357536499335e+16,2.2122162910704503e+21,10000000000.0,484.40343002790956,3714350.703663498
2022-04-07 01:15:47,082 :	 350/723,9.236708571873846e+16,2.2122162910704503e+21,10000000000.0,2757.7074610576765,3050663.0079976358
2022-04-07 01:17:03,928 :	 351/723,1.2689610031679182e+17,2.2122162910704503e+21,0.19288197499999998,15019.351730171571,2453548.3037912557
2022-04-07 01:18:19,543 :	 352/723,1.7433288221999946e+17,2.2122162910704503e+21,0.17276544999999996,92200.14425440019,1825326.860976183
2022-04-07 01:19:35,032 :	 353/723,2.395026619987491e+17,2.2122162910704503e+21,0.15738222500000001,515205.6117841321,898902.0670698725
2022-04-07 01:20:51,353 :	 354/723,3.290344562312671e+17,2.2122162910704503e+21,0.140815675,1015306.6852108935,142714.73453613312
2022-04-07 01:22:06,754 :	 355/723,4.5203536563602406e+17,2.2122162910704503e+21,0.1277991,1149220.5308786086,88971.8171802282
2022-04-07 01:23:21,728 :	 356/723,6.210169418915603e+17,2.2122162910704503e+21,0.11596584999999998,1268620.2796566554,80487.8481913806
2022-04-07 01:24:36,572 :	 357/723,8.53167852417278e+17,2.2122162910704503e+21,0.10649925,1378181.504661173,75111.12845613965
2022-04-07 01:25:52,387 :	 358/723,1.172102297533484e+18,2.2122162910704503e+21,0.09703265000000001,1477175.6823555678,70594.94793334464
2022-04-07 01:27:07,410 :	 359/723,1.6102620275609426e+18,2.2122162910704503e+21,0.08874937499999998,1566203.6941078855,66608.89197583847
2022-04-07 01:28:22,792 :	 360/723,2.2122162910704502e+18,2.2122162910704503e+21,0.08283274999999998,1645790.4116118609,63181.98164290094
2022-04-07 01:29:38,548 :	 361/723,3.039195382313195e+18,2.2122162910704503e+21,0.07573279999999999,1720625.4292426163,58490.23119645565
2022-04-07 01:30:53,364 :	 362/723,4.1753189365603917e+18,2.2122162910704503e+21,0.06981617500000001,1792002.9833382159,51195.30271604381
2022-04-07 01:32:06,736 :	 363/723,5.736152510448705e+18,2.2122162910704503e+21,0.065082875,1860687.6579944626,48866.9555613345
2022-04-07 01:33:20,649 :	 364/723,7.880462815669936e+18,2.2122162910704503e+21,0.060349574999999996,1928034.9860951111,47173.94500237181
2022-04-07 01:34:35,249 :	 365/723,1.0826367338740562e+19,2.2122162910704503e+21,0.05679959999999999,1994977.194823943,40242.6911618274
2022-04-07 01:35:50,183 :	 366/723,1.4873521072935119e+19,2.2122162910704503e+21,0.052066299999999996,2064993.5937252261,36396.12748905036
2022-04-07 01:37:04,886 :	 367/723,2.0433597178569396e+19,2.2122162910704503e+21,0.04851632499999999,2141615.7202288895,30009.796382251734
2022-04-07 01:38:18,019 :	 368/723,2.80721620394117e+19,2.2122162910704503e+21,0.046149674999999994,2230266.851919634,27435.892568423573
2022-04-07 01:39:30,854 :	 369/723,3.856620421163456e+19,2.2122162910704503e+21,0.04259969999999999,2334401.559072776,28784.692290819687
2022-04-07 01:40:44,100 :	 370/723,5.298316906283724e+19,2.2122162910704503e+21,0.0378664,2439190.7829116043,30606.889454102416
2022-04-07 01:41:56,274 :	 371/723,7.278953843983161e+19,2.2122162910704503e+21,0.036683074999999996,2548360.871757872,32955.132511280535
2022-04-07 01:43:10,788 :	 372/723,1e+20,2.2122162910704503e+21,0.03313309999999999,2667351.395005312,35905.653215219005
2022-04-07 01:44:26,831 :	 373/723,2.5929437974046776e+16,3.0391953823131946e+21,10000000000.0,6.020120267989429,5310686.883666815
2022-04-07 01:45:43,565 :	 374/723,3.5622478902624516e+16,3.0391953823131946e+21,10000000000.0,43.59852742788444,4157073.762775149
2022-04-07 01:47:00,271 :	 375/723,4.893900918477499e+16,3.0391953823131946e+21,10000000000.0,198.6524137813142,3465751.8306303383
2022-04-07 01:48:15,894 :	 376/723,6.723357536499335e+16,3.0391953823131946e+21,0.20471522499999997,967.1271814670565,2848004.823811967
2022-04-07 01:49:32,178 :	 377/723,9.236708571873846e+16,3.0391953823131946e+21,0.185782025,4860.449297751308,2286563.2729621497
2022-04-07 01:50:48,593 :	 378/723,1.2689610031679182e+17,3.0391953823131946e+21,0.16803215,28658.792848414912,1719165.6495413901
2022-04-07 01:52:04,810 :	 379/723,1.7433288221999946e+17,3.0391953823131946e+21,0.1514656,185089.83537032834,1056093.577804039
2022-04-07 01:53:21,000 :	 380/723,2.395026619987491e+17,3.0391953823131946e+21,0.138449025,669852.3943702318,225362.59435131407
2022-04-07 01:54:37,826 :	 381/723,3.290344562312671e+17,3.0391953823131946e+21,0.12661577499999999,850782.0967511442,77174.47610672738
2022-04-07 01:55:53,512 :	 382/723,4.5203536563602406e+17,3.0391953823131946e+21,0.11596584999999998,991662.1519500348,62146.16493354406
2022-04-07 01:57:08,799 :	 383/723,6.210169418915603e+17,3.0391953823131946e+21,0.10649924999999998,1120893.9709999315,56839.30139455911
2022-04-07 01:58:23,650 :	 384/723,8.53167852417278e+17,3.0391953823131946e+21,0.09703264999999997,1238453.390530402,52968.5351268352
2022-04-07 01:59:38,397 :	 385/723,1.172102297533484e+18,3.0391953823131946e+21,0.08874937499999998,1345116.820154011,49314.937004169864
2022-04-07 02:00:52,398 :	 386/723,1.6102620275609426e+18,3.0391953823131946e+21,0.08283274999999998,1440208.911391838,42441.55107227482
2022-04-07 02:02:06,565 :	 387/723,2.2122162910704502e+18,3.0391953823131946e+21,0.07573279999999999,1528632.0522156984,39813.792998376266
2022-04-07 02:03:20,867 :	 388/723,3.039195382313195e+18,3.0391953823131946e+21,0.0709995,1611963.3986837117,38058.08622066644
2022-04-07 02:04:33,987 :	 389/723,4.1753189365603917e+18,3.0391953823131946e+21,0.0662662,1690038.109568345,33274.167027522526
2022-04-07 02:05:47,607 :	 390/723,5.736152510448705e+18,3.0391953823131946e+21,0.0615329,1763770.5364394533,30120.286370588732
2022-04-07 02:07:01,995 :	 391/723,7.880462815669936e+18,3.0391953823131946e+21,0.05679959999999999,1834325.5593322783,28403.773662560205
2022-04-07 02:08:16,516 :	 392/723,1.0826367338740562e+19,3.0391953823131946e+21,0.05324962499999999,1903375.98384561,28446.27697942757
2022-04-07 02:09:30,195 :	 393/723,1.4873521072935119e+19,3.0391953823131946e+21,0.04969964999999999,1976563.100938734,28851.910217115135
2022-04-07 02:10:44,235 :	 394/723,2.0433597178569396e+19,3.0391953823131946e+21,0.047333,2059020.0345015374,29451.470653037355
2022-04-07 02:11:58,898 :	 395/723,2.80721620394117e+19,3.0391953823131946e+21,0.043783024999999996,2145627.6456323043,30267.317294673157
2022-04-07 02:13:13,601 :	 396/723,3.856620421163456e+19,3.0391953823131946e+21,0.04023305,2221118.5484363865,31329.744220774268
2022-04-07 02:14:27,602 :	 397/723,5.298316906283724e+19,3.0391953823131946e+21,0.037866399999999995,2302925.5418458884,32693.58481841288
2022-04-07 02:15:40,971 :	 398/723,7.278953843983161e+19,3.0391953823131946e+21,0.03549975,2393705.6119841416,34415.2113175423
2022-04-07 02:16:55,078 :	 399/723,1e+20,3.0391953823131946e+21,0.031949775,2493470.263166793,36517.61489711742
2022-04-07 02:18:11,252 :	 400/723,1.887391822135092e+16,4.175318936560392e+21,10000000000.0,4.956625976091203,4326290.4266418535
2022-04-07 02:19:26,998 :	 401/723,2.5929437974046776e+16,4.175318936560392e+21,10000000000.0,18.946641889655766,3671869.487652996
2022-04-07 02:20:42,892 :	 402/723,3.5622478902624516e+16,4.175318936560392e+21,10000000000.0,76.33161594429663,3061687.0331134014
2022-04-07 02:21:58,605 :	 403/723,4.893900918477499e+16,4.175318936560392e+21,0.19406530000000002,314.20967509011984,2525289.274988513
2022-04-07 02:23:14,883 :	 404/723,6.723357536499335e+16,4.175318936560392e+21,0.17749874999999996,1487.163432954184,1995723.642004952
2022-04-07 02:24:31,053 :	 405/723,9.236708571873846e+16,4.175318936560392e+21,0.16093220000000003,8342.61539476414,1471557.8749027543
2022-04-07 02:25:47,573 :	 406/723,1.2689610031679182e+17,4.175318936560392e+21,0.14554897499999997,54020.96046554411,942243.5366007594
2022-04-07 02:27:03,486 :	 407/723,1.7433288221999946e+17,4.175318936560392e+21,0.13253239999999997,295146.5898995464,317918.22396287665
2022-04-07 02:28:19,322 :	 408/723,2.395026619987491e+17,4.175318936560392e+21,0.12069915,518033.8982851508,38810.528823020904
2022-04-07 02:29:34,388 :	 409/723,3.290344562312671e+17,4.175318936560392e+21,0.11123254999999999,670622.3360192397,30948.849855605815
2022-04-07 02:30:49,165 :	 410/723,4.5203536563602406e+17,4.175318936560392e+21,0.10176595,814812.5757330598,29605.1101139965
2022-04-07 02:32:03,584 :	 411/723,6.210169418915603e+17,4.175318936560392e+21,0.094666,950479.1472281888,29192.04793371525
2022-04-07 02:33:17,487 :	 412/723,8.53167852417278e+17,4.175318936560392e+21,0.08756604999999999,1074529.330241925,29105.390116427192
2022-04-07 02:34:32,094 :	 413/723,1.172102297533484e+18,4.175318936560392e+21,0.081649425,1185761.964926028,29170.543290065565
2022-04-07 02:35:45,472 :	 414/723,1.6102620275609426e+18,4.175318936560392e+21,0.0757328,1290376.2109442002,29329.77773317564
2022-04-07 02:36:58,938 :	 415/723,2.2122162910704502e+18,4.175318936560392e+21,0.06981617500000001,1389350.6428162935,29532.86667309592
2022-04-07 02:38:12,570 :	 416/723,3.039195382313195e+18,4.175318936560392e+21,0.0662662,1481900.9031735912,29759.937117432855
2022-04-07 02:39:25,941 :	 417/723,4.1753189365603917e+18,4.175318936560392e+21,0.0615329,1567347.8271328923,30004.431292731337
2022-04-07 02:40:39,175 :	 418/723,5.736152510448705e+18,4.175318936560392e+21,0.05798292499999999,1645830.7311010056,30262.8554931026
2022-04-07 02:41:52,736 :	 419/723,7.880462815669936e+18,4.175318936560392e+21,0.05443295,1722451.5822944695,30555.161717564108
2022-04-07 02:43:06,506 :	 420/723,1.0826367338740562e+19,4.175318936560392e+21,0.050882975,1803158.4046344056,30905.779012276875
2022-04-07 02:44:19,305 :	 421/723,1.4873521072935119e+19,4.175318936560392e+21,0.048516325,1881784.4850882401,31302.533840047086
2022-04-07 02:45:31,231 :	 422/723,2.0433597178569396e+19,4.175318936560392e+21,0.044966349999999995,1946397.7866062438,31763.328393900298
2022-04-07 02:46:44,146 :	 423/723,2.80721620394117e+19,4.175318936560392e+21,0.041416375000000005,2012116.7680802718,32309.38260967502
2022-04-07 02:47:57,917 :	 424/723,3.856620421163456e+19,4.175318936560392e+21,0.039049725,2080035.077551551,32958.54013617267
2022-04-07 02:49:11,372 :	 425/723,5.298316906283724e+19,4.175318936560392e+21,0.036683074999999996,2151411.433815659,33718.30305339631
2022-04-07 02:50:23,433 :	 426/723,7.278953843983161e+19,4.175318936560392e+21,0.03313309999999999,2228343.4232467837,34561.92091509588
2022-04-07 02:51:36,024 :	 427/723,1e+20,4.175318936560392e+21,0.031949775,2312014.8600988165,35376.8166557835
2022-04-07 02:52:53,293 :	 428/723,1.887391822135092e+16,5.736152510448704e+21,0.20826519999999998,8.06582907290756,2854924.2969057006
2022-04-07 02:54:09,874 :	 429/723,2.5929437974046776e+16,5.736152510448704e+21,0.19169864999999997,24.726276268045744,2424266.564118558
2022-04-07 02:55:26,230 :	 430/723,3.5622478902624516e+16,5.736152510448704e+21,0.17749874999999998,87.85949672026501,1980903.077200747
2022-04-07 02:56:42,837 :	 431/723,4.893900918477499e+16,5.736152510448704e+21,0.162115525,380.4463575668646,1524216.1873069843
2022-04-07 02:57:59,237 :	 432/723,6.723357536499335e+16,5.736152510448704e+21,0.14909895,2013.285395157361,1067727.9917398586
2022-04-07 02:59:14,726 :	 433/723,9.236708571873846e+16,5.736152510448704e+21,0.136082375,12704.004903173893,623412.2042222164
2022-04-07 03:00:31,170 :	 434/723,1.2689610031679182e+17,5.736152510448704e+21,0.12424912499999996,73990.68330674167,209306.98521025092
2022-04-07 03:01:47,744 :	 435/723,1.7433288221999946e+17,5.736152510448704e+21,0.11478252500000001,180966.2785173642,33328.491855913846
2022-04-07 03:03:03,305 :	 436/723,2.395026619987491e+17,5.736152510448704e+21,0.10531592499999999,312860.65569656435,30535.692150442006
2022-04-07 03:04:18,041 :	 437/723,3.290344562312671e+17,5.736152510448704e+21,0.09703264999999997,459975.7166324205,30024.005662514766
2022-04-07 03:05:34,130 :	 438/723,4.5203536563602406e+17,5.736152510448704e+21,0.09111602499999999,606051.7662683548,30146.383768359407
2022-04-07 03:06:48,032 :	 439/723,6.210169418915603e+17,5.736152510448704e+21,0.08401607499999998,743472.9458842456,30444.03473625698
2022-04-07 03:08:02,375 :	 440/723,8.53167852417278e+17,5.736152510448704e+21,0.079282775,870605.5271482226,30826.7813914089
2022-04-07 03:09:16,361 :	 441/723,1.172102297533484e+18,5.736152510448704e+21,0.07336615,992491.1982433529,31259.55139251805
2022-04-07 03:10:30,498 :	 442/723,1.6102620275609426e+18,5.736152510448704e+21,0.069816175,1109030.0855171427,31685.473819187675
2022-04-07 03:11:43,657 :	 443/723,2.2122162910704502e+18,5.736152510448704e+21,0.065082875,1217431.7275300783,32077.01141765944
2022-04-07 03:12:56,073 :	 444/723,3.039195382313195e+18,5.736152510448704e+21,0.06153289999999999,1317212.3846382243,32407.337192313422
2022-04-07 03:14:08,921 :	 445/723,4.1753189365603917e+18,5.736152510448704e+21,0.05679959999999999,1406364.4623810067,32642.042390708277
2022-04-07 03:15:22,210 :	 446/723,5.736152510448705e+18,5.736152510448704e+21,0.05324962499999999,1484602.1692328441,32858.50144129285
2022-04-07 03:16:34,371 :	 447/723,7.880462815669936e+18,5.736152510448704e+21,0.052066299999999996,1556981.767494996,33059.595883778726
2022-04-07 03:17:46,634 :	 448/723,1.0826367338740562e+19,5.736152510448704e+21,0.048516325,1626806.6285678402,33189.956904244806
2022-04-07 03:18:58,870 :	 449/723,1.4873521072935119e+19,5.736152510448704e+21,0.044966349999999995,1693472.7386376427,33218.53679395662
2022-04-07 03:20:10,800 :	 450/723,2.0433597178569396e+19,5.736152510448704e+21,0.04259969999999999,1759872.884400877,33105.36278859919
2022-04-07 03:21:23,702 :	 451/723,2.80721620394117e+19,5.736152510448704e+21,0.040233049999999985,1824768.7927847886,32782.36436108842
2022-04-07 03:22:35,760 :	 452/723,3.856620421163456e+19,5.736152510448704e+21,0.037866399999999995,1891641.7531442866,32140.94966396818
2022-04-07 03:23:48,064 :	 453/723,5.298316906283724e+19,5.736152510448704e+21,0.03431642499999999,1960075.5599325767,30990.882895606814
2022-04-07 03:25:00,138 :	 454/723,7.278953843983161e+19,5.736152510448704e+21,0.0331331,2031755.6449736017,29013.12993015778
2022-04-07 03:26:12,283 :	 455/723,1e+20,5.736152510448704e+21,0.03076645,2108324.7253247807,25820.443685563096
2022-04-07 03:27:26,533 :	 456/723,1.373823795883261e+16,7.880462815669937e+21,0.17039879999999996,3.4040970957662062,2069708.2792244186
2022-04-07 03:28:40,631 :	 457/723,1.887391822135092e+16,7.880462815669937e+21,0.15974887499999998,7.715102845017568,1719706.3435509582
2022-04-07 03:29:54,533 :	 458/723,2.5929437974046776e+16,7.880462815669937e+21,0.15028227500000002,25.972634670435443,1422854.357127821
2022-04-07 03:31:08,846 :	 459/723,3.5622478902624516e+16,7.880462815669937e+21,0.140815675,87.64791307213818,1051856.413271656
2022-04-07 03:32:23,517 :	 460/723,4.893900918477499e+16,7.880462815669937e+21,0.13016575,912.8491538925177,450544.3981238273
2022-04-07 03:33:37,925 :	 461/723,6.723357536499335e+16,7.880462815669937e+21,0.12188247499999998,3022.1215234608876,194491.83575074683
2022-04-07 03:34:51,563 :	 462/723,9.236708571873846e+16,7.880462815669937e+21,0.112415875,9943.7306017083,45478.156061767135
2022-04-07 03:36:06,172 :	 463/723,1.2689610031679182e+17,7.880462815669937e+21,0.10413259999999998,30502.529779458673,16678.83672301754
2022-04-07 03:37:20,041 :	 464/723,1.7433288221999946e+17,7.880462815669937e+21,0.09703264999999998,79676.16531497301,12567.059890093115
2022-04-07 03:38:33,644 :	 465/723,2.395026619987491e+17,7.880462815669937e+21,0.08993269999999998,166036.4317443251,12201.525396289051
2022-04-07 03:39:47,413 :	 466/723,3.290344562312671e+17,7.880462815669937e+21,0.0851994,280883.1651234703,12357.049890066986
2022-04-07 03:41:01,444 :	 467/723,4.5203536563602406e+17,7.880462815669937e+21,0.079282775,405439.09028218576,12616.275741170844
2022-04-07 03:42:15,620 :	 468/723,6.210169418915603e+17,7.880462815669937e+21,0.074549475,536068.8932987326,12994.441296613044
2022-04-07 03:43:29,332 :	 469/723,8.53167852417278e+17,7.880462815669937e+21,0.069816175,668121.5947385534,13439.56041164119
2022-04-07 03:44:41,756 :	 470/723,1.172102297533484e+18,7.880462815669937e+21,0.06626619999999998,794798.6545047682,13910.11870915196
2022-04-07 03:45:54,564 :	 471/723,1.6102620275609426e+18,7.880462815669937e+21,0.06153289999999999,913188.788724278,14362.73508018528
2022-04-07 03:47:07,029 :	 472/723,2.2122162910704502e+18,7.880462815669937e+21,0.05798292499999999,1021458.223949877,14746.736995012754
2022-04-07 03:48:19,297 :	 473/723,3.039195382313195e+18,7.880462815669937e+21,0.05561627499999999,1115512.1444497346,15018.158027021942
2022-04-07 03:49:31,634 :	 474/723,4.1753189365603917e+18,7.880462815669937e+21,0.053249625,1204284.7284950868,15300.043168035241
2022-04-07 03:50:43,638 :	 475/723,5.736152510448705e+18,7.880462815669937e+21,0.04969964999999999,1287733.7029879913,15519.755872286945
2022-04-07 03:51:55,580 :	 476/723,7.880462815669936e+18,7.880462815669937e+21,0.046149674999999994,1368401.0731747006,15646.829943659972
2022-04-07 03:53:07,536 :	 477/723,1.0826367338740562e+19,7.880462815669937e+21,0.044966349999999995,1446168.5471575945,15643.890266683662
2022-04-07 03:54:18,588 :	 478/723,1.4873521072935119e+19,7.880462815669937e+21,0.042599700000000004,1520913.240223972,15465.285231138834
2022-04-07 03:55:30,485 :	 479/723,2.0433597178569396e+19,7.880462815669937e+21,0.039049725,1593861.0423124656,15056.501237467854
2022-04-07 03:56:49,007 :	 480/723,2.80721620394117e+19,7.880462815669937e+21,0.036683074999999996,1665592.6565844486,14350.766563560177
2022-04-07 03:58:00,435 :	 481/723,3.856620421163456e+19,7.880462815669937e+21,0.03549975,1737707.0428448294,13280.47608993777
2022-04-07 03:59:11,951 :	 482/723,5.298316906283724e+19,7.880462815669937e+21,0.0331331,1811261.097224895,11789.859266572386
2022-04-07 04:00:24,317 :	 483/723,7.278953843983161e+19,7.880462815669937e+21,0.029583125,1886934.9184110058,9864.891240538056
2022-04-07 04:01:36,411 :	 484/723,1e+20,7.880462815669937e+21,0.027216475,1965045.023799709,7570.010397394267
2022-04-07 04:02:48,788 :	 485/723,1e+16,1.0826367338740563e+22,0.18696534999999997,2.902906353416926,2053263.0332464352
2022-04-07 04:04:01,010 :	 486/723,1.373823795883261e+16,1.0826367338740563e+22,0.16684882499999998,3.9657374733308295,2036922.0267606208
2022-04-07 04:05:13,872 :	 487/723,1.887391822135092e+16,1.0826367338740563e+22,0.14673229999999995,5.586614661420534,2007069.0972078631
2022-04-07 04:06:26,329 :	 488/723,2.5929437974046776e+16,1.0826367338740563e+22,0.12424912499999999,10.780290820936589,1957541.3559231944
2022-04-07 04:07:39,041 :	 489/723,3.5622478902624516e+16,1.0826367338740563e+22,0.11123255000000001,32.09315891504866,1719289.1250997467
2022-04-07 04:08:51,715 :	 490/723,4.893900918477499e+16,1.0826367338740563e+22,0.098215975,139.729962962942,1514117.5507494544
2022-04-07 04:10:05,250 :	 491/723,6.723357536499335e+16,1.0826367338740563e+22,0.0899327,920.8950688378527,515751.12184304633
2022-04-07 04:11:18,017 :	 492/723,9.236708571873846e+16,1.0826367338740563e+22,0.08519939999999998,55929.81473005177,858.6461913825221
2022-04-07 04:12:31,972 :	 493/723,1.2689610031679182e+17,1.0826367338740563e+22,0.079282775,61287.813915149934,398.8396409915527
2022-04-07 04:13:45,629 :	 494/723,1.7433288221999946e+17,1.0826367338740563e+22,0.0757328,92729.49031146293,255.72434585323003
2022-04-07 04:14:59,622 :	 495/723,2.395026619987491e+17,1.0826367338740563e+22,0.07218282499999999,148607.43684814012,221.07636367300364
2022-04-07 04:16:13,695 :	 496/723,3.290344562312671e+17,1.0826367338740563e+22,0.06863285,235795.1919217559,219.79054344415454
2022-04-07 04:17:26,941 :	 497/723,4.5203536563602406e+17,1.0826367338740563e+22,0.06389955,345300.68416645785,221.4024913120666
2022-04-07 04:18:40,714 :	 498/723,6.210169418915603e+17,1.0826367338740563e+22,0.06153289999999999,467478.1727994561,224.9465190362886
2022-04-07 04:19:53,845 :	 499/723,8.53167852417278e+17,1.0826367338740563e+22,0.05798292499999999,594322.3877584878,230.09674623562677
2022-04-07 04:21:07,255 :	 500/723,1.172102297533484e+18,1.0826367338740563e+22,0.05443294999999999,711427.6976950036,236.15595870178637
2022-04-07 04:22:19,929 :	 501/723,1.6102620275609426e+18,1.0826367338740563e+22,0.052066299999999996,813127.7957352629,241.13335979196896
2022-04-07 04:23:32,650 :	 502/723,2.2122162910704502e+18,1.0826367338740563e+22,0.04969964999999999,912409.4430948064,246.95858798316317
2022-04-07 04:24:46,209 :	 503/723,3.039195382313195e+18,1.0826367338740563e+22,0.047332999999999986,1007835.8231945367,252.84439379406822
2022-04-07 04:25:59,452 :	 504/723,4.1753189365603917e+18,1.0826367338740563e+22,0.044966349999999995,1101222.1507897296,258.283934899476
2022-04-07 04:27:11,639 :	 505/723,5.736152510448705e+18,1.0826367338740563e+22,0.042599700000000004,1191438.0901297752,262.7898319026225
2022-04-07 04:28:23,620 :	 506/723,7.880462815669936e+18,1.0826367338740563e+22,0.040233049999999985,1277521.0635690843,265.5665257786094
2022-04-07 04:29:35,633 :	 507/723,1.0826367338740562e+19,1.0826367338740563e+22,0.03904972499999999,1360993.2169658786,266.1157052314646
2022-04-07 04:30:47,280 :	 508/723,1.4873521072935119e+19,1.0826367338740563e+22,0.036683075,1443168.8144813492,263.18722537662495
2022-04-07 04:31:59,450 :	 509/723,2.0433597178569396e+19,1.0826367338740563e+22,0.034316425,1524825.0048927325,255.72025039295926
2022-04-07 04:33:10,782 :	 510/723,2.80721620394117e+19,1.0826367338740563e+22,0.031949775,1606472.695177853,242.68961120591052
2022-04-07 04:34:22,169 :	 511/723,3.856620421163456e+19,1.0826367338740563e+22,0.029583125,1688456.3858531374,223.20739242225306
2022-04-07 04:35:34,203 :	 512/723,5.298316906283724e+19,1.0826367338740563e+22,0.028399800000000003,1775748.515544226,197.031252442907
2022-04-07 04:36:46,353 :	 513/723,7.278953843983161e+19,1.0826367338740563e+22,0.026033149999999998,1860685.3500996397,163.7359587889569
2022-04-07 04:38:02,888 :	 514/723,1e+20,1.0826367338740563e+22,0.0236665,1955515.9752837436,128.23991642565608
2022-04-07 04:39:15,678 :	 515/723,1e+16,1.4873521072935117e+22,0.12898242499999998,4.843984696342408,1861030.4915452027
2022-04-07 04:40:28,854 :	 516/723,1.373823795883261e+16,1.4873521072935117e+22,0.12188247499999998,5.233600980171586,1868183.7384223961
2022-04-07 04:41:41,907 :	 517/723,1.887391822135092e+16,1.4873521072935117e+22,0.11359919999999998,5.904666130453485,1848308.5880916086
2022-04-07 04:42:55,352 :	 518/723,2.5929437974046776e+16,1.4873521072935117e+22,0.09939929999999998,6.70321233960108,1802031.841376321
2022-04-07 04:44:08,494 :	 519/723,3.5622478902624516e+16,1.4873521072935117e+22,0.09229934999999997,21.480152557345473,1588293.384801916
2022-04-07 04:45:21,465 :	 520/723,4.893900918477499e+16,1.4873521072935117e+22,0.081649425,83.02387196459333,1587320.6423887666
2022-04-07 04:46:34,797 :	 521/723,6.723357536499335e+16,1.4873521072935117e+22,0.0709995,545.5851061674285,1382477.5015201333
2022-04-07 04:47:48,445 :	 522/723,9.236708571873846e+16,1.4873521072935117e+22,0.06389954999999999,3447.7100158376597,115280.53670572415
2022-04-07 04:49:01,957 :	 523/723,1.2689610031679182e+17,1.4873521072935117e+22,0.060349574999999996,211963.27273806508,12.009978464826807
2022-04-07 04:50:15,557 :	 524/723,1.7433288221999946e+17,1.4873521072935117e+22,0.05561627499999999,593056.9601016166,12.822082061425341
2022-04-07 04:51:29,458 :	 525/723,2.395026619987491e+17,1.4873521072935117e+22,0.04969965,823817.5191269993,12.358387945142612
2022-04-07 04:52:42,572 :	 526/723,3.290344562312671e+17,1.4873521072935117e+22,0.046149675,1072172.7696982545,12.929575549949714
2022-04-07 04:53:55,797 :	 527/723,4.5203536563602406e+17,1.4873521072935117e+22,0.043783025,1201406.4069394225,13.01210775357524
2022-04-07 04:55:08,313 :	 528/723,6.210169418915603e+17,1.4873521072935117e+22,0.04141637499999999,1326750.9459485626,12.97978901218112
2022-04-07 04:56:21,413 :	 529/723,8.53167852417278e+17,1.4873521072935117e+22,0.03904972499999999,1424295.7405805676,13.279554895225791
2022-04-07 04:57:34,397 :	 530/723,1.172102297533484e+18,1.4873521072935117e+22,0.036683075,1518372.2584483027,12.099902708094916
2022-04-07 04:58:46,908 :	 531/723,1.6102620275609426e+18,1.4873521072935117e+22,0.034316425,1657355.8656871193,12.62284307626881
2022-04-07 04:59:58,963 :	 532/723,2.2122162910704502e+18,1.4873521072935117e+22,0.0331331,1689426.3534311024,11.306259251432554
2022-04-07 05:01:11,743 :	 533/723,3.039195382313195e+18,1.4873521072935117e+22,0.03194977500000001,1732767.149140314,11.062822530607205
2022-04-07 05:02:24,799 :	 534/723,4.1753189365603917e+18,1.4873521072935117e+22,0.030766449999999994,1771219.460844313,10.60789843222346
2022-04-07 05:03:37,227 :	 535/723,5.736152510448705e+18,1.4873521072935117e+22,0.028399800000000003,1861108.751718119,10.8356259664001
2022-04-07 05:04:50,818 :	 536/723,7.880462815669936e+18,1.4873521072935117e+22,0.027216474999999993,1864377.1729582692,10.633427585593834
2022-04-07 05:06:07,510 :	 537/723,1.0826367338740562e+19,1.4873521072935117e+22,0.026033149999999998,1907543.2056835308,10.105754873110183
2022-04-07 05:07:24,157 :	 538/723,1.4873521072935119e+19,1.4873521072935117e+22,0.0236665,2037562.2605389645,9.812499894727926
2022-04-07 05:08:38,851 :	 539/723,2.0433597178569396e+19,1.4873521072935117e+22,0.022483175,2151944.8621686012,11.083918412857221
2022-04-07 05:09:53,328 :	 540/723,2.80721620394117e+19,1.4873521072935117e+22,0.020116524999999996,2213057.9999937816,10.264100932815865
2022-04-07 05:11:06,109 :	 541/723,3.856620421163456e+19,1.4873521072935117e+22,0.01656655,2366051.446848549,9.798155024136719
2022-04-07 05:12:18,149 :	 542/723,5.298316906283724e+19,1.4873521072935117e+22,0.011833249999999997,2541932.8215764477,7.503552972383535
2022-04-07 05:13:29,140 :	 543/723,7.278953843983161e+19,1.4873521072935117e+22,0.0094666,2646383.495961804,5.376313203454757
2022-04-07 05:14:40,795 :	 544/723,1e+20,1.4873521072935117e+22,0.0094666,2639146.0703476723,4.218174341213919
2022-04-07 09:29:23,196 :	 545/723,1e+16,2.0433597178569397e+22,0.008283275,2810985.125722566,0.25698630981748355
2022-04-07 09:31:21,842 :	 546/723,1.373823795883261e+16,2.0433597178569397e+22,0.008283275,2811358.795640885,0.2568893516973223
2022-04-07 09:32:35,509 :	 547/723,1.887391822135092e+16,2.0433597178569397e+22,0.008283275,2854489.1178915217,0.2846239534374665
2022-04-07 09:33:48,128 :	 548/723,2.5929437974046776e+16,2.0433597178569397e+22,0.008283275,2855061.731411892,0.28441020936835026
2022-04-07 09:35:45,711 :	 549/723,3.5622478902624516e+16,2.0433597178569397e+22,0.008283275,2813167.8370087747,0.2563642390557727
2022-04-07 09:36:59,730 :	 550/723,4.893900918477499e+16,2.0433597178569397e+22,0.008283275,2856654.931753412,0.2836816661350364
2022-04-07 09:38:56,030 :	 551/723,6.723357536499335e+16,2.0433597178569397e+22,0.008283275,2815350.5142645184,0.25568166702554096
2022-04-07 09:40:07,978 :	 552/723,9.236708571873846e+16,2.0433597178569397e+22,0.008283275,2858814.7820017845,0.28261676501307137
2022-04-07 09:42:04,326 :	 553/723,1.2689610031679182e+17,2.0433597178569397e+22,0.008283275,2818166.9942105357,0.25467377822827963
2022-04-07 09:44:02,102 :	 554/723,1.7433288221999946e+17,2.0433597178569397e+22,0.008283275,2819771.599950945,0.25398801698839096
2022-04-07 09:45:59,616 :	 555/723,2.395026619987491e+17,2.0433597178569397e+22,0.008283275,2821362.2102948935,0.2532266560166847
2022-04-07 09:47:59,051 :	 556/723,3.290344562312671e+17,2.0433597178569397e+22,0.008283275,2822891.5221385057,0.25234718646709886
2022-04-07 09:49:58,125 :	 557/723,4.5203536563602406e+17,2.0433597178569397e+22,0.008283275,2824244.7355055166,0.25138220943336276
2022-04-07 09:51:55,585 :	 558/723,6.210169418915603e+17,2.0433597178569397e+22,0.008283275,2825311.4584231637,0.2502884498873188
2022-04-07 09:53:50,016 :	 559/723,8.53167852417278e+17,2.0433597178569397e+22,0.008283275,2827095.7457596962,0.2490558186526374
2022-04-07 09:55:47,032 :	 560/723,1.172102297533484e+18,2.0433597178569397e+22,0.008283275,2828932.354338963,0.24766347809916092
2022-04-07 09:57:41,500 :	 561/723,1.6102620275609426e+18,2.0433597178569397e+22,0.008283275,2830168.6997282035,0.24604314585307518
2022-04-07 09:58:54,016 :	 562/723,2.2122162910704502e+18,2.0433597178569397e+22,0.008283275,2874099.063179952,0.2704891870297256
2022-04-07 10:00:06,398 :	 563/723,3.039195382313195e+18,2.0433597178569397e+22,0.008283275,2873764.0958350278,0.26776667228295176
2022-04-07 10:02:02,720 :	 564/723,4.1753189365603917e+18,2.0433597178569397e+22,0.008283275,2830209.8774606595,0.23923007541028818
2022-04-07 10:03:14,881 :	 565/723,5.736152510448705e+18,2.0433597178569397e+22,0.008283275,2872482.5459066685,0.2610813182501872
2022-04-07 10:05:09,970 :	 566/723,7.880462815669936e+18,2.0433597178569397e+22,0.008283275,2827145.104350133,0.23195350885127253
2022-04-07 10:06:22,714 :	 567/723,1.0826367338740562e+19,2.0433597178569397e+22,0.008283275,2868588.1042296216,0.2515654570649294
2022-04-07 10:08:19,409 :	 568/723,1.4873521072935119e+19,2.0433597178569397e+22,0.008283275,2821949.286978239,0.22074704006846474
2022-04-07 10:09:31,955 :	 569/723,2.0433597178569396e+19,2.0433597178569397e+22,0.007099950000000001,2862979.974726029,0.24066622981324978
2022-04-07 10:11:27,637 :	 570/723,2.80721620394117e+19,2.0433597178569397e+22,0.008283275,2814603.4478469193,0.20313716657713687
2022-04-07 10:12:40,315 :	 571/723,3.856620421163456e+19,2.0433597178569397e+22,0.007099950000000001,2853896.8770504054,0.21311513340223426
2022-04-07 10:13:52,492 :	 572/723,5.298316906283724e+19,2.0433597178569397e+22,0.007099950000000001,2847679.660952714,0.19508389429566025
2022-04-07 10:15:04,702 :	 573/723,7.278953843983161e+19,2.0433597178569397e+22,0.007099950000000001,2846339.8652785206,0.1772212245390305
2022-04-07 10:16:16,367 :	 574/723,1e+20,2.0433597178569397e+22,0.007099950000000001,2830350.2696373328,0.15176826088286952
2022-04-07 10:19:40,053 :	 575/723,1e+16,2.80721620394117e+22,0.007099950000000001,2770736.3921833816,0.008436133513825548
2022-04-07 10:22:59,087 :	 576/723,1.373823795883261e+16,2.80721620394117e+22,0.007099950000000001,2770801.3562727785,0.008436193036693155
2022-04-07 10:26:20,765 :	 577/723,1.887391822135092e+16,2.80721620394117e+22,0.007099950000000001,2770811.5596101373,0.00843536371233543
2022-04-07 10:28:17,463 :	 578/723,2.5929437974046776e+16,2.80721620394117e+22,0.007099950000000001,2793838.313383299,0.008805828889934727
2022-04-07 10:31:37,259 :	 579/723,3.5622478902624516e+16,2.80721620394117e+22,0.007099950000000001,2770905.4946378553,0.00843327517018413
2022-04-07 10:33:33,110 :	 580/723,4.893900918477499e+16,2.80721620394117e+22,0.007099950000000001,2794090.470525521,0.008802405574225765
2022-04-07 10:36:51,792 :	 581/723,6.723357536499335e+16,2.80721620394117e+22,0.007099950000000001,2771016.0416377564,0.00842878078234073
2022-04-07 10:38:48,098 :	 582/723,9.236708571873846e+16,2.80721620394117e+22,0.007099950000000001,2794895.530413155,0.008839541998343456
2022-04-07 10:40:44,711 :	 583/723,1.2689610031679182e+17,2.80721620394117e+22,0.007099950000000001,2794355.8442376098,0.008792736102719786
2022-04-07 10:42:41,376 :	 584/723,1.7433288221999946e+17,2.80721620394117e+22,0.007099950000000001,2794125.0007071816,0.008838820397273349
2022-04-07 10:44:37,491 :	 585/723,2.395026619987491e+17,2.80721620394117e+22,0.007099950000000001,2794816.674587365,0.008782903251327061
2022-04-07 10:45:55,413 :	 586/723,3.290344562312671e+17,2.80721620394117e+22,0.007099950000000001,2841228.318035337,0.009585042415300104
2022-04-07 11:19:45,240 :	 587/723,4.5203536563602406e+17,2.80721620394117e+22,0.007099950000000001,2772220.377388443,0.00839342996030439
2022-04-07 11:20:57,858 :	 588/723,6.210169418915603e+17,2.80721620394117e+22,0.007099950000000001,2841520.095524059,0.00963016830310291
2022-04-07 11:22:55,537 :	 589/723,8.53167852417278e+17,2.80721620394117e+22,0.007099950000000001,2795319.436148518,0.00874195532850465
2022-04-07 11:26:09,913 :	 590/723,1.172102297533484e+18,2.80721620394117e+22,0.007099950000000001,2772946.62877134,0.008351272922701679
2022-04-07 11:43:08,726 :	 591/723,1.6102620275609426e+18,2.80721620394117e+22,0.007099950000000001,2773121.378633835,0.008331476477530152
2022-04-07 11:47:32,840 :	 593/723,3.039195382313195e+18,2.80721620394117e+22,0.007099950000000001,2773187.993767816,0.00827761837456851
2022-04-07 11:55:52,379 :	 594/723,4.1753189365603917e+18,2.80721620394117e+22,0.007099950000000001,2772962.538751835,0.008239781896018277
2022-04-07 11:57:47,441 :	 595/723,5.736152510448705e+18,2.80721620394117e+22,0.007099950000000001,2796232.7305909633,0.00857447325554641
2022-04-07 12:01:10,216 :	 596/723,7.880462815669936e+18,2.80721620394117e+22,0.007099950000000001,2771712.7766253594,0.008128138666128031
2022-04-07 12:02:21,961 :	 597/723,1.0826367338740562e+19,2.80721620394117e+22,0.007099950000000001,2848736.5534989345,0.009694702830747973
2022-04-07 12:05:43,889 :	 598/723,1.4873521072935119e+19,2.80721620394117e+22,0.007099950000000001,2768830.857415725,0.007934473850732314
2022-04-07 12:07:37,629 :	 599/723,2.0433597178569396e+19,2.80721620394117e+22,0.007099950000000001,2788583.5908256643,0.008127934286843896
2022-04-07 12:13:48,909 :	 600/723,2.80721620394117e+19,2.80721620394117e+22,0.007099950000000001,2762594.1140999966,0.007586146753626472
2022-04-07 12:17:07,565 :	 601/723,3.856620421163456e+19,2.80721620394117e+22,0.007099950000000001,2757555.356251918,0.007326231432250108
2022-04-07 12:22:28,526 :	 603/723,7.278953843983161e+19,2.80721620394117e+22,0.007099950000000001,2740758.4923447743,0.006552572295053493
2022-04-07 12:25:48,924 :	 604/723,1e+20,2.80721620394117e+22,0.007099950000000001,2727129.777579846,0.006009516652576712
2022-04-07 12:53:17,982 :	 635/723,1e+16,5.298316906283723e+22,10000000000.0,0.09934152090218776,14466355.689070411
2022-04-07 12:56:37,276 :	 636/723,1.373823795883261e+16,5.298316906283723e+22,10000000000.0,0.025717628450422695,14468891.001985557
2022-04-07 12:59:55,806 :	 637/723,1.887391822135092e+16,5.298316906283723e+22,10000000000.0,0.09223830375109755,14466425.8879305
2022-04-07 13:03:14,952 :	 638/723,2.5929437974046776e+16,5.298316906283723e+22,10000000000.0,0.08438924159985019,14679084.389574517
2022-04-07 13:06:34,331 :	 639/723,3.5622478902624516e+16,5.298316906283723e+22,10000000000.0,0.025083315039190975,14679146.003050525
2022-04-07 13:09:57,043 :	 640/723,4.893900918477499e+16,5.298316906283723e+22,10000000000.0,0.021275914341399086,14469033.17153129
2022-04-07 13:13:17,108 :	 641/723,6.723357536499335e+16,5.298316906283723e+22,10000000000.0,0.08660288842285807,14466805.877606582
2022-04-07 13:16:38,530 :	 642/723,9.236708571873846e+16,5.298316906283723e+22,10000000000.0,0.1734406124568427,14672814.149947641
2022-04-07 13:19:58,671 :	 643/723,1.2689610031679182e+17,5.298316906283723e+22,10000000000.0,0.026836627785341825,14092980.762311513
2022-04-07 13:23:19,145 :	 644/723,1.7433288221999946e+17,5.298316906283723e+22,10000000000.0,0.01247730012491623,14470521.16767318
2022-04-07 13:26:38,581 :	 645/723,2.395026619987491e+17,5.298316906283723e+22,10000000000.0,0.3428868008740472,10971072.173523108
2022-04-07 13:30:00,027 :	 646/723,3.290344562312671e+17,5.298316906283723e+22,10000000000.0,0.029534126193471667,14092923.399642676
2022-04-07 13:36:26,952 :	 647/723,4.5203536563602406e+17,5.298316906283723e+22,10000000000.0,0.05965337321292321,12987785.057506045
2022-04-07 13:39:46,565 :	 648/723,6.210169418915603e+17,5.298316906283723e+22,10000000000.0,0.025588337310282337,14095282.102280442
2022-04-07 13:43:07,282 :	 649/723,8.53167852417278e+17,5.298316906283723e+22,10000000000.0,29.17131683605302,6863474.581150178
2022-04-07 13:46:26,502 :	 650/723,1.172102297533484e+18,5.298316906283723e+22,10000000000.0,0.20867769619079063,12336535.075429812
2022-04-07 13:49:49,809 :	 651/723,1.6102620275609426e+18,5.298316906283723e+22,10000000000.0,0.0519943368502468,13584079.014452161
2022-04-07 13:53:09,276 :	 652/723,2.2122162910704502e+18,5.298316906283723e+22,10000000000.0,0.06755776918177209,13583737.177725982
2022-04-07 13:56:33,226 :	 653/723,3.039195382313195e+18,5.298316906283723e+22,10000000000.0,0.03703414152597387,14469445.214207329
2022-04-07 14:01:58,280 :	 658/723,1.4873521072935119e+19,5.298316906283723e+22,10000000000.0,83.90172556443392,6191782.840122639
2022-04-07 14:07:19,875 :	 665/723,1e+16,7.2789538439831614e+22,10000000000.0,0.0029202841965679256,14476617.901500227
2022-04-07 14:09:54,684 :	 666/723,1.373823795883261e+16,7.2789538439831614e+22,10000000000.0,0.005300366939154569,14476303.567576978
2022-04-07 14:11:59,053 :	 667/723,1.887391822135092e+16,7.2789538439831614e+22,10000000000.0,0.010574433483238051,14684441.213503806
2022-04-07 14:14:17,410 :	 668/723,2.5929437974046776e+16,7.2789538439831614e+22,10000000000.0,0.0056361336289906605,14685209.506360993
