2022-03-14 22:16:56,965 :	 0,	1000000000000000.0,	1e+20 => inf,	  1.59e+03
2022-03-14 22:18:31,486 :	 1,	1000000000000000.0,	1.7575278688808203e+20 => inf,	      21.9
2022-03-14 22:20:05,013 :	 2,	1000000000000000.0,	3.0889042098927587e+20 => inf,	     0.038
2022-03-14 22:21:38,631 :	 3,	1000000000000000.0,	5.428835233189814e+20 => inf,	    0.0102
2022-03-14 22:23:11,044 :	 4,	1000000000000000.0,	9.541329217893205e+20 => inf,	   0.00702
2022-03-14 22:24:42,303 :	 5,	1000000000000000.0,	1.6769152006614153e+21 => inf,	  0.000463
2022-03-14 22:26:58,791 :	 6,	1000000000000000.0,	2.94722519891231e+21 => inf,	  6.79e-05
2022-03-14 22:29:24,313 :	 7,	1000000000000000.0,	5.179830422956205e+21 => inf,	   0.00231
2022-03-14 22:33:08,045 :	 8,	1000000000000000.0,	9.103696324422257e+21 => inf,	     0.286
2022-03-14 22:39:29,767 :	 9,	1000000000000000.0,	1.6000000000000008e+22 => inf,	  1.31e+03
2022-03-14 22:41:06,335 :	 10,	3593813663804625.5,	1e+20 => inf,	  1.59e+03
2022-03-14 22:42:41,054 :	 11,	3593813663804625.5,	1.7575278688808203e+20 => inf,	      21.9
2022-03-14 22:44:15,513 :	 12,	3593813663804625.5,	3.0889042098927587e+20 => inf,	     0.038
2022-03-14 22:45:49,986 :	 13,	3593813663804625.5,	5.428835233189814e+20 => inf,	    0.0102
2022-03-14 22:47:21,455 :	 14,	3593813663804625.5,	9.541329217893205e+20 => inf,	   0.00706
2022-03-14 22:48:52,646 :	 15,	3593813663804625.5,	1.6769152006614153e+21 => inf,	  0.000468
2022-03-14 22:50:18,639 :	 16,	3593813663804625.5,	2.94722519891231e+21 => inf,	  0.000101
2022-03-14 22:52:41,980 :	 17,	3593813663804625.5,	5.179830422956205e+21 => inf,	   0.00453
2022-03-14 22:56:24,168 :	 18,	3593813663804625.5,	9.103696324422257e+21 => inf,	     0.361
2022-03-14 23:02:45,866 :	 19,	3593813663804625.5,	1.6000000000000008e+22 => inf,	   1.4e+03
2022-03-14 23:04:23,146 :	 20,	1.2915496650148828e+16,	1e+20 => inf,	  1.59e+03
2022-03-14 23:05:57,631 :	 21,	1.2915496650148828e+16,	1.7575278688808203e+20 => inf,	      21.9
2022-03-14 23:07:31,340 :	 22,	1.2915496650148828e+16,	3.0889042098927587e+20 => inf,	     0.038
2022-03-14 23:09:05,528 :	 23,	1.2915496650148828e+16,	5.428835233189814e+20 => inf,	    0.0103
2022-03-14 23:10:37,338 :	 24,	1.2915496650148828e+16,	9.541329217893205e+20 => inf,	   0.00719
2022-03-14 23:12:09,115 :	 25,	1.2915496650148828e+16,	1.6769152006614153e+21 => inf,	  0.000485
2022-03-14 23:13:34,818 :	 26,	1.2915496650148828e+16,	2.94722519891231e+21 => inf,	  0.000338
2022-03-14 23:15:58,044 :	 27,	1.2915496650148828e+16,	5.179830422956205e+21 => inf,	     0.106
2022-03-14 23:19:40,674 :	 28,	1.2915496650148828e+16,	9.103696324422257e+21 => inf,	     0.849
2022-03-14 23:26:08,334 :	 29,	1.2915496650148828e+16,	1.6000000000000008e+22 => 0.2944,	  2.86e+04
2022-03-14 23:27:44,830 :	 30,	4.641588833612791e+16,	1e+20 => inf,	  1.58e+03
2022-03-14 23:29:19,712 :	 31,	4.641588833612791e+16,	1.7575278688808203e+20 => inf,	      21.7
2022-03-14 23:30:54,443 :	 32,	4.641588833612791e+16,	3.0889042098927587e+20 => inf,	    0.0387
2022-03-14 23:32:29,364 :	 33,	4.641588833612791e+16,	5.428835233189814e+20 => inf,	    0.0113
2022-03-14 23:34:02,003 :	 34,	4.641588833612791e+16,	9.541329217893205e+20 => inf,	    0.0088
2022-03-14 23:35:33,843 :	 35,	4.641588833612791e+16,	1.6769152006614153e+21 => inf,	   0.00385
2022-03-14 23:37:48,462 :	 36,	4.641588833612791e+16,	2.94722519891231e+21 => inf,	    0.0821
2022-03-14 23:40:06,019 :	 37,	4.641588833612791e+16,	5.179830422956205e+21 => inf,	       3.9
2022-03-14 23:43:50,219 :	 38,	4.641588833612791e+16,	9.103696324422257e+21 => inf,	      8.73
2022-03-14 23:50:20,911 :	 39,	4.641588833612791e+16,	1.6000000000000008e+22 => 0.2928,	  2.27e+04
2022-03-14 23:51:58,357 :	 40,	1.6681005372000557e+17,	1e+20 => inf,	  1.53e+03
2022-03-14 23:53:33,822 :	 41,	1.6681005372000557e+17,	1.7575278688808203e+20 => inf,	      21.2
2022-03-14 23:55:07,759 :	 42,	1.6681005372000557e+17,	3.0889042098927587e+20 => inf,	    0.0411
2022-03-14 23:56:41,894 :	 43,	1.6681005372000557e+17,	5.428835233189814e+20 => inf,	    0.0166
2022-03-14 23:58:14,347 :	 44,	1.6681005372000557e+17,	9.541329217893205e+20 => inf,	    0.0361
2022-03-14 23:59:47,993 :	 45,	1.6681005372000557e+17,	1.6769152006614153e+21 => inf,	       2.1
2022-03-15 00:02:18,684 :	 46,	1.6681005372000557e+17,	2.94722519891231e+21 => 0.1552,	  3.12e+05
2022-03-15 00:04:39,747 :	 47,	1.6681005372000557e+17,	5.179830422956205e+21 => 0.1152,	  1.59e+06
2022-03-15 00:08:21,970 :	 48,	1.6681005372000557e+17,	9.103696324422257e+21 => 0.2816,	  2.06e+03
2022-03-15 00:14:46,050 :	 49,	1.6681005372000557e+17,	1.6000000000000008e+22 => 0.2192,	  4.62e+05
2022-03-15 00:16:23,758 :	 50,	5.994842503189421e+17,	1e+20 => inf,	  1.37e+03
2022-03-15 00:17:59,589 :	 51,	5.994842503189421e+17,	1.7575278688808203e+20 => inf,	      19.2
2022-03-15 00:19:34,082 :	 52,	5.994842503189421e+17,	3.0889042098927587e+20 => inf,	    0.0615
2022-03-15 00:21:10,016 :	 53,	5.994842503189421e+17,	5.428835233189814e+20 => inf,	  1.21e+02
2022-03-15 00:22:46,582 :	 54,	5.994842503189421e+17,	9.541329217893205e+20 => 0.1408,	  2.42e+06
2022-03-15 00:24:22,559 :	 55,	5.994842503189421e+17,	1.6769152006614153e+21 => 0.1136,	  2.49e+06
2022-03-15 00:26:58,897 :	 56,	5.994842503189421e+17,	2.94722519891231e+21 => 0.092799,	  2.58e+06
2022-03-15 00:29:14,682 :	 57,	5.994842503189421e+17,	5.179830422956205e+21 => 0.071999,	   2.6e+06
2022-03-15 00:33:00,139 :	 58,	5.994842503189421e+17,	9.103696324422257e+21 => 0.041599,	  3.97e+06
2022-03-15 00:39:18,890 :	 59,	5.994842503189421e+17,	1.6000000000000008e+22 => 0.0032,	  5.63e+06
2022-03-15 00:41:01,754 :	 60,	2.154434690031878e+18,	1e+20 => inf,	  8.76e+02
2022-03-15 00:42:42,019 :	 61,	2.154434690031878e+18,	1.7575278688808203e+20 => 0.089599,	  4.17e+06
2022-03-15 00:44:20,248 :	 62,	2.154434690031878e+18,	3.0889042098927587e+20 => 0.1088,	  2.86e+06
2022-03-15 00:45:58,298 :	 63,	2.154434690031878e+18,	5.428835233189814e+20 => 0.099198,	  2.67e+06
2022-03-15 00:47:32,914 :	 64,	2.154434690031878e+18,	9.541329217893205e+20 => 0.084799,	  2.71e+06
2022-03-15 00:49:06,877 :	 65,	2.154434690031878e+18,	1.6769152006614153e+21 => 0.070399,	  2.74e+06
2022-03-15 00:50:36,972 :	 66,	2.154434690031878e+18,	2.94722519891231e+21 => 0.059199,	   2.9e+06
2022-03-15 00:52:51,695 :	 67,	2.154434690031878e+18,	5.179830422956205e+21 => 0.047999,	  3.12e+06
2022-03-15 00:56:31,574 :	 68,	2.154434690031878e+18,	9.103696324422257e+21 => 0.0272,	  4.16e+06
2022-03-15 01:02:53,371 :	 69,	2.154434690031878e+18,	1.6000000000000008e+22 => 0.0032,	  5.62e+06
2022-03-15 01:04:33,309 :	 70,	7.742636826811277e+18,	1e+20 => 0.043199,	  5.11e+06
2022-03-15 01:06:11,932 :	 71,	7.742636826811277e+18,	1.7575278688808203e+20 => 0.052799,	  4.06e+06
2022-03-15 01:07:49,495 :	 72,	7.742636826811277e+18,	3.0889042098927587e+20 => 0.062399,	   3.4e+06
2022-03-15 01:09:25,263 :	 73,	7.742636826811277e+18,	5.428835233189814e+20 => 0.057599,	   3.2e+06
2022-03-15 01:10:58,682 :	 74,	7.742636826811277e+18,	9.541329217893205e+20 => 0.054399,	  3.01e+06
2022-03-15 01:12:31,907 :	 75,	7.742636826811277e+18,	1.6769152006614153e+21 => 0.046399,	  2.95e+06
2022-03-15 01:14:01,754 :	 76,	7.742636826811277e+18,	2.94722519891231e+21 => 0.041599,	  3.06e+06
2022-03-15 01:16:14,238 :	 77,	7.742636826811277e+18,	5.179830422956205e+21 => 0.033599,	  3.41e+06
2022-03-15 01:19:49,428 :	 78,	7.742636826811277e+18,	9.103696324422257e+21 => 0.0224,	  4.22e+06
2022-03-15 01:26:06,371 :	 79,	7.742636826811277e+18,	1.6000000000000008e+22 => 0.0032,	  5.58e+06
2022-03-15 01:27:51,245 :	 80,	2.7825594022071144e+19,	1e+20 => 0.032,	  4.55e+06
2022-03-15 01:29:34,318 :	 81,	2.7825594022071144e+19,	1.7575278688808203e+20 => 0.032,	  4.35e+06
2022-03-15 01:31:15,189 :	 82,	2.7825594022071144e+19,	3.0889042098927587e+20 => 0.033599,	  4.12e+06
2022-03-15 01:32:53,441 :	 83,	2.7825594022071144e+19,	5.428835233189814e+20 => 0.033599,	  3.85e+06
2022-03-15 01:34:31,156 :	 84,	2.7825594022071144e+19,	9.541329217893205e+20 => 0.033599,	  3.54e+06
2022-03-15 01:36:45,833 :	 85,	2.7825594022071144e+19,	1.6769152006614153e+21 => 0.032,	  3.26e+06
2022-03-15 01:38:59,686 :	 86,	2.7825594022071144e+19,	2.94722519891231e+21 => 0.0304,	  3.24e+06
2022-03-15 01:41:12,031 :	 87,	2.7825594022071144e+19,	5.179830422956205e+21 => 0.024,	  3.62e+06
