2022-03-21 10:23:48,860 :	 0,	1e+17,	1e+20 => inf,	  6.91e+02
2022-03-21 10:24:20,151 :	 1,	1e+17,	1.685859623784651e+20 => inf,	      11.0
2022-03-21 10:24:50,902 :	 2,	1e+17,	2.8421226711073027e+20 => inf,	    0.0462
2022-03-21 10:25:21,425 :	 3,	1e+17,	4.791419857062785e+20 => inf,	    0.0803
2022-03-21 10:25:53,458 :	 4,	1e+17,	8.077661277622175e+20 => inf,	      2.03
2022-03-21 10:26:27,317 :	 5,	1e+17,	1.3617803002551853e+21 => inf,	  4.21e+03
2022-03-21 10:28:10,441 :	 6,	1e+17,	2.295770424665556e+21 => 0.1872,	  8.19e+05
2022-03-21 10:29:38,963 :	 7,	1e+17,	3.870346664422603e+21 => 0.1408,	  1.42e+06
2022-03-21 10:37:32,841 :	 8,	1e+17,	6.524861171599617e+21 => 0.2464,	  1.79e+05
2022-03-21 10:39:56,258 :	 9,	1e+17,	1.1000000000000008e+22 => 0.0048,	  4.97e+06
2022-03-21 10:40:28,074 :	 10,	2.1773714323611824e+17,	1e+20 => inf,	   6.7e+02
2022-03-21 10:40:59,489 :	 11,	2.1773714323611824e+17,	1.685859623784651e+20 => inf,	      10.7
2022-03-21 10:41:30,603 :	 12,	2.1773714323611824e+17,	2.8421226711073027e+20 => inf,	     0.203
2022-03-21 10:42:04,049 :	 13,	2.1773714323611824e+17,	4.791419857062785e+20 => inf,	  1.09e+02
2022-03-21 10:42:38,466 :	 14,	2.1773714323611824e+17,	8.077661277622175e+20 => 0.216,	  9.69e+05
2022-03-21 10:43:12,727 :	 15,	2.1773714323611824e+17,	1.3617803002551853e+21 => 0.176,	   1.6e+06
2022-03-21 10:45:09,049 :	 16,	2.1773714323611824e+17,	2.295770424665556e+21 => 0.1424,	  1.56e+06
2022-03-21 10:46:38,210 :	 17,	2.1773714323611824e+17,	3.870346664422603e+21 => 0.1088,	  1.54e+06
2022-03-21 10:49:12,311 :	 18,	2.1773714323611824e+17,	6.524861171599617e+21 => 0.0656,	  3.37e+06
2022-03-21 10:53:41,415 :	 19,	2.1773714323611824e+17,	1.1000000000000008e+22 => 0.0048,	  4.96e+06
2022-03-21 10:54:13,453 :	 20,	4.7409463544625875e+17,	1e+20 => inf,	  6.31e+02
2022-03-21 10:54:45,960 :	 21,	4.7409463544625875e+17,	1.685859623784651e+20 => inf,	      22.8
2022-03-21 10:55:19,491 :	 22,	4.7409463544625875e+17,	2.8421226711073027e+20 => 0.224,	  1.65e+06
2022-03-21 10:55:53,656 :	 23,	4.7409463544625875e+17,	4.791419857062785e+20 => 0.192,	  1.68e+06
2022-03-21 10:56:26,409 :	 24,	4.7409463544625875e+17,	8.077661277622175e+20 => 0.16,	  1.74e+06
2022-03-21 10:56:58,773 :	 25,	4.7409463544625875e+17,	1.3617803002551853e+21 => 0.1344,	  1.85e+06
2022-03-21 10:57:50,096 :	 26,	4.7409463544625875e+17,	2.295770424665556e+21 => 0.1088,	  1.94e+06
2022-03-21 10:59:19,607 :	 27,	4.7409463544625875e+17,	3.870346664422603e+21 => 0.0848,	  1.98e+06
2022-03-21 11:01:57,037 :	 28,	4.7409463544625875e+17,	6.524861171599617e+21 => 0.0464,	  3.88e+06
2022-03-21 11:06:38,566 :	 29,	4.7409463544625875e+17,	1.1000000000000008e+22 => 0.0048,	  4.97e+06
2022-03-21 11:07:14,375 :	 30,	1.0322801154563645e+18,	1e+20 => 0.1152,	  4.49e+06
2022-03-21 11:07:49,853 :	 31,	1.0322801154563645e+18,	1.685859623784651e+20 => 0.1376,	  3.21e+06
2022-03-21 11:08:25,090 :	 32,	1.0322801154563645e+18,	2.8421226711073027e+20 => 0.1616,	  1.95e+06
2022-03-21 11:08:59,816 :	 33,	1.0322801154563645e+18,	4.791419857062785e+20 => 0.1456,	  1.83e+06
2022-03-21 11:09:34,984 :	 34,	1.0322801154563645e+18,	8.077661277622175e+20 => 0.1232,	  1.88e+06
2022-03-21 11:10:36,287 :	 35,	1.0322801154563645e+18,	1.3617803002551853e+21 => 0.104,	  2.01e+06
2022-03-21 11:12:22,209 :	 36,	1.0322801154563645e+18,	2.295770424665556e+21 => 0.0848,	  2.18e+06
2022-03-21 11:13:53,448 :	 37,	1.0322801154563645e+18,	3.870346664422603e+21 => 0.0672,	  2.34e+06
2022-03-21 11:16:31,791 :	 38,	1.0322801154563645e+18,	6.524861171599617e+21 => 0.0352,	  4.15e+06
2022-03-21 11:19:05,958 :	 39,	1.0322801154563645e+18,	1.1000000000000008e+22 => 0.0048,	  4.98e+06
2022-03-21 11:19:40,998 :	 40,	2.2476572335891914e+18,	1e+20 => 0.0832,	  4.51e+06
2022-03-21 11:20:16,460 :	 41,	2.2476572335891914e+18,	1.685859623784651e+20 => 0.1008,	  3.28e+06
2022-03-21 11:20:51,491 :	 42,	2.2476572335891914e+18,	2.8421226711073027e+20 => 0.12,	  2.15e+06
2022-03-21 11:21:27,298 :	 43,	2.2476572335891914e+18,	4.791419857062785e+20 => 0.1104,	  1.98e+06
2022-03-21 11:22:01,971 :	 44,	2.2476572335891914e+18,	8.077661277622175e+20 => 0.095999,	  2.01e+06
2022-03-21 11:22:57,186 :	 45,	2.2476572335891914e+18,	1.3617803002551853e+21 => 0.0832,	  2.12e+06
2022-03-21 11:23:48,808 :	 46,	2.2476572335891914e+18,	2.295770424665556e+21 => 0.0688,	  2.35e+06
2022-03-21 11:25:17,455 :	 47,	2.2476572335891914e+18,	3.870346664422603e+21 => 0.0544,	  2.61e+06
2022-03-21 11:27:55,991 :	 48,	2.2476572335891914e+18,	6.524861171599617e+21 => 0.0288,	  4.46e+06
2022-03-21 11:30:28,174 :	 49,	2.2476572335891914e+18,	1.1000000000000008e+22 => 0.0032,	  4.97e+06
2022-03-21 11:31:03,761 :	 50,	4.89398465015707e+18,	1e+20 => 0.064,	  4.34e+06
2022-03-21 11:31:39,114 :	 51,	4.89398465015707e+18,	1.685859623784651e+20 => 0.0768,	  3.27e+06
2022-03-21 11:32:13,722 :	 52,	4.89398465015707e+18,	2.8421226711073027e+20 => 0.0896,	   2.5e+06
2022-03-21 11:32:50,522 :	 53,	4.89398465015707e+18,	4.791419857062785e+20 => 0.0848,	  2.23e+06
2022-03-21 11:33:28,123 :	 54,	4.89398465015707e+18,	8.077661277622175e+20 => 0.0768,	  2.14e+06
2022-03-21 11:45:26,181 :	 55,	4.89398465015707e+18,	1.3617803002551853e+21 => 0.0672,	  2.22e+06
2022-03-21 11:46:16,459 :	 56,	4.89398465015707e+18,	2.295770424665556e+21 => 0.056,	  2.46e+06
2022-03-21 11:47:38,078 :	 57,	4.89398465015707e+18,	3.870346664422603e+21 => 0.0448,	  2.79e+06
2022-03-21 11:50:00,426 :	 58,	4.89398465015707e+18,	6.524861171599617e+21 => 0.0128,	  4.82e+06
2022-03-21 11:54:27,871 :	 59,	4.89398465015707e+18,	1.1000000000000008e+22 => 0.0032,	  4.93e+06
2022-03-21 11:55:04,274 :	 60,	1.0656022367666141e+19,	1e+20 => 0.0544,	  3.95e+06
2022-03-21 11:55:41,007 :	 61,	1.0656022367666141e+19,	1.685859623784651e+20 => 0.0624,	  3.26e+06
2022-03-21 11:56:17,913 :	 62,	1.0656022367666141e+19,	2.8421226711073027e+20 => 0.0672,	  2.89e+06
2022-03-21 11:56:54,584 :	 63,	1.0656022367666141e+19,	4.791419857062785e+20 => 0.0656,	  2.59e+06
2022-03-21 11:57:44,601 :	 64,	1.0656022367666141e+19,	8.077661277622175e+20 => 0.0624,	  2.32e+06
2022-03-21 11:58:34,824 :	 65,	1.0656022367666141e+19,	1.3617803002551853e+21 => 0.0544,	  2.33e+06
2022-03-21 11:59:23,341 :	 66,	1.0656022367666141e+19,	2.295770424665556e+21 => 0.048,	  2.56e+06
2022-03-21 12:00:46,756 :	 67,	1.0656022367666141e+19,	3.870346664422603e+21 => 0.0384,	  2.96e+06
2022-03-21 12:03:13,075 :	 68,	1.0656022367666141e+19,	6.524861171599617e+21 => 0.0048,	  4.77e+06
2022-03-21 12:07:51,960 :	 70,	2.3202118685958025e+19,	1e+20 => 0.0464,	  3.82e+06
2022-03-21 12:08:43,263 :	 71,	2.3202118685958025e+19,	1.685859623784651e+20 => 0.048,	  3.58e+06
2022-03-21 12:09:34,394 :	 72,	2.3202118685958025e+19,	2.8421226711073027e+20 => 0.048,	   3.3e+06
2022-03-21 12:10:24,436 :	 73,	2.3202118685958025e+19,	4.791419857062785e+20 => 0.048,	  2.97e+06
2022-03-21 12:11:45,280 :	 74,	2.3202118685958025e+19,	8.077661277622175e+20 => 0.0496,	  2.62e+06
2022-03-21 12:13:06,469 :	 75,	2.3202118685958025e+19,	1.3617803002551853e+21 => 0.0448,	  2.47e+06
2022-03-21 12:14:26,415 :	 76,	2.3202118685958025e+19,	2.295770424665556e+21 => 0.0416,	  2.68e+06
2022-03-21 12:15:45,673 :	 77,	2.3202118685958025e+19,	3.870346664422603e+21 => 0.0336,	   3.1e+06
2022-03-21 12:18:06,311 :	 78,	2.3202118685958025e+19,	6.524861171599617e+21 => 0.0048,	  4.75e+06
2022-03-21 12:22:31,193 :	 79,	2.3202118685958025e+19,	1.1000000000000008e+22 => 0.0048,	  4.89e+06
2022-03-21 12:23:57,532 :	 80,	5.051963039705817e+19,	1e+20 => 0.032,	  4.23e+06
2022-03-21 12:25:23,454 :	 81,	5.051963039705817e+19,	1.685859623784651e+20 => 0.0336,	  4.04e+06
2022-03-21 12:26:47,470 :	 82,	5.051963039705817e+19,	2.8421226711073027e+20 => 0.0352,	  3.75e+06
2022-03-21 12:28:11,600 :	 83,	5.051963039705817e+19,	4.791419857062785e+20 => 0.0352,	  3.39e+06
2022-03-21 12:29:33,482 :	 84,	5.051963039705817e+19,	8.077661277622175e+20 => 0.0368,	     3e+06
2022-03-21 12:31:55,029 :	 85,	5.051963039705817e+19,	1.3617803002551853e+21 => 0.0368,	  2.69e+06
2022-03-21 12:34:16,465 :	 86,	5.051963039705817e+19,	2.295770424665556e+21 => 0.0336,	  2.82e+06
2022-03-21 12:36:37,714 :	 87,	5.051963039705817e+19,	3.870346664422603e+21 => 0.0272,	  3.24e+06
2022-03-21 12:38:58,591 :	 88,	5.051963039705817e+19,	6.524861171599617e+21 => 0.0064,	  4.73e+06
2022-03-21 12:43:19,961 :	 89,	5.051963039705817e+19,	1.1000000000000008e+22 => 0.0048,	  4.86e+06
2022-03-21 12:45:54,371 :	 90,	1.1000000000000008e+20,	1e+20 => 0.0224,	  4.47e+06
2022-03-21 12:48:28,486 :	 91,	1.1000000000000008e+20,	1.685859623784651e+20 => 0.024,	  4.31e+06
2022-03-21 12:50:59,157 :	 92,	1.1000000000000008e+20,	2.8421226711073027e+20 => 0.0256,	  4.07e+06
2022-03-21 12:53:27,764 :	 93,	1.1000000000000008e+20,	4.791419857062785e+20 => 0.0256,	  3.75e+06
2022-03-21 13:19:59,913 :	 95,	1.1000000000000008e+20,	1.3617803002551853e+21 => 0.0288,	  3.02e+06
2022-03-21 13:24:42,470 :	 96,	1.1000000000000008e+20,	2.295770424665556e+21 => 0.0288,	  3.01e+06
2022-03-21 13:29:31,001 :	 97,	1.1000000000000008e+20,	3.870346664422603e+21 => 0.0224,	  3.37e+06
2022-03-21 13:34:13,095 :	 98,	1.1000000000000008e+20,	6.524861171599617e+21 => 0.0064,	  4.69e+06
2022-03-21 13:39:01,875 :	 99,	1.1000000000000008e+20,	1.1000000000000008e+22 => 0.0048,	  4.82e+06
