2022-03-10 10:51:08,715 :	 0,	1e+17,	1e+20 => inf,	  1.41e+03
2022-03-10 10:51:35,264 :	 1,	1e+17,	1.6681005372000587e+20 => inf,	      31.2
2022-03-10 10:52:01,574 :	 2,	1e+17,	2.7825594022071245e+20 => inf,	     0.116
2022-03-10 10:52:28,048 :	 3,	1e+17,	4.641588833612779e+20 => inf,	    0.0146
2022-03-10 10:52:54,570 :	 4,	1e+17,	7.742636826811269e+20 => inf,	    0.0149
2022-03-10 10:53:20,544 :	 5,	1e+17,	1.291549665014884e+21 => inf,	     0.018
2022-03-10 10:53:45,451 :	 6,	1e+17,	2.154434690031883e+21 => inf,	     0.172
2022-03-10 10:54:11,058 :	 7,	1e+17,	3.593813663804626e+21 => inf,	  1.86e+02
2022-03-10 10:54:36,765 :	 8,	1e+17,	5.994842503189409e+21 => 0.1424,	  2.13e+05
2022-03-10 10:55:01,917 :	 9,	1e+17,	1e+22 => 0.1072,	  3.78e+04
2022-03-10 10:55:28,944 :	 10,	1.6681005372000592e+17,	1e+20 => inf,	  1.38e+03
2022-03-10 10:55:55,630 :	 11,	1.6681005372000592e+17,	1.6681005372000587e+20 => inf,	      30.7
2022-03-10 10:56:22,349 :	 12,	1.6681005372000592e+17,	2.7825594022071245e+20 => inf,	     0.117
2022-03-10 10:56:48,978 :	 13,	1.6681005372000592e+17,	4.641588833612779e+20 => inf,	    0.0156
2022-03-10 10:57:15,705 :	 14,	1.6681005372000592e+17,	7.742636826811269e+20 => inf,	    0.0222
2022-03-10 10:57:42,067 :	 15,	1.6681005372000592e+17,	1.291549665014884e+21 => inf,	    0.0977
2022-03-10 10:58:07,753 :	 16,	1.6681005372000592e+17,	2.154434690031883e+21 => inf,	  2.53e+02
2022-03-10 10:58:33,429 :	 17,	1.6681005372000592e+17,	3.593813663804626e+21 => 0.1504,	  1.02e+06
2022-03-10 10:58:58,933 :	 18,	1.6681005372000592e+17,	5.994842503189409e+21 => 0.1216,	  5.86e+05
2022-03-10 10:59:24,308 :	 19,	1.6681005372000592e+17,	1e+22 => 0.0912,	  2.62e+05
2022-03-10 10:59:51,322 :	 20,	2.7825594022071258e+17,	1e+20 => inf,	  1.34e+03
2022-03-10 11:00:18,220 :	 21,	2.7825594022071258e+17,	1.6681005372000587e+20 => inf,	      29.9
2022-03-10 11:00:44,700 :	 22,	2.7825594022071258e+17,	2.7825594022071245e+20 => inf,	     0.114
2022-03-10 11:01:11,478 :	 23,	2.7825594022071258e+17,	4.641588833612779e+20 => inf,	    0.0207
2022-03-10 11:01:38,629 :	 24,	2.7825594022071258e+17,	7.742636826811269e+20 => inf,	    0.0857
2022-03-10 11:02:05,715 :	 25,	2.7825594022071258e+17,	1.291549665014884e+21 => inf,	      37.9
2022-03-10 11:02:31,315 :	 26,	2.7825594022071258e+17,	2.154434690031883e+21 => 0.152,	   1.7e+06
2022-03-10 11:02:56,758 :	 27,	2.7825594022071258e+17,	3.593813663804626e+21 => 0.1264,	  1.39e+06
2022-03-10 11:03:22,221 :	 28,	2.7825594022071258e+17,	5.994842503189409e+21 => 0.104,	  9.81e+05
2022-03-10 11:03:50,448 :	 29,	2.7825594022071258e+17,	1e+22 => 0.0784,	  6.49e+05
2022-03-10 11:04:17,669 :	 30,	4.641588833612777e+17,	1e+20 => inf,	  1.28e+03
2022-03-10 11:04:44,462 :	 31,	4.641588833612777e+17,	1.6681005372000587e+20 => inf,	      28.6
2022-03-10 11:05:11,052 :	 32,	4.641588833612777e+17,	2.7825594022071245e+20 => inf,	     0.115
2022-03-10 11:05:37,862 :	 33,	4.641588833612777e+17,	4.641588833612779e+20 => inf,	    0.0696
2022-03-10 11:06:05,757 :	 34,	4.641588833612777e+17,	7.742636826811269e+20 => inf,	      46.9
2022-03-10 11:06:33,568 :	 35,	4.641588833612777e+17,	1.291549665014884e+21 => 0.144,	  2.14e+06
2022-03-10 11:06:59,550 :	 36,	4.641588833612777e+17,	2.154434690031883e+21 => 0.1232,	  1.96e+06
2022-03-10 11:07:28,769 :	 37,	4.641588833612777e+17,	3.593813663804626e+21 => 0.104,	   1.7e+06
2022-03-10 11:07:57,051 :	 38,	4.641588833612777e+17,	5.994842503189409e+21 => 0.088,	  1.34e+06
2022-03-10 11:08:24,825 :	 39,	4.641588833612777e+17,	1e+22 => 0.0688,	  1.04e+06
2022-03-10 11:08:52,128 :	 40,	7.742636826811269e+17,	1e+20 => inf,	  1.17e+03
2022-03-10 11:09:19,059 :	 41,	7.742636826811269e+17,	1.6681005372000587e+20 => inf,	      26.6
2022-03-10 11:09:45,853 :	 42,	7.742636826811269e+17,	2.7825594022071245e+20 => inf,	     0.181
2022-03-10 11:10:13,656 :	 43,	7.742636826811269e+17,	4.641588833612779e+20 => inf,	  1.19e+02
2022-03-10 11:10:42,471 :	 44,	7.742636826811269e+17,	7.742636826811269e+20 => 0.1392,	  2.39e+06
2022-03-10 11:11:14,570 :	 45,	7.742636826811269e+17,	1.291549665014884e+21 => 0.1152,	  2.32e+06
2022-03-10 11:11:43,878 :	 46,	7.742636826811269e+17,	2.154434690031883e+21 => 0.1024,	  2.16e+06
2022-03-10 11:12:12,155 :	 47,	7.742636826811269e+17,	3.593813663804626e+21 => 0.0864,	  1.95e+06
2022-03-10 11:12:39,703 :	 48,	7.742636826811269e+17,	5.994842503189409e+21 => 0.0752,	  1.63e+06
2022-03-10 11:13:06,725 :	 49,	7.742636826811269e+17,	1e+22 => 0.0608,	  1.39e+06
2022-03-10 11:13:34,389 :	 50,	1.2915496650148838e+18,	1e+20 => inf,	   9.9e+02
2022-03-10 11:14:01,779 :	 51,	1.2915496650148838e+18,	1.6681005372000587e+20 => inf,	      23.3
2022-03-10 11:14:29,211 :	 52,	1.2915496650148838e+18,	2.7825594022071245e+20 => inf,	  2.76e+04
2022-03-10 11:14:59,273 :	 53,	1.2915496650148838e+18,	4.641588833612779e+20 => 0.1312,	  2.52e+06
2022-03-10 11:15:32,555 :	 54,	1.2915496650148838e+18,	7.742636826811269e+20 => 0.112,	  2.51e+06
2022-03-10 11:16:04,186 :	 55,	1.2915496650148838e+18,	1.291549665014884e+21 => 0.096,	  2.46e+06
2022-03-10 11:16:32,924 :	 56,	1.2915496650148838e+18,	2.154434690031883e+21 => 0.0832,	  2.33e+06
2022-03-10 11:17:01,028 :	 57,	1.2915496650148838e+18,	3.593813663804626e+21 => 0.072,	  2.15e+06
2022-03-10 11:17:28,500 :	 58,	1.2915496650148838e+18,	5.994842503189409e+21 => 0.064,	  1.88e+06
2022-03-10 11:17:55,256 :	 59,	1.2915496650148838e+18,	1e+22 => 0.0544,	  1.67e+06
2022-03-10 11:18:25,249 :	 60,	2.1544346900318833e+18,	1e+20 => inf,	  7.88e+02
2022-03-10 11:18:53,747 :	 61,	2.1544346900318833e+18,	1.6681005372000587e+20 => 0.088,	  4.27e+06
2022-03-10 11:19:25,862 :	 62,	2.1544346900318833e+18,	2.7825594022071245e+20 => 0.1056,	     3e+06
2022-03-10 11:19:59,586 :	 63,	2.1544346900318833e+18,	4.641588833612779e+20 => 0.104,	  2.64e+06
2022-03-10 11:20:31,795 :	 64,	2.1544346900318833e+18,	7.742636826811269e+20 => 0.0912,	  2.62e+06
2022-03-10 11:21:02,305 :	 65,	2.1544346900318833e+18,	1.291549665014884e+21 => 0.0784,	  2.58e+06
2022-03-10 11:21:30,327 :	 66,	2.1544346900318833e+18,	2.154434690031883e+21 => 0.0688,	  2.47e+06
2022-03-10 11:21:57,899 :	 67,	2.1544346900318833e+18,	3.593813663804626e+21 => 0.0608,	  2.33e+06
2022-03-10 11:22:24,949 :	 68,	2.1544346900318833e+18,	5.994842503189409e+21 => 0.0544,	  2.09e+06
2022-03-10 11:22:51,136 :	 69,	2.1544346900318833e+18,	1e+22 => 0.0464,	  1.92e+06
2022-03-10 11:23:22,009 :	 70,	3.593813663804626e+18,	1e+20 => 0.0592,	  5.39e+06
2022-03-10 11:23:52,934 :	 71,	3.593813663804626e+18,	1.6681005372000587e+20 => 0.0704,	  4.27e+06
2022-03-10 11:24:25,211 :	 72,	3.593813663804626e+18,	2.7825594022071245e+20 => 0.0832,	  3.17e+06
2022-03-10 11:24:56,856 :	 73,	3.593813663804626e+18,	4.641588833612779e+20 => 0.0832,	  2.86e+06
2022-03-10 11:25:28,249 :	 74,	3.593813663804626e+18,	7.742636826811269e+20 => 0.0752,	  2.74e+06
2022-03-10 11:25:58,445 :	 75,	3.593813663804626e+18,	1.291549665014884e+21 => 0.0656,	  2.69e+06
2022-03-10 11:26:26,310 :	 76,	3.593813663804626e+18,	2.154434690031883e+21 => 0.0592,	  2.59e+06
2022-03-10 11:26:53,516 :	 77,	3.593813663804626e+18,	3.593813663804626e+21 => 0.0512,	  2.47e+06
2022-03-10 11:27:32,693 :	 78,	3.593813663804626e+18,	5.994842503189409e+21 => 0.048,	  2.23e+06
2022-03-10 11:28:12,131 :	 79,	3.593813663804626e+18,	1e+22 => 0.0416,	  2.09e+06
2022-03-10 11:28:42,736 :	 80,	5.994842503189409e+18,	1e+20 => 0.048,	  5.22e+06
2022-03-10 11:29:13,350 :	 81,	5.994842503189409e+18,	1.6681005372000587e+20 => 0.0576,	   4.2e+06
2022-03-10 11:29:44,618 :	 82,	5.994842503189409e+18,	2.7825594022071245e+20 => 0.0688,	  3.36e+06
2022-03-10 11:30:15,201 :	 83,	5.994842503189409e+18,	4.641588833612779e+20 => 0.0656,	  3.11e+06
2022-03-10 11:30:45,730 :	 84,	5.994842503189409e+18,	7.742636826811269e+20 => 0.0608,	  2.91e+06
2022-03-10 11:31:30,408 :	 85,	5.994842503189409e+18,	1.291549665014884e+21 => 0.0544,	  2.78e+06
