2022-03-12 18:01:11,290 :	 0,	1000000000000000.0,	1e+20 => inf,	  1.57e+03
2022-03-12 18:01:56,180 :	 1,	1000000000000000.0,	1.306189880700998e+20 => inf,	  2.63e+02
2022-03-12 18:02:40,654 :	 2,	1000000000000000.0,	1.7061320044456873e+20 => inf,	      28.5
2022-03-12 18:03:24,995 :	 3,	1000000000000000.0,	2.228532359347049e+20 => inf,	      1.85
2022-03-12 18:04:09,228 :	 4,	1000000000000000.0,	2.9108864165938355e+20 => inf,	    0.0734
2022-03-12 18:04:53,039 :	 5,	1000000000000000.0,	3.8021703812248574e+20 => inf,	    0.0115
2022-03-12 18:05:37,334 :	 6,	1000000000000000.0,	4.966356476656965e+20 => inf,	    0.0104
2022-03-12 18:06:21,697 :	 7,	1000000000000000.0,	6.48700457376319e+20 => inf,	   0.00963
2022-03-12 18:07:05,438 :	 8,	1000000000000000.0,	8.4732597303105e+20 => inf,	   0.00797
2022-03-12 18:07:48,588 :	 9,	1000000000000000.0,	1.1067686116282842e+21 => inf,	   0.00549
2022-03-12 18:08:31,520 :	 10,	1000000000000000.0,	1.445649960786358e+21 => inf,	   0.00211
2022-03-12 18:09:13,742 :	 11,	1000000000000000.0,	1.8882933498149352e+21 => inf,	  1.74e-11
2022-03-12 18:09:53,379 :	 12,	1000000000000000.0,	2.466469665323258e+21 => inf,	   2.8e-11
2022-03-12 18:10:33,042 :	 13,	1000000000000000.0,	3.2216777179011906e+21 => inf,	   4.4e-11
2022-03-12 18:11:13,154 :	 14,	1000000000000000.0,	4.2081228340024196e+21 => inf,	  8.51e-11
2022-03-12 18:11:52,932 :	 15,	1000000000000000.0,	5.496607462520766e+21 => inf,	  2.59e-10
2022-03-12 18:12:31,916 :	 16,	1000000000000000.0,	7.179613045730216e+21 => inf,	  3.93e-09
2022-03-12 18:13:11,674 :	 17,	1000000000000000.0,	9.377937907681603e+21 => inf,	  0.000262
2022-03-12 18:13:52,129 :	 18,	1000000000000000.0,	1.2249367596855999e+22 => 0.2896,	    0.0719
2022-03-12 18:14:58,934 :	 19,	1000000000000000.0,	1.6000000000000008e+22 => 0.2336,	     0.818
2022-03-12 18:15:44,327 :	 20,	1832980710832437.5,	1e+20 => inf,	  1.57e+03
2022-03-12 18:16:29,363 :	 21,	1832980710832437.5,	1.306189880700998e+20 => inf,	  2.63e+02
2022-03-12 18:17:13,976 :	 22,	1832980710832437.5,	1.7061320044456873e+20 => inf,	      28.5
2022-03-12 18:17:58,310 :	 23,	1832980710832437.5,	2.228532359347049e+20 => inf,	      1.85
2022-03-12 18:18:42,739 :	 24,	1832980710832437.5,	2.9108864165938355e+20 => inf,	    0.0734
2022-03-12 18:19:26,708 :	 25,	1832980710832437.5,	3.8021703812248574e+20 => inf,	    0.0115
2022-03-12 18:20:10,839 :	 26,	1832980710832437.5,	4.966356476656965e+20 => inf,	    0.0104
2022-03-12 18:20:55,151 :	 27,	1832980710832437.5,	6.48700457376319e+20 => inf,	   0.00964
2022-03-12 18:21:39,037 :	 28,	1832980710832437.5,	8.4732597303105e+20 => inf,	   0.00798
2022-03-12 18:22:22,194 :	 29,	1832980710832437.5,	1.1067686116282842e+21 => inf,	    0.0055
2022-03-12 18:23:04,964 :	 30,	1832980710832437.5,	1.445649960786358e+21 => inf,	   0.00211
2022-03-12 18:23:47,263 :	 31,	1832980710832437.5,	1.8882933498149352e+21 => inf,	  1.71e-11
2022-03-12 18:24:26,912 :	 32,	1832980710832437.5,	2.466469665323258e+21 => inf,	  2.78e-11
2022-03-12 18:25:06,599 :	 33,	1832980710832437.5,	3.2216777179011906e+21 => inf,	  4.29e-11
2022-03-12 18:25:46,852 :	 34,	1832980710832437.5,	4.2081228340024196e+21 => inf,	  8.86e-11
2022-03-12 18:26:26,513 :	 35,	1832980710832437.5,	5.496607462520766e+21 => inf,	  2.65e-10
2022-03-12 18:27:05,482 :	 36,	1832980710832437.5,	7.179613045730216e+21 => inf,	  3.83e-09
2022-03-12 18:27:45,148 :	 37,	1832980710832437.5,	9.377937907681603e+21 => inf,	  0.000436
2022-03-12 18:28:25,709 :	 38,	1832980710832437.5,	1.2249367596855999e+22 => 0.2864,	    0.0992
2022-03-12 18:29:32,471 :	 39,	1832980710832437.5,	1.6000000000000008e+22 => 0.2336,	     0.843
2022-03-12 18:30:17,900 :	 40,	3359818286283788.0,	1e+20 => inf,	  1.57e+03
2022-03-12 18:31:02,896 :	 41,	3359818286283788.0,	1.306189880700998e+20 => inf,	  2.62e+02
2022-03-12 18:31:47,439 :	 42,	3359818286283788.0,	1.7061320044456873e+20 => inf,	      28.5
2022-03-12 18:32:31,933 :	 43,	3359818286283788.0,	2.228532359347049e+20 => inf,	      1.85
2022-03-12 18:33:16,025 :	 44,	3359818286283788.0,	2.9108864165938355e+20 => inf,	    0.0734
2022-03-12 18:33:59,895 :	 45,	3359818286283788.0,	3.8021703812248574e+20 => inf,	    0.0115
2022-03-12 18:34:44,132 :	 46,	3359818286283788.0,	4.966356476656965e+20 => inf,	    0.0104
2022-03-12 18:35:28,964 :	 47,	3359818286283788.0,	6.48700457376319e+20 => inf,	   0.00966
2022-03-12 18:36:12,672 :	 48,	3359818286283788.0,	8.4732597303105e+20 => inf,	     0.008
2022-03-12 18:36:55,880 :	 49,	3359818286283788.0,	1.1067686116282842e+21 => inf,	   0.00552
2022-03-12 18:37:38,703 :	 50,	3359818286283788.0,	1.445649960786358e+21 => inf,	   0.00212
2022-03-12 18:38:21,112 :	 51,	3359818286283788.0,	1.8882933498149352e+21 => inf,	  1.69e-11
2022-03-12 18:39:00,726 :	 52,	3359818286283788.0,	2.466469665323258e+21 => inf,	  2.73e-11
2022-03-12 18:39:40,473 :	 53,	3359818286283788.0,	3.2216777179011906e+21 => inf,	  4.47e-11
2022-03-12 18:40:20,694 :	 54,	3359818286283788.0,	4.2081228340024196e+21 => inf,	  9.12e-11
2022-03-12 18:41:00,336 :	 55,	3359818286283788.0,	5.496607462520766e+21 => inf,	  2.77e-10
2022-03-12 18:41:39,513 :	 56,	3359818286283788.0,	7.179613045730216e+21 => inf,	     4e-09
2022-03-12 18:42:19,286 :	 57,	3359818286283788.0,	9.377937907681603e+21 => inf,	  0.000994
2022-03-12 18:43:00,363 :	 58,	3359818286283788.0,	1.2249367596855999e+22 => 0.2528,	     0.197
2022-03-12 18:43:42,304 :	 59,	3359818286283788.0,	1.6000000000000008e+22 => 0.2432,	     0.941
2022-03-12 18:44:27,685 :	 60,	6158482110660254.0,	1e+20 => inf,	  1.57e+03
2022-03-12 18:45:12,725 :	 61,	6158482110660254.0,	1.306189880700998e+20 => inf,	  2.62e+02
2022-03-12 18:45:57,455 :	 62,	6158482110660254.0,	1.7061320044456873e+20 => inf,	      28.5
2022-03-12 18:46:41,793 :	 63,	6158482110660254.0,	2.228532359347049e+20 => inf,	      1.85
2022-03-12 18:47:26,055 :	 64,	6158482110660254.0,	2.9108864165938355e+20 => inf,	    0.0734
2022-03-12 18:48:09,986 :	 65,	6158482110660254.0,	3.8021703812248574e+20 => inf,	    0.0115
2022-03-12 18:48:54,189 :	 66,	6158482110660254.0,	4.966356476656965e+20 => inf,	    0.0104
2022-03-12 18:49:38,598 :	 67,	6158482110660254.0,	6.48700457376319e+20 => inf,	    0.0097
2022-03-12 18:50:22,501 :	 68,	6158482110660254.0,	8.4732597303105e+20 => inf,	   0.00803
2022-03-12 18:51:05,580 :	 69,	6158482110660254.0,	1.1067686116282842e+21 => inf,	   0.00556
2022-03-12 18:51:48,440 :	 70,	6158482110660254.0,	1.445649960786358e+21 => inf,	   0.00214
2022-03-12 18:52:30,796 :	 71,	6158482110660254.0,	1.8882933498149352e+21 => inf,	  1.69e-11
2022-03-12 18:53:10,356 :	 72,	6158482110660254.0,	2.466469665323258e+21 => inf,	  2.76e-11
2022-03-12 18:53:50,614 :	 73,	6158482110660254.0,	3.2216777179011906e+21 => inf,	  4.49e-11
2022-03-12 18:54:30,892 :	 74,	6158482110660254.0,	4.2081228340024196e+21 => inf,	  9.51e-11
2022-03-12 18:55:10,656 :	 75,	6158482110660254.0,	5.496607462520766e+21 => inf,	   3.1e-10
2022-03-12 18:55:49,817 :	 76,	6158482110660254.0,	7.179613045730216e+21 => inf,	  1.89e-06
2022-03-12 18:56:29,277 :	 77,	6158482110660254.0,	9.377937907681603e+21 => inf,	   0.00616
2022-03-12 18:57:10,645 :	 78,	6158482110660254.0,	1.2249367596855999e+22 => 0.264,	     0.321
2022-03-12 18:57:52,897 :	 79,	6158482110660254.0,	1.6000000000000008e+22 => 0.2416,	     0.931
2022-03-12 18:58:38,488 :	 80,	1.128837891684693e+16,	1e+20 => inf,	  1.57e+03
2022-03-12 18:59:23,480 :	 81,	1.128837891684693e+16,	1.306189880700998e+20 => inf,	  2.62e+02
2022-03-12 19:00:08,143 :	 82,	1.128837891684693e+16,	1.7061320044456873e+20 => inf,	      28.5
2022-03-12 19:00:52,558 :	 83,	1.128837891684693e+16,	2.228532359347049e+20 => inf,	      1.85
2022-03-12 19:01:37,045 :	 84,	1.128837891684693e+16,	2.9108864165938355e+20 => inf,	    0.0734
2022-03-12 19:02:20,877 :	 85,	1.128837891684693e+16,	3.8021703812248574e+20 => inf,	    0.0116
2022-03-12 19:03:05,227 :	 86,	1.128837891684693e+16,	4.966356476656965e+20 => inf,	    0.0105
2022-03-12 19:03:49,606 :	 87,	1.128837891684693e+16,	6.48700457376319e+20 => inf,	   0.00976
2022-03-12 19:04:33,460 :	 88,	1.128837891684693e+16,	8.4732597303105e+20 => inf,	    0.0081
2022-03-12 19:05:16,444 :	 89,	1.128837891684693e+16,	1.1067686116282842e+21 => inf,	   0.00562
2022-03-12 19:05:59,489 :	 90,	1.128837891684693e+16,	1.445649960786358e+21 => inf,	   0.00218
2022-03-12 19:06:42,214 :	 91,	1.128837891684693e+16,	1.8882933498149352e+21 => inf,	   1.7e-11
2022-03-12 19:07:22,203 :	 92,	1.128837891684693e+16,	2.466469665323258e+21 => inf,	  2.94e-11
2022-03-12 19:08:02,613 :	 93,	1.128837891684693e+16,	3.2216777179011906e+21 => inf,	  5.06e-11
2022-03-12 19:08:42,983 :	 94,	1.128837891684693e+16,	4.2081228340024196e+21 => inf,	  1.11e-10
2022-03-12 19:09:23,421 :	 95,	1.128837891684693e+16,	5.496607462520766e+21 => inf,	   0.00174
2022-03-12 19:10:02,773 :	 96,	1.128837891684693e+16,	7.179613045730216e+21 => inf,	   0.00317
2022-03-12 19:10:42,549 :	 97,	1.128837891684693e+16,	9.377937907681603e+21 => inf,	    0.0639
2022-03-12 19:11:24,285 :	 98,	1.128837891684693e+16,	1.2249367596855999e+22 => 0.264,	     0.711
2022-03-12 19:12:06,469 :	 99,	1.128837891684693e+16,	1.6000000000000008e+22 => 0.2512,	      1.07
2022-03-12 19:12:51,832 :	 100,	2.0691380811147816e+16,	1e+20 => inf,	  1.56e+03
2022-03-12 19:13:36,870 :	 101,	2.0691380811147816e+16,	1.306189880700998e+20 => inf,	  2.61e+02
2022-03-12 19:14:21,624 :	 102,	2.0691380811147816e+16,	1.7061320044456873e+20 => inf,	      28.4
2022-03-12 19:15:05,880 :	 103,	2.0691380811147816e+16,	2.228532359347049e+20 => inf,	      1.84
2022-03-12 19:15:50,211 :	 104,	2.0691380811147816e+16,	2.9108864165938355e+20 => inf,	    0.0734
2022-03-12 19:16:34,057 :	 105,	2.0691380811147816e+16,	3.8021703812248574e+20 => inf,	    0.0116
2022-03-12 19:17:18,329 :	 106,	2.0691380811147816e+16,	4.966356476656965e+20 => inf,	    0.0106
2022-03-12 19:18:02,677 :	 107,	2.0691380811147816e+16,	6.48700457376319e+20 => inf,	    0.0099
2022-03-12 19:18:46,515 :	 108,	2.0691380811147816e+16,	8.4732597303105e+20 => inf,	   0.00824
2022-03-12 19:19:29,594 :	 109,	2.0691380811147816e+16,	1.1067686116282842e+21 => inf,	   0.00575
2022-03-12 19:20:12,394 :	 110,	2.0691380811147816e+16,	1.445649960786358e+21 => inf,	   0.00225
2022-03-12 19:20:55,334 :	 111,	2.0691380811147816e+16,	1.8882933498149352e+21 => inf,	  1.91e-11
2022-03-12 19:21:35,621 :	 112,	2.0691380811147816e+16,	2.466469665323258e+21 => inf,	  3.56e-11
2022-03-12 19:22:16,478 :	 113,	2.0691380811147816e+16,	3.2216777179011906e+21 => inf,	  6.15e-11
2022-03-12 19:22:57,170 :	 114,	2.0691380811147816e+16,	4.2081228340024196e+21 => inf,	    0.0752
2022-03-12 19:23:38,961 :	 115,	2.0691380811147816e+16,	5.496607462520766e+21 => inf,	     0.296
2022-03-12 19:24:19,840 :	 116,	2.0691380811147816e+16,	7.179613045730216e+21 => inf,	     0.371
2022-03-12 19:25:00,372 :	 117,	2.0691380811147816e+16,	9.377937907681603e+21 => inf,	     0.787
2022-03-12 19:25:42,257 :	 118,	2.0691380811147816e+16,	1.2249367596855999e+22 => 0.2064,	      1.89
2022-03-12 19:26:49,308 :	 119,	2.0691380811147816e+16,	1.6000000000000008e+22 => 0.2016,	      5.25
2022-03-12 19:27:34,800 :	 120,	3.792690190732238e+16,	1e+20 => inf,	  1.56e+03
2022-03-12 19:28:19,948 :	 121,	3.792690190732238e+16,	1.306189880700998e+20 => inf,	   2.6e+02
2022-03-12 19:29:04,496 :	 122,	3.792690190732238e+16,	1.7061320044456873e+20 => inf,	      28.3
2022-03-12 19:29:48,832 :	 123,	3.792690190732238e+16,	2.228532359347049e+20 => inf,	      1.84
2022-03-12 19:30:33,264 :	 124,	3.792690190732238e+16,	2.9108864165938355e+20 => inf,	    0.0735
2022-03-12 19:31:17,256 :	 125,	3.792690190732238e+16,	3.8021703812248574e+20 => inf,	    0.0119
2022-03-12 19:32:01,417 :	 126,	3.792690190732238e+16,	4.966356476656965e+20 => inf,	    0.0109
2022-03-12 19:32:45,925 :	 127,	3.792690190732238e+16,	6.48700457376319e+20 => inf,	    0.0103
2022-03-12 19:33:29,710 :	 128,	3.792690190732238e+16,	8.4732597303105e+20 => inf,	   0.00852
2022-03-12 19:34:12,825 :	 129,	3.792690190732238e+16,	1.1067686116282842e+21 => inf,	   0.00602
2022-03-12 19:34:55,767 :	 130,	3.792690190732238e+16,	1.445649960786358e+21 => inf,	   0.00304
2022-03-12 19:35:38,055 :	 131,	3.792690190732238e+16,	1.8882933498149352e+21 => inf,	   0.00104
2022-03-12 19:36:17,986 :	 132,	3.792690190732238e+16,	2.466469665323258e+21 => inf,	   0.00544
2022-03-12 19:36:58,391 :	 133,	3.792690190732238e+16,	3.2216777179011906e+21 => inf,	    0.0368
2022-03-12 19:37:39,980 :	 134,	3.792690190732238e+16,	4.2081228340024196e+21 => inf,	      1.31
2022-03-12 19:38:21,614 :	 135,	3.792690190732238e+16,	5.496607462520766e+21 => inf,	      1.47
2022-03-12 19:39:02,536 :	 136,	3.792690190732238e+16,	7.179613045730216e+21 => inf,	      6.16
2022-03-12 19:39:43,374 :	 137,	3.792690190732238e+16,	9.377937907681603e+21 => 0.2704,	       6.6
2022-03-12 19:40:24,790 :	 138,	3.792690190732238e+16,	1.2249367596855999e+22 => 0.1504,	      13.2
2022-03-12 19:41:30,162 :	 139,	3.792690190732238e+16,	1.6000000000000008e+22 => 0.2144,	      13.8
2022-03-12 19:42:15,805 :	 140,	6.951927961775591e+16,	1e+20 => inf,	  1.55e+03
2022-03-12 19:43:00,827 :	 141,	6.951927961775591e+16,	1.306189880700998e+20 => inf,	  2.59e+02
2022-03-12 19:43:45,534 :	 142,	6.951927961775591e+16,	1.7061320044456873e+20 => inf,	      28.1
2022-03-12 19:44:29,972 :	 143,	6.951927961775591e+16,	2.228532359347049e+20 => inf,	      1.82
2022-03-12 19:45:14,445 :	 144,	6.951927961775591e+16,	2.9108864165938355e+20 => inf,	    0.0742
2022-03-12 19:45:58,427 :	 145,	6.951927961775591e+16,	3.8021703812248574e+20 => inf,	    0.0132
2022-03-12 19:46:42,633 :	 146,	6.951927961775591e+16,	4.966356476656965e+20 => inf,	    0.0124
2022-03-12 19:47:27,001 :	 147,	6.951927961775591e+16,	6.48700457376319e+20 => inf,	    0.0121
2022-03-12 19:48:10,685 :	 148,	6.951927961775591e+16,	8.4732597303105e+20 => inf,	    0.0128
2022-03-12 19:48:53,894 :	 149,	6.951927961775591e+16,	1.1067686116282842e+21 => inf,	    0.0103
2022-03-12 19:49:36,625 :	 150,	6.951927961775591e+16,	1.445649960786358e+21 => inf,	    0.0116
2022-03-12 19:50:19,216 :	 151,	6.951927961775591e+16,	1.8882933498149352e+21 => inf,	    0.0124
2022-03-12 19:50:59,094 :	 152,	6.951927961775591e+16,	2.466469665323258e+21 => inf,	    0.0552
2022-03-12 19:51:40,750 :	 153,	6.951927961775591e+16,	3.2216777179011906e+21 => inf,	      3.77
2022-03-12 19:52:22,837 :	 154,	6.951927961775591e+16,	4.2081228340024196e+21 => inf,	      10.6
2022-03-12 19:53:05,140 :	 155,	6.951927961775591e+16,	5.496607462520766e+21 => 0.176,	  4.67e+02
2022-03-12 19:53:47,337 :	 156,	6.951927961775591e+16,	7.179613045730216e+21 => 0.1456,	  2.02e+04
2022-03-12 19:54:29,283 :	 157,	6.951927961775591e+16,	9.377937907681603e+21 => 0.1232,	  6.52e+03
2022-03-12 19:55:10,902 :	 158,	6.951927961775591e+16,	1.2249367596855999e+22 => 0.099199,	  8.83e+02
2022-03-12 19:55:54,066 :	 159,	6.951927961775591e+16,	1.6000000000000008e+22 => 0.2048,	      14.0
2022-03-12 19:56:39,445 :	 160,	1.2742749857031322e+17,	1e+20 => inf,	  1.53e+03
2022-03-12 19:57:24,569 :	 161,	1.2742749857031322e+17,	1.306189880700998e+20 => inf,	  2.55e+02
2022-03-12 19:58:09,435 :	 162,	1.2742749857031322e+17,	1.7061320044456873e+20 => inf,	      27.7
2022-03-12 19:58:54,010 :	 163,	1.2742749857031322e+17,	2.228532359347049e+20 => inf,	       1.8
2022-03-12 19:59:38,297 :	 164,	1.2742749857031322e+17,	2.9108864165938355e+20 => inf,	    0.0741
2022-03-12 20:00:22,155 :	 165,	1.2742749857031322e+17,	3.8021703812248574e+20 => inf,	    0.0161
2022-03-12 20:01:06,264 :	 166,	1.2742749857031322e+17,	4.966356476656965e+20 => inf,	    0.0155
2022-03-12 20:01:50,618 :	 167,	1.2742749857031322e+17,	6.48700457376319e+20 => inf,	    0.0158
2022-03-12 20:02:34,442 :	 168,	1.2742749857031322e+17,	8.4732597303105e+20 => inf,	    0.0218
2022-03-12 20:03:17,448 :	 169,	1.2742749857031322e+17,	1.1067686116282842e+21 => inf,	    0.0213
2022-03-12 20:04:00,177 :	 170,	1.2742749857031322e+17,	1.445649960786358e+21 => inf,	    0.0375
2022-03-12 20:04:43,055 :	 171,	1.2742749857031322e+17,	1.8882933498149352e+21 => inf,	     0.177
2022-03-12 20:05:24,929 :	 172,	1.2742749857031322e+17,	2.466469665323258e+21 => inf,	      6.34
2022-03-12 20:06:07,568 :	 173,	1.2742749857031322e+17,	3.2216777179011906e+21 => inf,	   3.8e+03
2022-03-12 20:06:50,732 :	 174,	1.2742749857031322e+17,	4.2081228340024196e+21 => 0.1552,	  6.69e+05
2022-03-12 20:07:33,425 :	 175,	1.2742749857031322e+17,	5.496607462520766e+21 => 0.136,	  4.61e+05
2022-03-12 20:08:15,307 :	 176,	1.2742749857031322e+17,	7.179613045730216e+21 => 0.1216,	  2.49e+05
2022-03-12 20:08:56,533 :	 177,	1.2742749857031322e+17,	9.377937907681603e+21 => 0.104,	  1.23e+05
2022-03-12 20:09:38,334 :	 178,	1.2742749857031322e+17,	1.2249367596855999e+22 => 0.0848,	  1.06e+05
2022-03-12 20:10:20,796 :	 179,	1.2742749857031322e+17,	1.6000000000000008e+22 => 0.1344,	  4.18e+02
2022-03-12 20:11:06,350 :	 180,	2.3357214690901213e+17,	1e+20 => inf,	  1.49e+03
2022-03-12 20:11:51,634 :	 181,	2.3357214690901213e+17,	1.306189880700998e+20 => inf,	  2.49e+02
2022-03-12 20:12:36,488 :	 182,	2.3357214690901213e+17,	1.7061320044456873e+20 => inf,	      27.1
2022-03-12 20:13:20,986 :	 183,	2.3357214690901213e+17,	2.228532359347049e+20 => inf,	      1.76
2022-03-12 20:14:05,378 :	 184,	2.3357214690901213e+17,	2.9108864165938355e+20 => inf,	    0.0747
2022-03-12 20:14:49,305 :	 185,	2.3357214690901213e+17,	3.8021703812248574e+20 => inf,	    0.0165
2022-03-12 20:15:33,530 :	 186,	2.3357214690901213e+17,	4.966356476656965e+20 => inf,	    0.0208
2022-03-12 20:16:18,147 :	 187,	2.3357214690901213e+17,	6.48700457376319e+20 => inf,	    0.0322
2022-03-12 20:17:02,032 :	 188,	2.3357214690901213e+17,	8.4732597303105e+20 => inf,	    0.0538
2022-03-12 20:17:45,385 :	 189,	2.3357214690901213e+17,	1.1067686116282842e+21 => inf,	     0.295
2022-03-12 20:18:30,088 :	 190,	2.3357214690901213e+17,	1.445649960786358e+21 => inf,	      76.2
2022-03-12 20:19:14,703 :	 191,	2.3357214690901213e+17,	1.8882933498149352e+21 => inf,	  5.73e+03
2022-03-12 20:19:57,576 :	 192,	2.3357214690901213e+17,	2.466469665323258e+21 => 0.1536,	  1.51e+06
2022-03-12 20:20:40,183 :	 193,	2.3357214690901213e+17,	3.2216777179011906e+21 => 0.1392,	  1.35e+06
2022-03-12 20:21:22,505 :	 194,	2.3357214690901213e+17,	4.2081228340024196e+21 => 0.1264,	  1.15e+06
2022-03-12 20:22:04,805 :	 195,	2.3357214690901213e+17,	5.496607462520766e+21 => 0.1136,	  9.24e+05
2022-03-12 20:22:45,996 :	 196,	2.3357214690901213e+17,	7.179613045730216e+21 => 0.1008,	  7.01e+05
2022-03-12 20:23:26,808 :	 197,	2.3357214690901213e+17,	9.377937907681603e+21 => 0.0864,	  5.39e+05
2022-03-12 20:24:08,421 :	 198,	2.3357214690901213e+17,	1.2249367596855999e+22 => 0.072,	  4.64e+05
2022-03-12 20:24:50,737 :	 199,	2.3357214690901213e+17,	1.6000000000000008e+22 => 0.0544,	  1.31e+06
2022-03-12 20:25:36,704 :	 200,	4.281332398719396e+17,	1e+20 => inf,	  1.42e+03
2022-03-12 20:26:22,195 :	 201,	4.281332398719396e+17,	1.306189880700998e+20 => inf,	  2.38e+02
2022-03-12 20:27:07,361 :	 202,	4.281332398719396e+17,	1.7061320044456873e+20 => inf,	      25.9
2022-03-12 20:27:52,326 :	 203,	4.281332398719396e+17,	2.228532359347049e+20 => inf,	      1.69
2022-03-12 20:28:36,882 :	 204,	4.281332398719396e+17,	2.9108864165938355e+20 => inf,	    0.0764
2022-03-12 20:29:20,985 :	 205,	4.281332398719396e+17,	3.8021703812248574e+20 => inf,	     0.028
2022-03-12 20:30:05,248 :	 206,	4.281332398719396e+17,	4.966356476656965e+20 => inf,	    0.0713
2022-03-12 20:30:50,265 :	 207,	4.281332398719396e+17,	6.48700457376319e+20 => inf,	     0.483
2022-03-12 20:31:35,568 :	 208,	4.281332398719396e+17,	8.4732597303105e+20 => inf,	      50.5
2022-03-12 20:32:21,396 :	 209,	4.281332398719396e+17,	1.1067686116282842e+21 => 0.16,	  2.13e+06
2022-03-12 20:33:06,897 :	 210,	4.281332398719396e+17,	1.445649960786358e+21 => 0.144,	  2.07e+06
2022-03-12 20:33:51,353 :	 211,	4.281332398719396e+17,	1.8882933498149352e+21 => 0.1312,	  1.98e+06
2022-03-12 20:34:33,857 :	 212,	4.281332398719396e+17,	2.466469665323258e+21 => 0.1216,	  1.85e+06
2022-03-12 20:35:16,149 :	 213,	4.281332398719396e+17,	3.2216777179011906e+21 => 0.112,	   1.7e+06
2022-03-12 20:35:58,133 :	 214,	4.281332398719396e+17,	4.2081228340024196e+21 => 0.1024,	  1.54e+06
2022-03-12 20:36:39,941 :	 215,	4.281332398719396e+17,	5.496607462520766e+21 => 0.0912,	  1.35e+06
2022-03-12 20:37:20,625 :	 216,	4.281332398719396e+17,	7.179613045730216e+21 => 0.0832,	  1.14e+06
2022-03-12 20:38:01,082 :	 217,	4.281332398719396e+17,	9.377937907681603e+21 => 0.0736,	  9.92e+05
2022-03-12 20:38:42,212 :	 218,	4.281332398719396e+17,	1.2249367596855999e+22 => 0.0624,	  9.34e+05
2022-03-12 20:39:55,342 :	 219,	4.281332398719396e+17,	1.6000000000000008e+22 => 0.048,	  1.51e+06
2022-03-12 20:40:41,481 :	 220,	7.847599703514623e+17,	1e+20 => inf,	  1.28e+03
2022-03-12 20:41:27,164 :	 221,	7.847599703514623e+17,	1.306189880700998e+20 => inf,	  2.16e+02
2022-03-12 20:42:12,366 :	 222,	7.847599703514623e+17,	1.7061320044456873e+20 => inf,	      23.8
2022-03-12 20:42:57,218 :	 223,	7.847599703514623e+17,	2.228532359347049e+20 => inf,	      1.58
2022-03-12 20:43:41,573 :	 224,	7.847599703514623e+17,	2.9108864165938355e+20 => inf,	     0.148
2022-03-12 20:44:26,750 :	 225,	7.847599703514623e+17,	3.8021703812248574e+20 => inf,	      57.2
2022-03-12 20:45:12,663 :	 226,	7.847599703514623e+17,	4.966356476656965e+20 => inf,	  2.09e+03
2022-03-12 20:45:59,406 :	 227,	7.847599703514623e+17,	6.48700457376319e+20 => 0.1472,	  2.39e+06
2022-03-12 20:46:45,494 :	 228,	7.847599703514623e+17,	8.4732597303105e+20 => 0.1328,	  2.37e+06
2022-03-12 20:47:30,650 :	 229,	7.847599703514623e+17,	1.1067686116282842e+21 => 0.1216,	  2.34e+06
2022-03-12 20:48:15,471 :	 230,	7.847599703514623e+17,	1.445649960786358e+21 => 0.112,	  2.28e+06
2022-03-12 20:48:59,463 :	 231,	7.847599703514623e+17,	1.8882933498149352e+21 => 0.1024,	  2.21e+06
2022-03-12 20:49:41,468 :	 232,	7.847599703514623e+17,	2.466469665323258e+21 => 0.097599,	   2.1e+06
2022-03-12 20:50:23,270 :	 233,	7.847599703514623e+17,	3.2216777179011906e+21 => 0.0896,	  1.99e+06
2022-03-12 20:51:04,968 :	 234,	7.847599703514623e+17,	4.2081228340024196e+21 => 0.0816,	  1.85e+06
2022-03-12 20:51:46,796 :	 235,	7.847599703514623e+17,	5.496607462520766e+21 => 0.0768,	  1.69e+06
2022-03-12 20:52:27,436 :	 236,	7.847599703514623e+17,	7.179613045730216e+21 => 0.0688,	  1.51e+06
2022-03-12 20:53:07,901 :	 237,	7.847599703514623e+17,	9.377937907681603e+21 => 0.0624,	  1.39e+06
2022-03-12 20:53:49,049 :	 238,	7.847599703514623e+17,	1.2249367596855999e+22 => 0.0544,	  1.35e+06
2022-03-12 20:54:33,631 :	 239,	7.847599703514623e+17,	1.6000000000000008e+22 => 0.0416,	  1.68e+06
2022-03-12 20:55:20,092 :	 240,	1.438449888287666e+18,	1e+20 => inf,	  1.04e+03
2022-03-12 20:56:06,034 :	 241,	1.438449888287666e+18,	1.306189880700998e+20 => inf,	  1.78e+02
2022-03-12 20:56:51,399 :	 242,	1.438449888287666e+18,	1.7061320044456873e+20 => inf,	      20.2
2022-03-12 20:57:37,534 :	 243,	1.438449888287666e+18,	2.228532359347049e+20 => inf,	  1.94e+03
2022-03-12 20:58:24,248 :	 244,	1.438449888287666e+18,	2.9108864165938355e+20 => 0.1312,	  2.79e+06
2022-03-12 20:59:10,585 :	 245,	1.438449888287666e+18,	3.8021703812248574e+20 => 0.1312,	  2.54e+06
2022-03-12 20:59:57,015 :	 246,	1.438449888287666e+18,	4.966356476656965e+20 => 0.1216,	  2.53e+06
2022-03-12 21:00:43,451 :	 247,	1.438449888287666e+18,	6.48700457376319e+20 => 0.1136,	  2.53e+06
2022-03-12 21:01:29,138 :	 248,	1.438449888287666e+18,	8.4732597303105e+20 => 0.104,	  2.52e+06
2022-03-12 21:02:13,754 :	 249,	1.438449888287666e+18,	1.1067686116282842e+21 => 0.096,	  2.49e+06
2022-03-12 21:02:58,322 :	 250,	1.438449888287666e+18,	1.445649960786358e+21 => 0.0896,	  2.45e+06
2022-03-12 21:03:41,973 :	 251,	1.438449888287666e+18,	1.8882933498149352e+21 => 0.0832,	  2.39e+06
2022-03-12 21:04:23,516 :	 252,	1.438449888287666e+18,	2.466469665323258e+21 => 0.0768,	  2.31e+06
2022-03-12 21:05:05,371 :	 253,	1.438449888287666e+18,	3.2216777179011906e+21 => 0.072,	  2.22e+06
2022-03-12 21:05:47,285 :	 254,	1.438449888287666e+18,	4.2081228340024196e+21 => 0.0672,	   2.1e+06
2022-03-12 21:06:29,912 :	 255,	1.438449888287666e+18,	5.496607462520766e+21 => 0.0624,	  1.96e+06
2022-03-12 21:07:13,386 :	 256,	1.438449888287666e+18,	7.179613045730216e+21 => 0.0576,	   1.8e+06
2022-03-12 21:07:57,187 :	 257,	1.438449888287666e+18,	9.377937907681603e+21 => 0.0544,	   1.7e+06
2022-03-12 21:08:40,934 :	 258,	1.438449888287666e+18,	1.2249367596855999e+22 => 0.048,	  1.67e+06
2022-03-12 21:09:43,595 :	 259,	1.438449888287666e+18,	1.6000000000000008e+22 => 0.0384,	  1.85e+06
2022-03-12 21:10:31,512 :	 260,	2.6366508987303665e+18,	1e+20 => inf,	  7.95e+02
2022-03-12 21:11:18,005 :	 261,	2.6366508987303665e+18,	1.306189880700998e+20 => inf,	  1.79e+05
2022-03-12 21:12:05,051 :	 262,	2.6366508987303665e+18,	1.7061320044456873e+20 => 0.08,	  4.24e+06
2022-03-12 21:12:51,539 :	 263,	2.6366508987303665e+18,	2.228532359347049e+20 => 0.0896,	  3.55e+06
2022-03-12 21:13:37,491 :	 264,	2.6366508987303665e+18,	2.9108864165938355e+20 => 0.097599,	  2.99e+06
2022-03-12 21:14:23,430 :	 265,	2.6366508987303665e+18,	3.8021703812248574e+20 => 0.1008,	  2.76e+06
2022-03-12 21:15:09,565 :	 266,	2.6366508987303665e+18,	4.966356476656965e+20 => 0.0944,	  2.69e+06
2022-03-12 21:15:55,649 :	 267,	2.6366508987303665e+18,	6.48700457376319e+20 => 0.0896,	  2.66e+06
2022-03-12 21:16:41,389 :	 268,	2.6366508987303665e+18,	8.4732597303105e+20 => 0.0832,	  2.64e+06
2022-03-12 21:17:25,844 :	 269,	2.6366508987303665e+18,	1.1067686116282842e+21 => 0.0768,	  2.62e+06
2022-03-12 21:18:10,524 :	 270,	2.6366508987303665e+18,	1.445649960786358e+21 => 0.072,	  2.59e+06
2022-03-12 21:18:56,311 :	 271,	2.6366508987303665e+18,	1.8882933498149352e+21 => 0.0656,	  2.53e+06
2022-03-12 21:19:41,736 :	 272,	2.6366508987303665e+18,	2.466469665323258e+21 => 0.064,	  2.47e+06
2022-03-12 21:20:27,025 :	 273,	2.6366508987303665e+18,	3.2216777179011906e+21 => 0.0592,	   2.4e+06
2022-03-12 21:21:11,995 :	 274,	2.6366508987303665e+18,	4.2081228340024196e+21 => 0.0544,	   2.3e+06
2022-03-12 21:21:56,578 :	 275,	2.6366508987303665e+18,	5.496607462520766e+21 => 0.0528,	  2.17e+06
2022-03-12 21:22:40,354 :	 276,	2.6366508987303665e+18,	7.179613045730216e+21 => 0.0496,	  2.04e+06
2022-03-12 21:23:24,021 :	 277,	2.6366508987303665e+18,	9.377937907681603e+21 => 0.0448,	  1.97e+06
2022-03-12 21:24:07,265 :	 278,	2.6366508987303665e+18,	1.2249367596855999e+22 => 0.0416,	  1.94e+06
2022-03-12 21:24:50,525 :	 279,	2.6366508987303665e+18,	1.6000000000000008e+22 => 0.0336,	  2.09e+06
2022-03-12 21:25:37,921 :	 280,	4.832930238571732e+18,	1e+20 => 0.0512,	  5.33e+06
2022-03-12 21:26:24,881 :	 281,	4.832930238571732e+18,	1.306189880700998e+20 => 0.0576,	   4.8e+06
2022-03-12 21:27:11,292 :	 282,	4.832930238571732e+18,	1.7061320044456873e+20 => 0.0624,	   4.2e+06
2022-03-12 21:27:57,359 :	 283,	4.832930238571732e+18,	2.228532359347049e+20 => 0.0688,	  3.61e+06
2022-03-12 21:28:43,259 :	 284,	4.832930238571732e+18,	2.9108864165938355e+20 => 0.0752,	  3.22e+06
2022-03-12 21:29:29,279 :	 285,	4.832930238571732e+18,	3.8021703812248574e+20 => 0.0768,	  3.06e+06
2022-03-12 21:30:15,289 :	 286,	4.832930238571732e+18,	4.966356476656965e+20 => 0.0736,	  2.95e+06
2022-03-12 21:31:01,585 :	 287,	4.832930238571732e+18,	6.48700457376319e+20 => 0.0688,	  2.85e+06
2022-03-12 21:31:51,412 :	 288,	4.832930238571732e+18,	8.4732597303105e+20 => 0.0656,	  2.79e+06
2022-03-12 21:32:40,461 :	 289,	4.832930238571732e+18,	1.1067686116282842e+21 => 0.0624,	  2.75e+06
2022-03-12 21:33:28,956 :	 290,	4.832930238571732e+18,	1.445649960786358e+21 => 0.0576,	  2.71e+06
2022-03-12 21:34:15,769 :	 291,	4.832930238571732e+18,	1.8882933498149352e+21 => 0.0544,	  2.66e+06
2022-03-12 21:35:00,553 :	 292,	4.832930238571732e+18,	2.466469665323258e+21 => 0.0512,	   2.6e+06
2022-03-12 21:35:45,247 :	 293,	4.832930238571732e+18,	3.2216777179011906e+21 => 0.0496,	  2.54e+06
2022-03-12 21:36:29,664 :	 294,	4.832930238571732e+18,	4.2081228340024196e+21 => 0.0464,	  2.46e+06
2022-03-12 21:37:13,651 :	 295,	4.832930238571732e+18,	5.496607462520766e+21 => 0.0448,	  2.36e+06
2022-03-12 21:37:56,654 :	 296,	4.832930238571732e+18,	7.179613045730216e+21 => 0.0432,	  2.25e+06
2022-03-12 21:38:39,614 :	 297,	4.832930238571732e+18,	9.377937907681603e+21 => 0.04,	  2.21e+06
2022-03-12 21:39:22,211 :	 298,	4.832930238571732e+18,	1.2249367596855999e+22 => 0.0352,	  2.15e+06
2022-03-12 21:40:32,348 :	 299,	4.832930238571732e+18,	1.6000000000000008e+22 => 0.0288,	  2.24e+06
2022-03-12 21:41:21,897 :	 300,	8.858667904100795e+18,	1e+20 => 0.0432,	  5.01e+06
2022-03-12 21:42:11,929 :	 301,	8.858667904100795e+18,	1.306189880700998e+20 => 0.0464,	  4.55e+06
2022-03-12 21:43:02,114 :	 302,	8.858667904100795e+18,	1.7061320044456873e+20 => 0.0512,	  4.07e+06
2022-03-12 21:43:52,622 :	 303,	8.858667904100795e+18,	2.228532359347049e+20 => 0.056,	  3.68e+06
2022-03-12 21:44:43,459 :	 304,	8.858667904100795e+18,	2.9108864165938355e+20 => 0.0592,	  3.47e+06
2022-03-12 21:45:33,700 :	 305,	8.858667904100795e+18,	3.8021703812248574e+20 => 0.0576,	  3.36e+06
2022-03-12 21:46:23,344 :	 306,	8.858667904100795e+18,	4.966356476656965e+20 => 0.056,	  3.24e+06
2022-03-12 21:47:12,803 :	 307,	8.858667904100795e+18,	6.48700457376319e+20 => 0.0528,	  3.12e+06
2022-03-12 21:48:01,716 :	 308,	8.858667904100795e+18,	8.4732597303105e+20 => 0.0512,	     3e+06
2022-03-12 21:48:49,744 :	 309,	8.858667904100795e+18,	1.1067686116282842e+21 => 0.0512,	  2.91e+06
2022-03-12 21:49:37,608 :	 310,	8.858667904100795e+18,	1.445649960786358e+21 => 0.048,	  2.84e+06
2022-03-12 21:50:22,848 :	 311,	8.858667904100795e+18,	1.8882933498149352e+21 => 0.0464,	  2.77e+06
2022-03-12 21:51:07,038 :	 312,	8.858667904100795e+18,	2.466469665323258e+21 => 0.0432,	  2.73e+06
