2022-04-12 13:12:56,150 :	 format: current/total, nNe, nD, tCQ, I_re, I_ohm
2022-04-12 13:13:39,982 :	 1/900,1e+16,1e+19,10000000000.0,760502.8639209222,13081236.82124071
2022-04-12 13:14:24,426 :	 2/900,1.373823795883261e+16,1e+19,10000000000.0,759904.7850873824,13075643.377742609
2022-04-12 13:15:10,181 :	 3/900,1.887391822135092e+16,1e+19,10000000000.0,758995.5648550093,13066865.70718834
2022-04-12 13:15:53,778 :	 4/900,2.5929437974046776e+16,1e+19,10000000000.0,757848.9949808418,13052805.493480321
2022-04-12 13:17:03,086 :	 5/900,3.5622478902624516e+16,1e+19,10000000000.0,756286.4168680516,13029349.583969615
2022-04-12 13:18:35,210 :	 6/900,4.893900918477499e+16,1e+19,10000000000.0,754077.7231762884,12983833.591304516
2022-04-12 13:20:10,570 :	 7/900,6.723357536499335e+16,1e+19,10000000000.0,751143.7345168027,12834750.972422726
2022-04-12 13:21:45,484 :	 8/900,9.236708571873846e+16,1e+19,10000000000.0,747301.2966424046,12810741.661408488
2022-04-12 13:23:18,252 :	 9/900,1.2689610031679182e+17,1e+19,10000000000.0,742761.6372733135,12759941.342691915
2022-04-12 13:24:49,786 :	 10/900,1.7433288221999946e+17,1e+19,10000000000.0,741603.6592371439,12589069.789000573
2022-04-12 13:26:21,768 :	 11/900,2.395026619987491e+17,1e+19,10000000000.0,767982.5425669823,12303821.740328163
2022-04-12 13:27:25,090 :	 12/900,3.290344562312671e+17,1e+19,10000000000.0,817589.9870183287,11743032.8430887
2022-04-12 13:28:08,475 :	 13/900,4.5203536563602406e+17,1e+19,10000000000.0,915332.1431253656,11000628.291604707
2022-04-12 13:28:51,762 :	 14/900,6.210169418915603e+17,1e+19,10000000000.0,1265035.7779885826,8781634.064101769
2022-04-12 13:29:35,213 :	 15/900,8.53167852417278e+17,1e+19,10000000000.0,3393074.310397514,4916953.599717808
2022-04-12 13:30:20,729 :	 16/900,1.172102297533484e+18,1e+19,0.06879964166666667,7504286.283933828,32837.270398808636
2022-04-12 13:31:12,796 :	 17/900,1.6102620275609426e+18,1e+19,0.0575997,7433675.336021784,30958.495985599224
2022-04-12 13:32:54,841 :	 18/900,2.2122162910704502e+18,1e+19,0.05119973333333333,7316726.602298061,29484.19403265598
2022-04-12 13:34:31,089 :	 19/900,3.039195382313195e+18,1e+19,0.04639975833333333,7149437.33891813,27269.82263669881
2022-04-12 13:36:12,963 :	 20/900,4.1753189365603917e+18,1e+19,0.039999791666666666,6922914.598650391,26719.086822338464
2022-04-12 13:37:56,327 :	 21/900,5.736152510448705e+18,1e+19,0.03679980833333332,6630219.179227082,26633.204568794434
2022-04-12 13:39:36,606 :	 22/900,7.880462815669936e+18,1e+19,0.03519981666666667,6268689.213579979,26811.485177361166
2022-04-12 13:41:12,115 :	 23/900,1.0826367338740562e+19,1e+19,0.035199816666666675,5837426.206688088,26073.515883276017
2022-04-12 13:42:50,622 :	 24/900,1.4873521072935119e+19,1e+19,0.03359982500000001,5343717.825879995,27057.08219123046
2022-04-12 13:43:55,948 :	 25/900,2.0433597178569396e+19,1e+19,0.035199816666666675,4821523.612002769,27224.865610580204
2022-04-12 13:44:41,041 :	 26/900,2.80721620394117e+19,1e+19,0.035199816666666675,4480264.200828638,35906.05832446375
2022-04-12 13:45:37,782 :	 27/900,3.856620421163456e+19,1e+19,0.033599825,4527515.831622204,46353.39953334288
2022-04-12 13:47:07,555 :	 28/900,5.298316906283724e+19,1e+19,0.02719985833333333,4660342.782106004,53964.158970742385
2022-04-12 13:48:38,743 :	 29/900,7.278953843983161e+19,1e+19,0.023999875,4762751.204813048,63721.9530529224
2022-04-12 13:50:06,935 :	 30/900,1e+20,1e+19,0.019199900000000002,4820372.143022684,73613.88082923295
2022-04-12 13:51:39,573 :	 31/900,1e+16,1.3179554578665128e+19,10000000000.0,622012.4074879279,13175981.33924875
2022-04-12 13:53:14,066 :	 32/900,1.373823795883261e+16,1.3179554578665128e+19,10000000000.0,621467.3699545881,13170072.940161873
2022-04-12 13:54:53,993 :	 33/900,1.887391822135092e+16,1.3179554578665128e+19,10000000000.0,620717.0491191228,13160730.737750508
2022-04-12 13:56:33,175 :	 34/900,2.5929437974046776e+16,1.3179554578665128e+19,10000000000.0,619689.0364104048,13145769.623257462
2022-04-12 13:58:03,881 :	 35/900,3.5622478902624516e+16,1.3179554578665128e+19,10000000000.0,618308.2769902865,13120417.156389192
2022-04-12 13:59:30,954 :	 36/900,4.893900918477499e+16,1.3179554578665128e+19,10000000000.0,616371.8404313069,13068477.656349536
2022-04-12 14:01:00,480 :	 37/900,6.723357536499335e+16,1.3179554578665128e+19,10000000000.0,613825.687695291,12931140.581724398
2022-04-12 14:01:57,502 :	 38/900,9.236708571873846e+16,1.3179554578665128e+19,10000000000.0,610311.2919557347,12904602.337003984
2022-04-12 14:02:40,596 :	 39/900,1.2689610031679182e+17,1.3179554578665128e+19,10000000000.0,605741.5116999756,12848273.115343843
2022-04-12 14:03:22,959 :	 40/900,1.7433288221999946e+17,1.3179554578665128e+19,10000000000.0,600289.7227463112,12502824.61377654
2022-04-12 14:04:10,649 :	 41/900,2.395026619987491e+17,1.3179554578665128e+19,10000000000.0,604980.5408133197,12416174.618827932
2022-04-12 14:04:55,378 :	 42/900,3.290344562312671e+17,1.3179554578665128e+19,10000000000.0,633363.9349064401,11878788.046035161
2022-04-12 14:05:42,969 :	 43/900,4.5203536563602406e+17,1.3179554578665128e+19,10000000000.0,779137.139509085,10562079.857072594
2022-04-12 14:06:26,345 :	 44/900,6.210169418915603e+17,1.3179554578665128e+19,10000000000.0,1182145.8477250892,9741053.365742197
2022-04-12 14:07:10,504 :	 45/900,8.53167852417278e+17,1.3179554578665128e+19,10000000000.0,4717888.454654589,4221404.5022760825
2022-04-12 14:07:55,195 :	 46/900,1.172102297533484e+18,1.3179554578665128e+19,0.07039963333333335,7382121.203530689,33079.606375201445
2022-04-12 14:08:40,495 :	 47/900,1.6102620275609426e+18,1.3179554578665128e+19,0.05919969166666667,7317308.924112816,31162.44320736894
2022-04-12 14:09:25,394 :	 48/900,2.2122162910704502e+18,1.3179554578665128e+19,0.052799725,7205915.148674035,29538.72599028505
2022-04-12 14:10:10,456 :	 49/900,3.039195382313195e+18,1.3179554578665128e+19,0.044799766666666664,7044978.973866765,27434.617306674245
2022-04-12 14:10:55,619 :	 50/900,4.1753189365603917e+18,1.3179554578665128e+19,0.04159978333333333,6826216.553656398,26918.647442960504
2022-04-12 14:11:40,937 :	 51/900,5.736152510448705e+18,1.3179554578665128e+19,0.0383998,6542867.95220836,26794.90942283032
2022-04-12 14:12:26,178 :	 52/900,7.880462815669936e+18,1.3179554578665128e+19,0.03679980833333333,6190958.966046634,26811.853776340555
2022-04-12 14:13:11,539 :	 53/900,1.0826367338740562e+19,1.3179554578665128e+19,0.036799808333333336,5768829.543772423,26197.097457655356
2022-04-12 14:13:57,584 :	 54/900,1.4873521072935119e+19,1.3179554578665128e+19,0.035199816666666675,5285286.961281933,27057.76864515977
2022-04-12 14:14:50,367 :	 55/900,2.0433597178569396e+19,1.3179554578665128e+19,0.035199816666666675,4774708.241091203,27320.68663912319
2022-04-12 14:15:34,999 :	 56/900,2.80721620394117e+19,1.3179554578665128e+19,0.035199816666666675,4452544.527199187,36133.64266874049
2022-04-12 14:16:19,267 :	 57/900,3.856620421163456e+19,1.3179554578665128e+19,0.033599825,4508933.556669191,46432.60871293541
2022-04-12 14:17:09,024 :	 58/900,5.298316906283724e+19,1.3179554578665128e+19,0.02719985833333333,4644488.213538103,54024.97240099053
2022-04-12 14:18:38,264 :	 59/900,7.278953843983161e+19,1.3179554578665128e+19,0.023999875,4749260.499337846,63724.40942649535
2022-04-12 14:20:12,395 :	 60/900,1e+20,1.3179554578665128e+19,0.019199900000000002,4808871.430894124,73587.45683644162
2022-04-12 14:21:43,578 :	 61/900,1e+16,1.737006588920115e+19,10000000000.0,474956.48214116506,13273813.379768718
2022-04-12 14:23:17,268 :	 62/900,1.373823795883261e+16,1.737006588920115e+19,10000000000.0,474537.9236258357,13267422.107491454
2022-04-12 14:24:50,719 :	 63/900,1.887391822135092e+16,1.737006588920115e+19,10000000000.0,473971.81648028485,13257304.564693753
2022-04-12 14:26:23,437 :	 64/900,2.5929437974046776e+16,1.737006588920115e+19,10000000000.0,473198.7486002605,13240976.624676209
2022-04-12 14:27:56,689 :	 65/900,3.5622478902624516e+16,1.737006588920115e+19,10000000000.0,472127.19780963735,13212750.05616222
2022-04-12 14:29:27,287 :	 66/900,4.893900918477499e+16,1.737006588920115e+19,10000000000.0,470662.3601052147,13149152.194776777
2022-04-12 14:30:58,162 :	 67/900,6.723357536499335e+16,1.737006588920115e+19,10000000000.0,468615.18627403793,13030030.491669798
2022-04-12 14:32:27,274 :	 68/900,9.236708571873846e+16,1.737006588920115e+19,10000000000.0,465819.77855073824,12999887.669183182
2022-04-12 14:34:03,998 :	 69/900,1.2689610031679182e+17,1.737006588920115e+19,10000000000.0,462049.2116460958,12933536.890408684
2022-04-12 14:35:14,400 :	 70/900,1.7433288221999946e+17,1.737006588920115e+19,10000000000.0,457160.216040794,12601533.241402797
2022-04-12 14:35:57,640 :	 71/900,2.395026619987491e+17,1.737006588920115e+19,10000000000.0,451978.92214071227,12495126.00820333
2022-04-12 14:36:40,774 :	 72/900,3.290344562312671e+17,1.737006588920115e+19,10000000000.0,481998.4417462483,11946944.12652726
2022-04-12 14:37:23,823 :	 73/900,4.5203536563602406e+17,1.737006588920115e+19,10000000000.0,634762.2068200129,10642039.041110765
2022-04-12 14:38:07,175 :	 74/900,6.210169418915603e+17,1.737006588920115e+19,10000000000.0,1339675.7842759802,9108238.760754842
2022-04-12 14:38:51,451 :	 75/900,8.53167852417278e+17,1.737006588920115e+19,10000000000.0,4431275.604674064,4525632.918330939
2022-04-12 14:39:35,851 :	 76/900,1.172102297533484e+18,1.737006588920115e+19,0.07039963333333334,7225838.356185521,33325.203971979165
2022-04-12 14:40:21,016 :	 77/900,1.6102620275609426e+18,1.737006588920115e+19,0.059199691666666665,7166594.403237074,31221.229954869013
2022-04-12 14:41:05,420 :	 78/900,2.2122162910704502e+18,1.737006588920115e+19,0.052799725,7063407.235018466,28699.414822282404
2022-04-12 14:41:50,177 :	 79/900,3.039195382313195e+18,1.737006588920115e+19,0.04639975833333333,6911060.090404026,27721.093746667237
2022-04-12 14:42:38,985 :	 80/900,4.1753189365603917e+18,1.737006588920115e+19,0.04159978333333333,6702230.258477735,27170.59448394824
2022-04-12 14:43:24,759 :	 81/900,5.736152510448705e+18,1.737006588920115e+19,0.0383998,6430086.779293847,26987.515829173983
2022-04-12 14:44:10,093 :	 82/900,7.880462815669936e+18,1.737006588920115e+19,0.03839979999999999,6089836.858665642,25739.167993922918
2022-04-12 14:44:55,619 :	 83/900,1.0826367338740562e+19,1.737006588920115e+19,0.03519981666666667,5680189.145615259,26351.996934671795
2022-04-12 14:45:41,883 :	 84/900,1.4873521072935119e+19,1.737006588920115e+19,0.035199816666666675,5208830.142084562,26724.000293568417
2022-04-12 14:46:36,723 :	 85/900,2.0433597178569396e+19,1.737006588920115e+19,0.036799808333333336,4714060.24488325,27453.191047318767
2022-04-12 14:48:12,167 :	 86/900,2.80721620394117e+19,1.737006588920115e+19,0.035199816666666675,4416895.802553876,36427.83758040417
2022-04-12 14:49:43,795 :	 87/900,3.856620421163456e+19,1.737006588920115e+19,0.033599825,4484993.68002177,46498.03235866125
2022-04-12 14:51:16,950 :	 88/900,5.298316906283724e+19,1.737006588920115e+19,0.028799849999999995,4623815.465678448,54120.31676596005
2022-04-12 14:52:47,159 :	 89/900,7.278953843983161e+19,1.737006588920115e+19,0.023999875,4731672.871648944,63703.61275522155
2022-04-12 14:54:21,302 :	 90/900,1e+20,1.737006588920115e+19,0.020799891666666667,4793795.7343822485,73545.27530761655
2022-04-12 14:55:51,360 :	 91/900,1e+16,2.2892973142173594e+19,10000000000.0,330942.52412360406,13364833.014823543
2022-04-12 14:57:24,262 :	 92/900,1.373823795883261e+16,2.2892973142173594e+19,10000000000.0,330629.1202448443,13357807.737467587
2022-04-12 14:58:55,933 :	 93/900,1.887391822135092e+16,2.2892973142173594e+19,10000000000.0,330184.89350543095,13346674.06655732
2022-04-12 15:00:25,911 :	 94/900,2.5929437974046776e+16,2.2892973142173594e+19,10000000000.0,329609.8082879478,13328463.494116941
2022-04-12 15:01:59,357 :	 95/900,3.5622478902624516e+16,2.2892973142173594e+19,10000000000.0,328834.7106194097,13295879.430959804
2022-04-12 15:03:29,119 :	 96/900,4.893900918477499e+16,2.2892973142173594e+19,10000000000.0,327792.8846165205,13202940.371707771
2022-04-12 15:05:04,002 :	 97/900,6.723357536499335e+16,2.2892973142173594e+19,10000000000.0,326378.85707850876,13121879.56163097
2022-04-12 15:06:37,051 :	 98/900,9.236708571873846e+16,2.2892973142173594e+19,10000000000.0,324454.2075702606,13086506.74280846
2022-04-12 15:08:08,755 :	 99/900,1.2689610031679182e+17,2.2892973142173594e+19,10000000000.0,321871.8130550989,13001898.60224236
2022-04-12 15:09:38,415 :	 100/900,1.7433288221999946e+17,2.2892973142173594e+19,10000000000.0,318493.64702917676,12688244.066782176
2022-04-12 15:11:10,161 :	 101/900,2.395026619987491e+17,2.2892973142173594e+19,10000000000.0,314346.0851063555,12420866.590428071
2022-04-12 15:12:43,416 :	 102/900,3.290344562312671e+17,2.2892973142173594e+19,10000000000.0,319153.43502092105,11576595.37704293
2022-04-12 15:14:12,463 :	 103/900,4.5203536563602406e+17,2.2892973142173594e+19,10000000000.0,405808.96431198384,10216264.194983285
2022-04-12 15:15:42,132 :	 104/900,6.210169418915603e+17,2.2892973142173594e+19,10000000000.0,1707790.4437397323,8372986.85078621
2022-04-12 15:17:17,027 :	 105/900,8.53167852417278e+17,2.2892973142173594e+19,10000000000.0,4248774.344990865,4594824.29060432
2022-04-12 15:18:47,666 :	 106/900,1.172102297533484e+18,2.2892973142173594e+19,0.071999625,7029129.694079442,32458.593816225737
2022-04-12 15:20:17,587 :	 107/900,1.6102620275609426e+18,2.2892973142173594e+19,0.060799683333333326,6975276.7688890025,30531.617295784672
2022-04-12 15:21:54,218 :	 108/900,2.2122162910704502e+18,2.2892973142173594e+19,0.052799725000000006,6879826.080365027,29083.173177280925
2022-04-12 15:23:33,173 :	 109/900,3.039195382313195e+18,2.2892973142173594e+19,0.04799975000000001,6738756.194341716,28076.033876348094
2022-04-12 15:25:08,785 :	 110/900,4.1753189365603917e+18,2.2892973142173594e+19,0.043199775,6542662.314621444,27470.8796444716
2022-04-12 15:26:41,992 :	 111/900,5.736152510448705e+18,2.2892973142173594e+19,0.039999791666666666,6284244.666269027,27180.900146105672
2022-04-12 15:28:15,331 :	 112/900,7.880462815669936e+18,2.2892973142173594e+19,0.03839979999999999,5958239.064731603,25910.671635398518
2022-04-12 15:29:52,929 :	 113/900,1.0826367338740562e+19,2.2892973142173594e+19,0.03679980833333333,5565653.645813357,26535.981526284046
2022-04-12 15:31:29,215 :	 114/900,1.4873521072935119e+19,2.2892973142173594e+19,0.036799808333333336,5109811.212112034,25867.98106317435
2022-04-12 15:33:02,571 :	 115/900,2.0433597178569396e+19,2.2892973142173594e+19,0.036799808333333336,4635751.239763525,27633.76890645947
2022-04-12 15:34:35,639 :	 116/900,2.80721620394117e+19,2.2892973142173594e+19,0.036799808333333336,4371480.732824564,36807.99257995046
2022-04-12 15:36:05,737 :	 117/900,3.856620421163456e+19,2.2892973142173594e+19,0.033599825,4453996.449719686,46488.92377860286
2022-04-12 15:37:36,523 :	 118/900,5.298316906283724e+19,2.2892973142173594e+19,0.028799849999999995,4596950.808572312,54260.89616739598
2022-04-12 15:39:05,233 :	 119/900,7.278953843983161e+19,2.2892973142173594e+19,0.023999875,4708638.644614129,63614.364711992166
2022-04-12 15:40:30,529 :	 120/900,1e+20,2.2892973142173594e+19,0.020799891666666667,4774067.733989199,73465.06990305401
2022-04-12 15:41:58,216 :	 121/900,1e+16,3.017191889951893e+19,10000000000.0,205324.39526157235,13436204.24801197
2022-04-12 15:43:32,498 :	 122/900,1.373823795883261e+16,3.017191889951893e+19,10000000000.0,205134.3379275506,13428287.095937353
2022-04-12 15:45:02,672 :	 123/900,1.887391822135092e+16,3.017191889951893e+19,10000000000.0,204874.08475478704,13415662.397888009
2022-04-12 15:46:33,813 :	 124/900,2.5929437974046776e+16,3.017191889951893e+19,10000000000.0,204500.17856440292,13394676.911200475
2022-04-12 15:48:05,962 :	 125/900,3.5622478902624516e+16,3.017191889951893e+19,10000000000.0,204004.40456803807,13354982.756903822
2022-04-12 15:49:37,314 :	 126/900,4.893900918477499e+16,3.017191889951893e+19,10000000000.0,203313.51125993338,13212242.388280625
2022-04-12 15:51:07,614 :	 127/900,6.723357536499335e+16,3.017191889951893e+19,10000000000.0,202377.43260085388,13193455.193301978
2022-04-12 15:52:35,637 :	 128/900,9.236708571873846e+16,3.017191889951893e+19,10000000000.0,201130.7645845755,13150148.449135454
2022-04-12 15:54:05,449 :	 129/900,1.2689610031679182e+17,3.017191889951893e+19,10000000000.0,199439.31663631336,13025115.856514946
2022-04-12 15:55:37,906 :	 130/900,1.7433288221999946e+17,3.017191889951893e+19,10000000000.0,197207.35117128887,12747909.643631592
2022-04-12 15:57:08,984 :	 131/900,2.395026619987491e+17,3.017191889951893e+19,10000000000.0,194582.52751466897,12247859.629326575
2022-04-12 15:58:39,510 :	 132/900,3.290344562312671e+17,3.017191889951893e+19,10000000000.0,193024.52738523867,11548967.063481519
2022-04-12 16:00:07,443 :	 133/900,4.5203536563602406e+17,3.017191889951893e+19,10000000000.0,347254.4697090071,10819017.448434535
2022-04-12 16:01:38,992 :	 134/900,6.210169418915603e+17,3.017191889951893e+19,10000000000.0,1646440.1076382184,8328011.050086662
2022-04-12 16:03:12,961 :	 135/900,8.53167852417278e+17,3.017191889951893e+19,10000000000.0,4210386.059605794,4326602.477639464
2022-04-12 16:04:44,853 :	 136/900,1.172102297533484e+18,3.017191889951893e+19,0.071999625,6779551.873424934,33002.872770133625
2022-04-12 16:06:16,857 :	 137/900,1.6102620275609426e+18,3.017191889951893e+19,0.062399675,6735443.154912928,31064.92803219051
2022-04-12 16:07:47,468 :	 138/900,2.2122162910704502e+18,3.017191889951893e+19,0.05439971666666666,6650620.525152783,29570.36803189972
2022-04-12 16:09:21,284 :	 139/900,3.039195382313195e+18,3.017191889951893e+19,0.04959974166666667,6520552.7819301095,28495.221759690285
2022-04-12 16:10:53,151 :	 140/900,4.1753189365603917e+18,3.017191889951893e+19,0.04639975833333333,6338723.1809124155,27794.159390944675
2022-04-12 16:12:28,851 :	 141/900,5.736152510448705e+18,3.017191889951893e+19,0.04159978333333333,6097412.389718341,26218.169602257927
