2022-03-22 23:26:57,695 :	 1/755,	1.172102297533484e+18,	1e+18 => 1.0,	  4.69e+05
2022-03-22 23:27:16,499 :	 2/755,	1.6102620275609426e+18,	1e+18 => 1.0,	  3.91e+05
2022-03-22 23:27:35,251 :	 3/755,	2.2122162910704502e+18,	1e+18 => 1.0,	   3.1e+05
2022-03-22 23:27:55,123 :	 4/755,	3.039195382313195e+18,	1e+18 => 1.0,	  2.21e+05
2022-03-22 23:28:17,844 :	 5/755,	4.1753189365603917e+18,	1e+18 => 1.0,	  1.41e+05
2022-03-22 23:28:35,340 :	 6/755,	5.736152510448705e+18,	1e+18 => 0.036683,	  7.17e+06
2022-03-22 23:28:53,323 :	 7/755,	7.880462815669936e+18,	1e+18 => 0.033133,	  6.82e+06
2022-03-22 23:29:11,286 :	 8/755,	1.0826367338740562e+19,	1e+18 => 0.033133,	  6.38e+06
2022-03-22 23:29:29,229 :	 9/755,	1.4873521072935119e+19,	1e+18 => 0.033133,	  5.84e+06
2022-03-22 23:29:47,678 :	 10/755,	2.0433597178569396e+19,	1e+18 => 0.034316,	  5.26e+06
2022-03-22 23:30:04,944 :	 11/755,	2.80721620394117e+19,	1e+18 => 0.033133,	  4.97e+06
2022-03-22 23:30:24,525 :	 12/755,	3.856620421163456e+19,	1e+18 => 0.029583,	  5.06e+06
2022-03-22 23:30:56,854 :	 13/755,	5.298316906283724e+19,	1e+18 => 0.026033,	  5.18e+06
2022-03-22 23:31:28,752 :	 14/755,	7.278953843983161e+19,	1e+18 => 0.0213,	  5.27e+06
2022-03-22 23:32:00,923 :	 15/755,	1e+20,	1e+18 => 0.018933,	   5.3e+06
2022-03-22 23:32:17,472 :	 16/755,	8.53167852417278e+17,	1.4873521072935117e+18 => 1.0,	  5.12e+05
2022-03-22 23:32:34,820 :	 17/755,	1.172102297533484e+18,	1.4873521072935117e+18 => 1.0,	  4.53e+05
2022-03-22 23:32:53,496 :	 18/755,	1.6102620275609426e+18,	1.4873521072935117e+18 => 1.0,	  3.77e+05
2022-03-22 23:33:11,166 :	 19/755,	2.2122162910704502e+18,	1.4873521072935117e+18 => 1.0,	     3e+05
2022-03-22 23:33:29,620 :	 20/755,	3.039195382313195e+18,	1.4873521072935117e+18 => 1.0,	  2.14e+05
2022-03-22 23:33:48,060 :	 21/755,	4.1753189365603917e+18,	1.4873521072935117e+18 => 1.0,	  1.37e+05
2022-03-22 23:34:06,290 :	 22/755,	5.736152510448705e+18,	1.4873521072935117e+18 => 0.036683,	  7.16e+06
2022-03-22 23:34:25,281 :	 23/755,	7.880462815669936e+18,	1.4873521072935117e+18 => 0.033133,	  6.81e+06
2022-03-22 23:34:43,638 :	 24/755,	1.0826367338740562e+19,	1.4873521072935117e+18 => 0.033133,	  6.37e+06
2022-03-22 23:35:01,154 :	 25/755,	1.4873521072935119e+19,	1.4873521072935117e+18 => 0.033133,	  5.83e+06
2022-03-22 23:35:19,129 :	 26/755,	2.0433597178569396e+19,	1.4873521072935117e+18 => 0.034316,	  5.26e+06
2022-03-22 23:35:37,288 :	 27/755,	2.80721620394117e+19,	1.4873521072935117e+18 => 0.033133,	  4.97e+06
2022-03-22 23:35:56,721 :	 28/755,	3.856620421163456e+19,	1.4873521072935117e+18 => 0.029583,	  5.06e+06
2022-03-22 23:36:28,200 :	 29/755,	5.298316906283724e+19,	1.4873521072935117e+18 => 0.026033,	  5.18e+06
2022-03-22 23:37:00,426 :	 30/755,	7.278953843983161e+19,	1.4873521072935117e+18 => 0.0213,	  5.27e+06
2022-03-22 23:37:32,154 :	 31/755,	1e+20,	1.4873521072935117e+18 => 0.018933,	   5.3e+06
2022-03-22 23:37:49,427 :	 32/755,	6.210169418915603e+17,	2.2122162910704502e+18 => 1.0,	  5.34e+05
2022-03-22 23:38:06,393 :	 33/755,	8.53167852417278e+17,	2.2122162910704502e+18 => 1.0,	  4.86e+05
2022-03-22 23:38:23,536 :	 34/755,	1.172102297533484e+18,	2.2122162910704502e+18 => 1.0,	   4.3e+05
2022-03-22 23:38:42,006 :	 35/755,	1.6102620275609426e+18,	2.2122162910704502e+18 => 1.0,	   3.6e+05
2022-03-22 23:39:00,495 :	 36/755,	2.2122162910704502e+18,	2.2122162910704502e+18 => 1.0,	  2.86e+05
2022-03-22 23:39:19,057 :	 37/755,	3.039195382313195e+18,	2.2122162910704502e+18 => 1.0,	  2.04e+05
2022-03-22 23:39:37,827 :	 38/755,	4.1753189365603917e+18,	2.2122162910704502e+18 => 1.0,	  1.31e+05
2022-03-22 23:39:56,021 :	 39/755,	5.736152510448705e+18,	2.2122162910704502e+18 => 0.036683,	  7.14e+06
2022-03-22 23:40:13,243 :	 40/755,	7.880462815669936e+18,	2.2122162910704502e+18 => 0.034316,	  6.79e+06
2022-03-22 23:40:31,687 :	 41/755,	1.0826367338740562e+19,	2.2122162910704502e+18 => 0.034316,	  6.35e+06
2022-03-22 23:40:49,736 :	 42/755,	1.4873521072935119e+19,	2.2122162910704502e+18 => 0.034316,	  5.82e+06
2022-03-22 23:41:07,380 :	 43/755,	2.0433597178569396e+19,	2.2122162910704502e+18 => 0.034316,	  5.24e+06
2022-03-22 23:41:25,551 :	 44/755,	2.80721620394117e+19,	2.2122162910704502e+18 => 0.033133,	  4.96e+06
2022-03-22 23:41:44,854 :	 45/755,	3.856620421163456e+19,	2.2122162910704502e+18 => 0.029583,	  5.06e+06
2022-03-22 23:42:16,997 :	 46/755,	5.298316906283724e+19,	2.2122162910704502e+18 => 0.026033,	  5.18e+06
2022-03-22 23:42:49,673 :	 47/755,	7.278953843983161e+19,	2.2122162910704502e+18 => 0.0213,	  5.27e+06
2022-03-22 23:43:21,052 :	 48/755,	1e+20,	2.2122162910704502e+18 => 0.018933,	  5.29e+06
2022-03-22 23:43:38,525 :	 49/755,	6.210169418915603e+17,	3.290344562312671e+18 => 1.0,	  4.96e+05
2022-03-22 23:43:55,791 :	 50/755,	8.53167852417278e+17,	3.290344562312671e+18 => 1.0,	  4.52e+05
2022-03-22 23:44:12,338 :	 51/755,	1.172102297533484e+18,	3.290344562312671e+18 => 1.0,	  3.97e+05
2022-03-22 23:44:30,283 :	 52/755,	1.6102620275609426e+18,	3.290344562312671e+18 => 1.0,	  3.34e+05
2022-03-22 23:44:48,577 :	 53/755,	2.2122162910704502e+18,	3.290344562312671e+18 => 1.0,	  2.66e+05
2022-03-22 23:45:05,884 :	 54/755,	3.039195382313195e+18,	3.290344562312671e+18 => 1.0,	   1.9e+05
2022-03-22 23:45:24,465 :	 55/755,	4.1753189365603917e+18,	3.290344562312671e+18 => 1.0,	  1.23e+05
2022-03-22 23:45:42,665 :	 56/755,	5.736152510448705e+18,	3.290344562312671e+18 => 0.036683,	  7.11e+06
2022-03-22 23:46:00,626 :	 57/755,	7.880462815669936e+18,	3.290344562312671e+18 => 0.034316,	  6.76e+06
2022-03-22 23:46:18,354 :	 58/755,	1.0826367338740562e+19,	3.290344562312671e+18 => 0.034316,	  6.32e+06
2022-03-22 23:46:36,420 :	 59/755,	1.4873521072935119e+19,	3.290344562312671e+18 => 0.034316,	   5.8e+06
2022-03-22 23:46:54,101 :	 60/755,	2.0433597178569396e+19,	3.290344562312671e+18 => 0.034316,	  5.23e+06
2022-03-22 23:47:11,837 :	 61/755,	2.80721620394117e+19,	3.290344562312671e+18 => 0.033133,	  4.96e+06
2022-03-22 23:47:31,662 :	 62/755,	3.856620421163456e+19,	3.290344562312671e+18 => 0.029583,	  5.05e+06
2022-03-22 23:48:03,476 :	 63/755,	5.298316906283724e+19,	3.290344562312671e+18 => 0.026033,	  5.17e+06
2022-03-22 23:48:35,883 :	 64/755,	7.278953843983161e+19,	3.290344562312671e+18 => 0.0213,	  5.26e+06
2022-03-22 23:49:06,872 :	 65/755,	1e+20,	3.290344562312671e+18 => 0.018933,	  5.29e+06
2022-03-22 23:49:24,227 :	 66/755,	4.5203536563602406e+17,	4.893900918477499e+18 => 1.0,	   4.7e+05
2022-03-22 23:49:41,406 :	 67/755,	6.210169418915603e+17,	4.893900918477499e+18 => 1.0,	  4.45e+05
2022-03-22 23:49:58,534 :	 68/755,	8.53167852417278e+17,	4.893900918477499e+18 => 1.0,	  4.06e+05
2022-03-22 23:50:15,272 :	 69/755,	1.172102297533484e+18,	4.893900918477499e+18 => 1.0,	  3.54e+05
2022-03-22 23:50:33,480 :	 70/755,	1.6102620275609426e+18,	4.893900918477499e+18 => 1.0,	  2.98e+05
2022-03-22 23:50:52,649 :	 71/755,	2.2122162910704502e+18,	4.893900918477499e+18 => 1.0,	  2.38e+05
2022-03-22 23:51:10,294 :	 72/755,	3.039195382313195e+18,	4.893900918477499e+18 => 1.0,	  1.71e+05
2022-03-22 23:51:29,342 :	 73/755,	4.1753189365603917e+18,	4.893900918477499e+18 => 1.0,	  3.76e+05
2022-03-22 23:51:46,976 :	 74/755,	5.736152510448705e+18,	4.893900918477499e+18 => 0.036683,	  7.07e+06
2022-03-22 23:52:04,380 :	 75/755,	7.880462815669936e+18,	4.893900918477499e+18 => 0.034316,	  6.72e+06
2022-03-22 23:52:22,808 :	 76/755,	1.0826367338740562e+19,	4.893900918477499e+18 => 0.034316,	  6.29e+06
2022-03-22 23:52:41,073 :	 77/755,	1.4873521072935119e+19,	4.893900918477499e+18 => 0.034316,	  5.77e+06
2022-03-22 23:52:59,347 :	 78/755,	2.0433597178569396e+19,	4.893900918477499e+18 => 0.0355,	  5.21e+06
2022-03-22 23:53:16,880 :	 79/755,	2.80721620394117e+19,	4.893900918477499e+18 => 0.034316,	  4.95e+06
2022-03-22 23:53:36,107 :	 80/755,	3.856620421163456e+19,	4.893900918477499e+18 => 0.029583,	  5.04e+06
2022-03-22 23:54:07,735 :	 81/755,	5.298316906283724e+19,	4.893900918477499e+18 => 0.026033,	  5.17e+06
2022-03-22 23:54:27,051 :	 82/755,	7.278953843983161e+19,	4.893900918477499e+18 => 0.020117,	  5.27e+06
2022-03-22 23:54:58,471 :	 83/755,	1e+20,	4.893900918477499e+18 => 0.018933,	  5.28e+06
2022-03-22 23:55:15,496 :	 84/755,	3.290344562312671e+17,	7.278953843983161e+18 => 1.0,	  4.14e+05
2022-03-22 23:55:32,277 :	 85/755,	4.5203536563602406e+17,	7.278953843983161e+18 => 1.0,	  3.96e+05
2022-03-22 23:55:49,207 :	 86/755,	6.210169418915603e+17,	7.278953843983161e+18 => 1.0,	  3.75e+05
2022-03-22 23:56:05,790 :	 87/755,	8.53167852417278e+17,	7.278953843983161e+18 => 1.0,	  3.44e+05
2022-03-22 23:56:23,079 :	 88/755,	1.172102297533484e+18,	7.278953843983161e+18 => 1.0,	  3.01e+05
2022-03-22 23:56:41,306 :	 89/755,	1.6102620275609426e+18,	7.278953843983161e+18 => 1.0,	  2.51e+05
2022-03-22 23:56:59,837 :	 90/755,	2.2122162910704502e+18,	7.278953843983161e+18 => 1.0,	  2.02e+05
2022-03-22 23:57:18,015 :	 91/755,	3.039195382313195e+18,	7.278953843983161e+18 => 1.0,	  1.46e+05
2022-03-22 23:57:36,718 :	 92/755,	4.1753189365603917e+18,	7.278953843983161e+18 => 1.0,	  1.82e+06
2022-03-22 23:57:54,542 :	 93/755,	5.736152510448705e+18,	7.278953843983161e+18 => 0.036683,	  7.01e+06
2022-03-22 23:58:12,391 :	 94/755,	7.880462815669936e+18,	7.278953843983161e+18 => 0.0355,	  6.67e+06
2022-03-22 23:58:37,264 :	 95/755,	1.0826367338740562e+19,	7.278953843983161e+18 => 0.0355,	  6.23e+06
2022-03-22 23:58:52,544 :	 96/755,	1.4873521072935119e+19,	7.278953843983161e+18 => 0.0355,	  5.72e+06
2022-03-22 23:59:08,252 :	 97/755,	2.0433597178569396e+19,	7.278953843983161e+18 => 0.0355,	  5.17e+06
2022-03-22 23:59:23,931 :	 98/755,	2.80721620394117e+19,	7.278953843983161e+18 => 0.034316,	  4.93e+06
2022-03-22 23:59:40,561 :	 99/755,	3.856620421163456e+19,	7.278953843983161e+18 => 0.029583,	  5.03e+06
2022-03-22 23:59:57,319 :	 100/755,	5.298316906283724e+19,	7.278953843983161e+18 => 0.026033,	  5.17e+06
2022-03-23 00:00:14,454 :	 101/755,	7.278953843983161e+19,	7.278953843983161e+18 => 0.0213,	  5.26e+06
2022-03-23 00:00:42,316 :	 102/755,	1e+20,	7.278953843983161e+18 => 0.018933,	  5.28e+06
2022-03-23 00:00:57,061 :	 103/755,	2.395026619987491e+17,	1.0826367338740562e+19 => 1.0,	  3.32e+05
2022-03-23 00:01:12,257 :	 104/755,	3.290344562312671e+17,	1.0826367338740562e+19 => 1.0,	  3.24e+05
2022-03-23 00:01:26,924 :	 105/755,	4.5203536563602406e+17,	1.0826367338740562e+19 => 1.0,	  3.11e+05
2022-03-23 00:01:41,724 :	 106/755,	6.210169418915603e+17,	1.0826367338740562e+19 => 1.0,	  2.91e+05
2022-03-23 00:01:56,883 :	 107/755,	8.53167852417278e+17,	1.0826367338740562e+19 => 1.0,	  2.67e+05
2022-03-23 00:02:12,144 :	 108/755,	1.172102297533484e+18,	1.0826367338740562e+19 => 1.0,	  2.35e+05
2022-03-23 00:02:28,467 :	 109/755,	1.6102620275609426e+18,	1.0826367338740562e+19 => 1.0,	  1.95e+05
2022-03-23 00:02:44,658 :	 110/755,	2.2122162910704502e+18,	1.0826367338740562e+19 => 1.0,	  1.56e+05
2022-03-23 00:03:00,593 :	 111/755,	3.039195382313195e+18,	1.0826367338740562e+19 => 1.0,	  1.14e+05
2022-03-23 00:03:16,515 :	 112/755,	4.1753189365603917e+18,	1.0826367338740562e+19 => 0.041416,	  7.17e+06
2022-03-23 00:03:31,976 :	 113/755,	5.736152510448705e+18,	1.0826367338740562e+19 => 0.037866,	  6.91e+06
2022-03-23 00:03:47,856 :	 114/755,	7.880462815669936e+18,	1.0826367338740562e+19 => 0.036683,	  6.58e+06
2022-03-23 00:04:03,290 :	 115/755,	1.0826367338740562e+19,	1.0826367338740562e+19 => 0.0355,	  6.15e+06
2022-03-23 00:04:19,265 :	 116/755,	1.4873521072935119e+19,	1.0826367338740562e+19 => 0.0355,	  5.65e+06
2022-03-23 00:04:34,969 :	 117/755,	2.0433597178569396e+19,	1.0826367338740562e+19 => 0.0355,	  5.12e+06
2022-03-23 00:04:50,714 :	 118/755,	2.80721620394117e+19,	1.0826367338740562e+19 => 0.034316,	  4.91e+06
2022-03-23 00:05:07,630 :	 119/755,	3.856620421163456e+19,	1.0826367338740562e+19 => 0.030766,	  5.01e+06
2022-03-23 00:05:24,351 :	 120/755,	5.298316906283724e+19,	1.0826367338740562e+19 => 0.026033,	  5.16e+06
2022-03-23 00:05:40,782 :	 121/755,	7.278953843983161e+19,	1.0826367338740562e+19 => 0.0213,	  5.24e+06
2022-03-23 00:06:08,260 :	 122/755,	1e+20,	1.0826367338740562e+19 => 0.018933,	  5.27e+06
2022-03-23 00:06:23,136 :	 123/755,	1.7433288221999946e+17,	1.6102620275609426e+19 => 1.0,	  2.33e+05
2022-03-23 00:06:38,169 :	 124/755,	2.395026619987491e+17,	1.6102620275609426e+19 => 1.0,	  2.28e+05
2022-03-23 00:06:53,091 :	 125/755,	3.290344562312671e+17,	1.6102620275609426e+19 => 1.0,	  2.21e+05
2022-03-23 00:07:08,516 :	 126/755,	4.5203536563602406e+17,	1.6102620275609426e+19 => 1.0,	  2.13e+05
2022-03-23 00:07:23,378 :	 127/755,	6.210169418915603e+17,	1.6102620275609426e+19 => 1.0,	  2.02e+05
2022-03-23 00:07:38,228 :	 128/755,	8.53167852417278e+17,	1.6102620275609426e+19 => 1.0,	  1.84e+05
2022-03-23 00:07:53,111 :	 129/755,	1.172102297533484e+18,	1.6102620275609426e+19 => 1.0,	   1.6e+05
2022-03-23 00:08:08,890 :	 130/755,	1.6102620275609426e+18,	1.6102620275609426e+19 => 1.0,	  1.36e+05
2022-03-23 00:08:28,943 :	 131/755,	2.2122162910704502e+18,	1.6102620275609426e+19 => 1.0,	  1.09e+05
2022-03-23 00:08:44,685 :	 132/755,	3.039195382313195e+18,	1.6102620275609426e+19 => 1.0,	  7.92e+04
2022-03-23 00:08:59,992 :	 133/755,	4.1753189365603917e+18,	1.6102620275609426e+19 => 0.0426,	  7.02e+06
2022-03-23 00:09:15,682 :	 134/755,	5.736152510448705e+18,	1.6102620275609426e+19 => 0.040233,	  6.77e+06
2022-03-23 00:09:31,261 :	 135/755,	7.880462815669936e+18,	1.6102620275609426e+19 => 0.037866,	  6.45e+06
2022-03-23 00:09:46,849 :	 136/755,	1.0826367338740562e+19,	1.6102620275609426e+19 => 0.036683,	  6.04e+06
2022-03-23 00:10:02,256 :	 137/755,	1.4873521072935119e+19,	1.6102620275609426e+19 => 0.036683,	  5.54e+06
2022-03-23 00:10:17,697 :	 138/755,	2.0433597178569396e+19,	1.6102620275609426e+19 => 0.036683,	  5.04e+06
2022-03-23 00:10:33,118 :	 139/755,	2.80721620394117e+19,	1.6102620275609426e+19 => 0.034316,	  4.88e+06
2022-03-23 00:10:49,891 :	 140/755,	3.856620421163456e+19,	1.6102620275609426e+19 => 0.030766,	  4.99e+06
2022-03-23 00:11:06,373 :	 141/755,	5.298316906283724e+19,	1.6102620275609426e+19 => 0.026033,	  5.13e+06
2022-03-23 00:11:22,657 :	 142/755,	7.278953843983161e+19,	1.6102620275609426e+19 => 0.0213,	  5.22e+06
2022-03-23 00:11:50,480 :	 143/755,	1e+20,	1.6102620275609426e+19 => 0.018933,	  5.25e+06
2022-03-23 00:12:05,642 :	 144/755,	1.2689610031679182e+17,	2.395026619987491e+19 => 1.0,	  1.34e+05
2022-03-23 00:12:20,454 :	 145/755,	1.7433288221999946e+17,	2.395026619987491e+19 => 1.0,	  1.33e+05
2022-03-23 00:12:35,237 :	 146/755,	2.395026619987491e+17,	2.395026619987491e+19 => 1.0,	  1.31e+05
2022-03-23 00:12:49,814 :	 147/755,	3.290344562312671e+17,	2.395026619987491e+19 => 1.0,	  1.28e+05
2022-03-23 00:13:04,853 :	 148/755,	4.5203536563602406e+17,	2.395026619987491e+19 => 1.0,	  1.22e+05
2022-03-23 00:13:19,604 :	 149/755,	6.210169418915603e+17,	2.395026619987491e+19 => 1.0,	  1.15e+05
2022-03-23 00:13:34,548 :	 150/755,	8.53167852417278e+17,	2.395026619987491e+19 => 1.0,	  1.05e+05
2022-03-23 00:13:49,277 :	 151/755,	1.172102297533484e+18,	2.395026619987491e+19 => 1.0,	  9.32e+04
2022-03-23 00:14:04,733 :	 152/755,	1.6102620275609426e+18,	2.395026619987491e+19 => 1.0,	  7.73e+04
2022-03-23 00:14:20,690 :	 153/755,	2.2122162910704502e+18,	2.395026619987491e+19 => 1.0,	  6.29e+04
2022-03-23 00:14:36,372 :	 154/755,	3.039195382313195e+18,	2.395026619987491e+19 => 1.0,	  1.12e+06
2022-03-23 00:14:51,480 :	 155/755,	4.1753189365603917e+18,	2.395026619987491e+19 => 0.044966,	  6.81e+06
2022-03-23 00:15:07,311 :	 156/755,	5.736152510448705e+18,	2.395026619987491e+19 => 0.041416,	  6.57e+06
2022-03-23 00:15:22,804 :	 157/755,	7.880462815669936e+18,	2.395026619987491e+19 => 0.03905,	  6.26e+06
2022-03-23 00:15:38,716 :	 158/755,	1.0826367338740562e+19,	2.395026619987491e+19 => 0.037866,	  5.87e+06
2022-03-23 00:15:54,594 :	 159/755,	1.4873521072935119e+19,	2.395026619987491e+19 => 0.03905,	  5.39e+06
2022-03-23 00:16:10,435 :	 160/755,	2.0433597178569396e+19,	2.395026619987491e+19 => 0.037866,	  4.93e+06
2022-03-23 00:16:26,071 :	 161/755,	2.80721620394117e+19,	2.395026619987491e+19 => 0.0355,	  4.83e+06
2022-03-23 00:16:42,451 :	 162/755,	3.856620421163456e+19,	2.395026619987491e+19 => 0.030766,	  4.95e+06
2022-03-23 00:16:59,695 :	 163/755,	5.298316906283724e+19,	2.395026619987491e+19 => 0.026033,	   5.1e+06
2022-03-23 00:17:28,386 :	 164/755,	7.278953843983161e+19,	2.395026619987491e+19 => 0.022483,	  5.18e+06
2022-03-23 00:17:56,182 :	 165/755,	1e+20,	2.395026619987491e+19 => 0.018933,	  5.22e+06
2022-03-23 00:18:11,131 :	 166/755,	1.2689610031679182e+17,	3.5622478902624514e+19 => 1.0,	  5.94e+04
2022-03-23 00:18:28,024 :	 167/755,	1.7433288221999946e+17,	3.5622478902624514e+19 => 1.0,	  5.87e+04
2022-03-23 00:18:42,841 :	 168/755,	2.395026619987491e+17,	3.5622478902624514e+19 => 1.0,	  5.75e+04
2022-03-23 00:18:57,262 :	 169/755,	3.290344562312671e+17,	3.5622478902624514e+19 => 1.0,	  5.59e+04
2022-03-23 00:19:11,897 :	 170/755,	4.5203536563602406e+17,	3.5622478902624514e+19 => 1.0,	  5.34e+04
2022-03-23 00:19:26,936 :	 171/755,	6.210169418915603e+17,	3.5622478902624514e+19 => 1.0,	  5.06e+04
2022-03-23 00:19:41,853 :	 172/755,	8.53167852417278e+17,	3.5622478902624514e+19 => 1.0,	  4.68e+04
2022-03-23 00:19:56,573 :	 173/755,	1.172102297533484e+18,	3.5622478902624514e+19 => 1.0,	  4.11e+04
2022-03-23 00:20:11,887 :	 174/755,	1.6102620275609426e+18,	3.5622478902624514e+19 => 1.0,	  3.46e+04
2022-03-23 00:20:28,084 :	 175/755,	2.2122162910704502e+18,	3.5622478902624514e+19 => 1.0,	  2.88e+04
2022-03-23 00:20:43,846 :	 176/755,	3.039195382313195e+18,	3.5622478902624514e+19 => 0.05325,	  6.64e+06
2022-03-23 00:20:59,560 :	 177/755,	4.1753189365603917e+18,	3.5622478902624514e+19 => 0.048516,	  6.49e+06
2022-03-23 00:21:15,454 :	 178/755,	5.736152510448705e+18,	3.5622478902624514e+19 => 0.044966,	  6.27e+06
2022-03-23 00:21:31,393 :	 179/755,	7.880462815669936e+18,	3.5622478902624514e+19 => 0.041416,	  5.98e+06
2022-03-23 00:21:47,372 :	 180/755,	1.0826367338740562e+19,	3.5622478902624514e+19 => 0.041416,	  5.61e+06
2022-03-23 00:22:03,367 :	 181/755,	1.4873521072935119e+19,	3.5622478902624514e+19 => 0.040233,	  5.18e+06
2022-03-23 00:22:19,214 :	 182/755,	2.0433597178569396e+19,	3.5622478902624514e+19 => 0.03905,	  4.79e+06
2022-03-23 00:22:35,060 :	 183/755,	2.80721620394117e+19,	3.5622478902624514e+19 => 0.036683,	  4.76e+06
2022-03-23 00:22:52,232 :	 184/755,	3.856620421163456e+19,	3.5622478902624514e+19 => 0.03195,	   4.9e+06
2022-03-23 00:23:09,066 :	 185/755,	5.298316906283724e+19,	3.5622478902624514e+19 => 0.026033,	  5.05e+06
2022-03-23 00:23:36,031 :	 186/755,	7.278953843983161e+19,	3.5622478902624514e+19 => 0.022483,	  5.14e+06
2022-03-23 00:24:04,111 :	 187/755,	1e+20,	3.5622478902624514e+19 => 0.020117,	  5.19e+06
2022-03-23 00:24:18,750 :	 188/755,	9.236708571873846e+16,	5.298316906283724e+19 => 1.0,	  1.81e+04
2022-03-23 00:24:33,308 :	 189/755,	1.2689610031679182e+17,	5.298316906283724e+19 => 1.0,	  1.78e+04
2022-03-23 00:24:48,108 :	 190/755,	1.7433288221999946e+17,	5.298316906283724e+19 => 1.0,	  1.76e+04
2022-03-23 00:25:02,680 :	 191/755,	2.395026619987491e+17,	5.298316906283724e+19 => 1.0,	  1.73e+04
2022-03-23 00:25:17,255 :	 192/755,	3.290344562312671e+17,	5.298316906283724e+19 => 1.0,	  1.68e+04
2022-03-23 00:25:31,903 :	 193/755,	4.5203536563602406e+17,	5.298316906283724e+19 => 1.0,	  1.61e+04
2022-03-23 00:25:46,819 :	 194/755,	6.210169418915603e+17,	5.298316906283724e+19 => 1.0,	  1.54e+04
2022-03-23 00:26:02,006 :	 195/755,	8.53167852417278e+17,	5.298316906283724e+19 => 1.0,	  1.43e+04
2022-03-23 00:26:17,229 :	 196/755,	1.172102297533484e+18,	5.298316906283724e+19 => 1.0,	  1.26e+04
2022-03-23 00:26:32,472 :	 197/755,	1.6102620275609426e+18,	5.298316906283724e+19 => 1.0,	  1.09e+04
2022-03-23 00:26:48,077 :	 198/755,	2.2122162910704502e+18,	5.298316906283724e+19 => 0.066266,	  6.25e+06
2022-03-23 00:27:03,989 :	 199/755,	3.039195382313195e+18,	5.298316906283724e+19 => 0.059166,	  6.16e+06
2022-03-23 00:27:19,720 :	 200/755,	4.1753189365603917e+18,	5.298316906283724e+19 => 0.05325,	  6.03e+06
2022-03-23 00:27:35,354 :	 201/755,	5.736152510448705e+18,	5.298316906283724e+19 => 0.0497,	  5.84e+06
2022-03-23 00:27:50,787 :	 202/755,	7.880462815669936e+18,	5.298316906283724e+19 => 0.04615,	  5.59e+06
2022-03-23 00:28:06,346 :	 203/755,	1.0826367338740562e+19,	5.298316906283724e+19 => 0.044966,	  5.26e+06
2022-03-23 00:28:25,974 :	 204/755,	1.4873521072935119e+19,	5.298316906283724e+19 => 0.0426,	  4.88e+06
2022-03-23 00:28:41,668 :	 205/755,	2.0433597178569396e+19,	5.298316906283724e+19 => 0.041416,	  4.63e+06
2022-03-23 00:28:56,881 :	 206/755,	2.80721620394117e+19,	5.298316906283724e+19 => 0.037866,	  4.67e+06
2022-03-23 00:29:13,348 :	 207/755,	3.856620421163456e+19,	5.298316906283724e+19 => 0.033133,	  4.83e+06
2022-03-23 00:29:30,104 :	 208/755,	5.298316906283724e+19,	5.298316906283724e+19 => 0.027216,	  4.99e+06
2022-03-23 00:29:58,671 :	 209/755,	7.278953843983161e+19,	5.298316906283724e+19 => 0.023666,	   5.1e+06
2022-03-23 00:30:15,764 :	 210/755,	1e+20,	5.298316906283724e+19 => 0.020117,	  5.17e+06
2022-03-23 00:30:30,800 :	 211/755,	6.723357536499335e+16,	7.880462815669936e+19 => 1.0,	  3.26e+03
2022-03-23 00:30:45,695 :	 212/755,	9.236708571873846e+16,	7.880462815669936e+19 => 1.0,	  3.24e+03
2022-03-23 00:31:00,962 :	 213/755,	1.2689610031679182e+17,	7.880462815669936e+19 => 1.0,	  3.21e+03
2022-03-23 00:31:15,459 :	 214/755,	1.7433288221999946e+17,	7.880462815669936e+19 => 1.0,	  3.17e+03
2022-03-23 00:31:30,056 :	 215/755,	2.395026619987491e+17,	7.880462815669936e+19 => 1.0,	  3.12e+03
2022-03-23 00:31:45,000 :	 216/755,	3.290344562312671e+17,	7.880462815669936e+19 => 1.0,	  3.04e+03
2022-03-23 00:31:59,886 :	 217/755,	4.5203536563602406e+17,	7.880462815669936e+19 => 1.0,	  2.92e+03
2022-03-23 00:32:14,553 :	 218/755,	6.210169418915603e+17,	7.880462815669936e+19 => 1.0,	  2.79e+03
2022-03-23 00:32:29,621 :	 219/755,	8.53167852417278e+17,	7.880462815669936e+19 => 1.0,	  2.63e+03
2022-03-23 00:32:44,706 :	 220/755,	1.172102297533484e+18,	7.880462815669936e+19 => 1.0,	   2.4e+03
2022-03-23 00:33:00,461 :	 221/755,	1.6102620275609426e+18,	7.880462815669936e+19 => 0.086383,	  5.58e+06
2022-03-23 00:33:16,077 :	 222/755,	2.2122162910704502e+18,	7.880462815669936e+19 => 0.075733,	  5.57e+06
2022-03-23 00:33:31,540 :	 223/755,	3.039195382313195e+18,	7.880462815669936e+19 => 0.06745,	  5.51e+06
2022-03-23 00:33:46,906 :	 224/755,	4.1753189365603917e+18,	7.880462815669936e+19 => 0.061533,	  5.41e+06
2022-03-23 00:34:02,285 :	 225/755,	5.736152510448705e+18,	7.880462815669936e+19 => 0.055616,	  5.26e+06
2022-03-23 00:34:17,761 :	 226/755,	7.880462815669936e+18,	7.880462815669936e+19 => 0.052066,	  5.04e+06
2022-03-23 00:34:33,034 :	 227/755,	1.0826367338740562e+19,	7.880462815669936e+19 => 0.048516,	  4.77e+06
2022-03-23 00:34:48,185 :	 228/755,	1.4873521072935119e+19,	7.880462815669936e+19 => 0.04615,	  4.51e+06
2022-03-23 00:35:03,574 :	 229/755,	2.0433597178569396e+19,	7.880462815669936e+19 => 0.0426,	  4.44e+06
2022-03-23 00:35:19,243 :	 230/755,	2.80721620394117e+19,	7.880462815669936e+19 => 0.037866,	  4.56e+06
2022-03-23 00:35:35,551 :	 231/755,	3.856620421163456e+19,	7.880462815669936e+19 => 0.033133,	  4.74e+06
2022-03-23 00:35:52,651 :	 232/755,	5.298316906283724e+19,	7.880462815669936e+19 => 0.0284,	  4.91e+06
2022-03-23 00:36:20,678 :	 233/755,	7.278953843983161e+19,	7.880462815669936e+19 => 0.02485,	  5.02e+06
2022-03-23 00:36:57,279 :	 234/755,	1e+20,	7.880462815669936e+19 => 0.0213,	  5.09e+06
2022-03-23 00:37:11,935 :	 235/755,	4.893900918477499e+16,	1.172102297533484e+20 => 1.0,	   2.9e+02
2022-03-23 00:37:27,112 :	 236/755,	6.723357536499335e+16,	1.172102297533484e+20 => 1.0,	  2.88e+02
2022-03-23 00:37:42,322 :	 237/755,	9.236708571873846e+16,	1.172102297533484e+20 => 1.0,	  2.87e+02
2022-03-23 00:37:57,457 :	 238/755,	1.2689610031679182e+17,	1.172102297533484e+20 => 1.0,	  2.85e+02
2022-03-23 00:38:12,579 :	 239/755,	1.7433288221999946e+17,	1.172102297533484e+20 => 1.0,	  2.83e+02
2022-03-23 00:38:33,360 :	 240/755,	2.395026619987491e+17,	1.172102297533484e+20 => 1.0,	  2.79e+02
2022-03-23 00:38:47,726 :	 241/755,	3.290344562312671e+17,	1.172102297533484e+20 => 1.0,	  2.75e+02
2022-03-23 00:39:02,422 :	 242/755,	4.5203536563602406e+17,	1.172102297533484e+20 => 1.0,	  2.66e+02
2022-03-23 00:39:17,274 :	 243/755,	6.210169418915603e+17,	1.172102297533484e+20 => 1.0,	  2.56e+02
2022-03-23 00:39:32,667 :	 244/755,	8.53167852417278e+17,	1.172102297533484e+20 => 1.0,	  3.37e+03
2022-03-23 00:39:48,279 :	 245/755,	1.172102297533484e+18,	1.172102297533484e+20 => 0.11242,	  4.66e+06
2022-03-23 00:40:03,864 :	 246/755,	1.6102620275609426e+18,	1.172102297533484e+20 => 0.098216,	  4.68e+06
2022-03-23 00:40:19,772 :	 247/755,	2.2122162910704502e+18,	1.172102297533484e+20 => 0.086383,	  4.68e+06
2022-03-23 00:40:35,091 :	 248/755,	3.039195382313195e+18,	1.172102297533484e+20 => 0.076916,	  4.65e+06
2022-03-23 00:40:50,546 :	 249/755,	4.1753189365603917e+18,	1.172102297533484e+20 => 0.068633,	  4.58e+06
2022-03-23 00:41:06,827 :	 250/755,	5.736152510448705e+18,	1.172102297533484e+20 => 0.062716,	  4.48e+06
2022-03-23 00:41:21,873 :	 251/755,	7.880462815669936e+18,	1.172102297533484e+20 => 0.057983,	  4.34e+06
2022-03-23 00:41:36,879 :	 252/755,	1.0826367338740562e+19,	1.172102297533484e+20 => 0.05325,	  4.21e+06
2022-03-23 00:41:52,080 :	 253/755,	1.4873521072935119e+19,	1.172102297533484e+20 => 0.0497,	  4.16e+06
2022-03-23 00:42:07,611 :	 254/755,	2.0433597178569396e+19,	1.172102297533484e+20 => 0.04615,	  4.24e+06
2022-03-23 00:42:23,351 :	 255/755,	2.80721620394117e+19,	1.172102297533484e+20 => 0.040233,	  4.41e+06
2022-03-23 00:42:39,323 :	 256/755,	3.856620421163456e+19,	1.172102297533484e+20 => 0.034316,	  4.61e+06
2022-03-23 00:42:56,043 :	 257/755,	5.298316906283724e+19,	1.172102297533484e+20 => 0.029583,	  4.78e+06
2022-03-23 00:43:23,624 :	 258/755,	7.278953843983161e+19,	1.172102297533484e+20 => 0.02485,	  4.92e+06
2022-03-23 00:43:50,497 :	 259/755,	1e+20,	1.172102297533484e+20 => 0.0213,	  5.01e+06
2022-03-23 00:44:04,870 :	 260/755,	3.5622478902624516e+16,	1.7433288221999943e+20 => 1.0,	      10.3
2022-03-23 00:44:19,154 :	 261/755,	4.893900918477499e+16,	1.7433288221999943e+20 => 1.0,	      10.3
2022-03-23 00:44:34,008 :	 262/755,	6.723357536499335e+16,	1.7433288221999943e+20 => 1.0,	      10.3
2022-03-23 00:44:48,631 :	 263/755,	9.236708571873846e+16,	1.7433288221999943e+20 => 1.0,	      10.2
2022-03-23 00:45:03,380 :	 264/755,	1.2689610031679182e+17,	1.7433288221999943e+20 => 1.0,	      10.1
2022-03-23 00:45:17,789 :	 265/755,	1.7433288221999946e+17,	1.7433288221999943e+20 => 1.0,	      10.0
2022-03-23 00:45:32,491 :	 266/755,	2.395026619987491e+17,	1.7433288221999943e+20 => 1.0,	       9.9
2022-03-23 00:45:47,396 :	 267/755,	3.290344562312671e+17,	1.7433288221999943e+20 => 1.0,	      9.76
2022-03-23 00:46:02,530 :	 268/755,	4.5203536563602406e+17,	1.7433288221999943e+20 => 1.0,	      9.69
2022-03-23 00:46:18,543 :	 269/755,	6.210169418915603e+17,	1.7433288221999943e+20 => 0.18342,	  2.57e+06
2022-03-23 00:46:34,997 :	 270/755,	8.53167852417278e+17,	1.7433288221999943e+20 => 0.15028,	  3.47e+06
2022-03-23 00:46:50,852 :	 271/755,	1.172102297533484e+18,	1.7433288221999943e+20 => 0.1278,	  3.59e+06
2022-03-23 00:47:06,706 :	 272/755,	1.6102620275609426e+18,	1.7433288221999943e+20 => 0.11123,	  3.63e+06
2022-03-23 00:47:22,934 :	 273/755,	2.2122162910704502e+18,	1.7433288221999943e+20 => 0.098216,	  3.66e+06
2022-03-23 00:47:38,359 :	 274/755,	3.039195382313195e+18,	1.7433288221999943e+20 => 0.087566,	  3.68e+06
2022-03-23 00:47:53,585 :	 275/755,	4.1753189365603917e+18,	1.7433288221999943e+20 => 0.079283,	  3.69e+06
2022-03-23 00:48:08,628 :	 276/755,	5.736152510448705e+18,	1.7433288221999943e+20 => 0.070999,	  3.69e+06
2022-03-23 00:48:28,028 :	 277/755,	7.880462815669936e+18,	1.7433288221999943e+20 => 0.065083,	  3.71e+06
2022-03-23 00:48:42,931 :	 278/755,	1.0826367338740562e+19,	1.7433288221999943e+20 => 0.059166,	  3.76e+06
2022-03-23 00:48:57,545 :	 279/755,	1.4873521072935119e+19,	1.7433288221999943e+20 => 0.054433,	  3.87e+06
2022-03-23 00:49:12,531 :	 280/755,	2.0433597178569396e+19,	1.7433288221999943e+20 => 0.047333,	  4.04e+06
2022-03-23 00:49:27,967 :	 281/755,	2.80721620394117e+19,	1.7433288221999943e+20 => 0.041416,	  4.24e+06
2022-03-23 00:49:43,737 :	 282/755,	3.856620421163456e+19,	1.7433288221999943e+20 => 0.0355,	  4.45e+06
2022-03-23 00:50:00,604 :	 283/755,	5.298316906283724e+19,	1.7433288221999943e+20 => 0.029583,	  4.63e+06
2022-03-23 00:50:27,355 :	 284/755,	7.278953843983161e+19,	1.7433288221999943e+20 => 0.026033,	  4.77e+06
2022-03-23 00:50:53,860 :	 285/755,	1e+20,	1.7433288221999943e+20 => 0.022483,	  4.88e+06
2022-03-23 00:51:08,264 :	 286/755,	2.5929437974046776e+16,	2.5929437974046776e+20 => 1.0,	     0.116
2022-03-23 00:51:22,922 :	 287/755,	3.5622478902624516e+16,	2.5929437974046776e+20 => 1.0,	     0.175
2022-03-23 00:51:37,449 :	 288/755,	4.893900918477499e+16,	2.5929437974046776e+20 => 1.0,	     0.195
2022-03-23 00:51:52,300 :	 289/755,	6.723357536499335e+16,	2.5929437974046776e+20 => 1.0,	     0.193
2022-03-23 00:52:06,953 :	 290/755,	9.236708571873846e+16,	2.5929437974046776e+20 => 1.0,	      0.19
2022-03-23 00:52:21,799 :	 291/755,	1.2689610031679182e+17,	2.5929437974046776e+20 => 1.0,	     0.187
2022-03-23 00:52:36,435 :	 292/755,	1.7433288221999946e+17,	2.5929437974046776e+20 => 1.0,	     0.184
2022-03-23 00:52:51,126 :	 293/755,	2.395026619987491e+17,	2.5929437974046776e+20 => 1.0,	     0.183
2022-03-23 00:53:05,571 :	 294/755,	3.290344562312671e+17,	2.5929437974046776e+20 => 1.0,	      1.28
2022-03-23 00:53:21,389 :	 295/755,	4.5203536563602406e+17,	2.5929437974046776e+20 => 1.0,	  5.42e+04
2022-03-23 00:53:36,754 :	 296/755,	6.210169418915603e+17,	2.5929437974046776e+20 => 0.19998,	  7.67e+05
2022-03-23 00:53:52,778 :	 297/755,	8.53167852417278e+17,	2.5929437974046776e+20 => 0.17158,	   2.2e+06
2022-03-23 00:54:08,836 :	 298/755,	1.172102297533484e+18,	2.5929437974046776e+20 => 0.1491,	   2.6e+06
2022-03-23 00:54:24,868 :	 299/755,	1.6102620275609426e+18,	2.5929437974046776e+20 => 0.13135,	  2.68e+06
2022-03-23 00:54:40,718 :	 300/755,	2.2122162910704502e+18,	2.5929437974046776e+20 => 0.11597,	  2.79e+06
2022-03-23 00:54:56,344 :	 301/755,	3.039195382313195e+18,	2.5929437974046776e+20 => 0.10177,	  2.91e+06
2022-03-23 00:55:11,706 :	 302/755,	4.1753189365603917e+18,	2.5929437974046776e+20 => 0.089933,	  3.04e+06
2022-03-23 00:55:27,253 :	 303/755,	5.736152510448705e+18,	2.5929437974046776e+20 => 0.079283,	  3.17e+06
2022-03-23 00:55:42,631 :	 304/755,	7.880462815669936e+18,	2.5929437974046776e+20 => 0.069816,	  3.32e+06
2022-03-23 00:55:57,857 :	 305/755,	1.0826367338740562e+19,	2.5929437974046776e+20 => 0.061533,	  3.47e+06
2022-03-23 00:56:13,338 :	 306/755,	1.4873521072935119e+19,	2.5929437974046776e+20 => 0.055616,	  3.65e+06
2022-03-23 00:56:29,181 :	 307/755,	2.0433597178569396e+19,	2.5929437974046776e+20 => 0.048516,	  3.84e+06
2022-03-23 00:56:44,950 :	 308/755,	2.80721620394117e+19,	2.5929437974046776e+20 => 0.0426,	  4.04e+06
2022-03-23 00:57:00,650 :	 309/755,	3.856620421163456e+19,	2.5929437974046776e+20 => 0.0355,	  4.24e+06
2022-03-23 00:57:28,198 :	 310/755,	5.298316906283724e+19,	2.5929437974046776e+20 => 0.030766,	  4.41e+06
2022-03-23 11:08:36,456 :	 311/755,	7.278953843983161e+19,	2.5929437974046776e+20 => 0.027216,	  4.57e+06
2022-03-23 11:09:33,798 :	 312/755,	1e+20,	2.5929437974046776e+20 => 0.023667,	  4.69e+06
2022-03-23 11:09:50,479 :	 313/755,	2.5929437974046776e+16,	3.856620421163456e+20 => 1.0,	    0.0933
2022-03-23 11:10:06,188 :	 314/755,	3.5622478902624516e+16,	3.856620421163456e+20 => 1.0,	     0.106
2022-03-23 11:10:22,835 :	 315/755,	4.893900918477499e+16,	3.856620421163456e+20 => 1.0,	     0.107
2022-03-23 11:10:39,586 :	 316/755,	6.723357536499335e+16,	3.856620421163456e+20 => 1.0,	     0.104
2022-03-23 11:10:56,461 :	 317/755,	9.236708571873846e+16,	3.856620421163456e+20 => 1.0,	     0.101
2022-03-23 11:11:12,689 :	 318/755,	1.2689610031679182e+17,	3.856620421163456e+20 => 1.0,	    0.0983
2022-03-23 11:11:29,343 :	 319/755,	1.7433288221999946e+17,	3.856620421163456e+20 => 1.0,	    0.0984
2022-03-23 11:11:46,542 :	 320/755,	2.395026619987491e+17,	3.856620421163456e+20 => 1.0,	      1.47
2022-03-23 11:12:04,052 :	 321/755,	3.290344562312671e+17,	3.856620421163456e+20 => 1.0,	  5.82e+03
2022-03-23 11:12:21,853 :	 322/755,	4.5203536563602406e+17,	3.856620421163456e+20 => 1.0,	  5.96e+04
2022-03-23 11:12:39,884 :	 323/755,	6.210169418915603e+17,	3.856620421163456e+20 => 0.19288,	  5.71e+05
2022-03-23 11:12:57,896 :	 324/755,	8.53167852417278e+17,	3.856620421163456e+20 => 0.1704,	  2.18e+06
2022-03-23 11:13:15,420 :	 325/755,	1.172102297533484e+18,	3.856620421163456e+20 => 0.15028,	  2.31e+06
2022-03-23 11:13:33,450 :	 326/755,	1.6102620275609426e+18,	3.856620421163456e+20 => 0.13253,	  2.38e+06
2022-03-23 11:13:51,187 :	 327/755,	2.2122162910704502e+18,	3.856620421163456e+20 => 0.11833,	  2.46e+06
2022-03-23 11:14:08,144 :	 328/755,	3.039195382313195e+18,	3.856620421163456e+20 => 0.10413,	   2.6e+06
2022-03-23 11:14:26,093 :	 329/755,	4.1753189365603917e+18,	3.856620421163456e+20 => 0.089933,	  2.77e+06
2022-03-23 11:14:44,057 :	 330/755,	5.736152510448705e+18,	3.856620421163456e+20 => 0.079283,	  2.94e+06
2022-03-23 11:15:01,386 :	 331/755,	7.880462815669936e+18,	3.856620421163456e+20 => 0.069816,	   3.1e+06
2022-03-23 11:15:18,733 :	 332/755,	1.0826367338740562e+19,	3.856620421163456e+20 => 0.062716,	  3.27e+06
2022-03-23 11:15:36,457 :	 333/755,	1.4873521072935119e+19,	3.856620421163456e+20 => 0.054433,	  3.43e+06
2022-03-23 11:15:53,855 :	 334/755,	2.0433597178569396e+19,	3.856620421163456e+20 => 0.048516,	  3.61e+06
2022-03-23 11:16:11,205 :	 335/755,	2.80721620394117e+19,	3.856620421163456e+20 => 0.041416,	   3.8e+06
2022-03-23 11:16:28,770 :	 336/755,	3.856620421163456e+19,	3.856620421163456e+20 => 0.036683,	  3.99e+06
2022-03-23 11:16:47,488 :	 337/755,	5.298316906283724e+19,	3.856620421163456e+20 => 0.033133,	  4.17e+06
2022-03-23 11:17:18,078 :	 338/755,	7.278953843983161e+19,	3.856620421163456e+20 => 0.027216,	  4.33e+06
2022-03-23 11:18:15,366 :	 339/755,	1e+20,	3.856620421163456e+20 => 0.02485,	  4.46e+06
2022-03-23 11:18:32,421 :	 340/755,	1.887391822135092e+16,	5.736152510448705e+20 => 1.0,	     0.099
2022-03-23 11:18:49,572 :	 341/755,	2.5929437974046776e+16,	5.736152510448705e+20 => 1.0,	      0.11
2022-03-23 11:19:06,164 :	 342/755,	3.5622478902624516e+16,	5.736152510448705e+20 => 1.0,	     0.114
2022-03-23 11:19:23,374 :	 343/755,	4.893900918477499e+16,	5.736152510448705e+20 => 1.0,	     0.115
2022-03-23 11:19:40,351 :	 344/755,	6.723357536499335e+16,	5.736152510448705e+20 => 1.0,	     0.113
2022-03-23 11:19:57,059 :	 345/755,	9.236708571873846e+16,	5.736152510448705e+20 => 1.0,	     0.112
2022-03-23 11:20:13,145 :	 346/755,	1.2689610031679182e+17,	5.736152510448705e+20 => 1.0,	     0.116
2022-03-23 11:20:30,149 :	 347/755,	1.7433288221999946e+17,	5.736152510448705e+20 => 1.0,	      1.85
2022-03-23 11:20:48,542 :	 348/755,	2.395026619987491e+17,	5.736152510448705e+20 => 1.0,	  5.42e+03
2022-03-23 11:21:06,232 :	 349/755,	3.290344562312671e+17,	5.736152510448705e+20 => 1.0,	     5e+04
2022-03-23 11:21:23,964 :	 350/755,	4.5203536563602406e+17,	5.736152510448705e+20 => 0.19052,	  4.44e+05
2022-03-23 11:21:42,311 :	 351/755,	6.210169418915603e+17,	5.736152510448705e+20 => 0.16685,	   2.1e+06
2022-03-23 11:22:00,727 :	 352/755,	8.53167852417278e+17,	5.736152510448705e+20 => 0.1491,	  2.27e+06
2022-03-23 11:22:18,492 :	 353/755,	1.172102297533484e+18,	5.736152510448705e+20 => 0.13372,	  2.34e+06
2022-03-23 11:22:36,819 :	 354/755,	1.6102620275609426e+18,	5.736152510448705e+20 => 0.1207,	   2.4e+06
2022-03-23 11:22:54,659 :	 355/755,	2.2122162910704502e+18,	5.736152510448705e+20 => 0.1065,	  2.46e+06
2022-03-23 11:23:12,182 :	 356/755,	3.039195382313195e+18,	5.736152510448705e+20 => 0.095849,	  2.53e+06
2022-03-23 11:23:29,619 :	 357/755,	4.1753189365603917e+18,	5.736152510448705e+20 => 0.085199,	  2.62e+06
2022-03-23 11:23:46,942 :	 358/755,	5.736152510448705e+18,	5.736152510448705e+20 => 0.075733,	  2.74e+06
2022-03-23 11:24:03,887 :	 359/755,	7.880462815669936e+18,	5.736152510448705e+20 => 0.06745,	  2.88e+06
2022-03-23 11:24:21,398 :	 360/755,	1.0826367338740562e+19,	5.736152510448705e+20 => 0.06035,	  3.03e+06
2022-03-23 11:24:39,177 :	 361/755,	1.4873521072935119e+19,	5.736152510448705e+20 => 0.054433,	  3.19e+06
2022-03-23 11:24:56,970 :	 362/755,	2.0433597178569396e+19,	5.736152510448705e+20 => 0.048516,	  3.36e+06
2022-03-23 11:25:13,330 :	 363/755,	2.80721620394117e+19,	5.736152510448705e+20 => 0.041416,	  3.53e+06
2022-03-23 11:25:30,420 :	 364/755,	3.856620421163456e+19,	5.736152510448705e+20 => 0.036683,	  3.71e+06
2022-03-23 11:26:01,100 :	 365/755,	5.298316906283724e+19,	5.736152510448705e+20 => 0.033133,	  3.88e+06
2022-03-23 11:26:30,983 :	 366/755,	7.278953843983161e+19,	5.736152510448705e+20 => 0.0284,	  4.05e+06
2022-03-23 11:27:26,947 :	 367/755,	1e+20,	5.736152510448705e+20 => 0.026033,	  4.19e+06
2022-03-23 11:27:44,122 :	 368/755,	1.373823795883261e+16,	8.531678524172779e+20 => 1.0,	    0.0978
2022-03-23 11:28:01,009 :	 369/755,	1.887391822135092e+16,	8.531678524172779e+20 => 1.0,	     0.111
2022-03-23 11:28:17,553 :	 370/755,	2.5929437974046776e+16,	8.531678524172779e+20 => 1.0,	     0.119
2022-03-23 11:28:34,591 :	 371/755,	3.5622478902624516e+16,	8.531678524172779e+20 => 1.0,	     0.122
2022-03-23 11:28:51,407 :	 372/755,	4.893900918477499e+16,	8.531678524172779e+20 => 1.0,	     0.123
2022-03-23 11:29:07,996 :	 373/755,	6.723357536499335e+16,	8.531678524172779e+20 => 1.0,	     0.124
2022-03-23 11:29:25,311 :	 374/755,	9.236708571873846e+16,	8.531678524172779e+20 => 1.0,	      2.37
2022-03-23 11:29:43,259 :	 375/755,	1.2689610031679182e+17,	8.531678524172779e+20 => 1.0,	      55.7
2022-03-23 11:30:01,231 :	 376/755,	1.7433288221999946e+17,	8.531678524172779e+20 => 1.0,	  5.73e+03
2022-03-23 11:30:19,042 :	 377/755,	2.395026619987491e+17,	8.531678524172779e+20 => 1.0,	  4.59e+04
2022-03-23 11:30:37,182 :	 378/755,	3.290344562312671e+17,	8.531678524172779e+20 => 0.18933,	  3.71e+05
2022-03-23 11:30:55,405 :	 379/755,	4.5203536563602406e+17,	8.531678524172779e+20 => 0.16685,	  2.03e+06
2022-03-23 11:31:13,009 :	 380/755,	6.210169418915603e+17,	8.531678524172779e+20 => 0.14792,	  2.24e+06
2022-03-23 11:31:31,044 :	 381/755,	8.53167852417278e+17,	8.531678524172779e+20 => 0.13135,	  2.31e+06
2022-03-23 11:31:49,210 :	 382/755,	1.172102297533484e+18,	8.531678524172779e+20 => 0.11715,	  2.37e+06
2022-03-23 11:32:06,238 :	 383/755,	1.6102620275609426e+18,	8.531678524172779e+20 => 0.10413,	  2.43e+06
2022-03-23 11:32:23,904 :	 384/755,	2.2122162910704502e+18,	8.531678524172779e+20 => 0.093483,	  2.48e+06
2022-03-23 11:32:42,027 :	 385/755,	3.039195382313195e+18,	8.531678524172779e+20 => 0.085199,	  2.54e+06
2022-03-23 11:32:59,192 :	 386/755,	4.1753189365603917e+18,	8.531678524172779e+20 => 0.076916,	  2.59e+06
2022-03-23 11:33:16,338 :	 387/755,	5.736152510448705e+18,	8.531678524172779e+20 => 0.070999,	  2.66e+06
2022-03-23 11:33:34,217 :	 388/755,	7.880462815669936e+18,	8.531678524172779e+20 => 0.065083,	  2.74e+06
2022-03-23 11:33:51,796 :	 389/755,	1.0826367338740562e+19,	8.531678524172779e+20 => 0.059166,	  2.84e+06
2022-03-23 11:34:08,773 :	 390/755,	1.4873521072935119e+19,	8.531678524172779e+20 => 0.052066,	  2.96e+06
2022-03-23 11:34:26,184 :	 391/755,	2.0433597178569396e+19,	8.531678524172779e+20 => 0.047333,	   3.1e+06
2022-03-23 11:34:43,229 :	 392/755,	2.80721620394117e+19,	8.531678524172779e+20 => 0.0426,	  3.25e+06
2022-03-23 11:35:12,296 :	 393/755,	3.856620421163456e+19,	8.531678524172779e+20 => 0.037866,	  3.41e+06
2022-03-23 11:35:42,309 :	 394/755,	5.298316906283724e+19,	8.531678524172779e+20 => 0.034316,	  3.58e+06
2022-03-23 11:36:11,309 :	 395/755,	7.278953843983161e+19,	8.531678524172779e+20 => 0.029583,	  3.74e+06
2022-03-23 11:37:07,731 :	 396/755,	1e+20,	8.531678524172779e+20 => 0.027216,	  3.89e+06
2022-03-23 11:37:24,370 :	 397/755,	1e+16,	1.2689610031679285e+21 => 1.0,	    0.0934
2022-03-23 11:37:41,302 :	 398/755,	1.373823795883261e+16,	1.2689610031679285e+21 => 1.0,	      0.11
2022-03-23 11:37:57,901 :	 399/755,	1.887391822135092e+16,	1.2689610031679285e+21 => 1.0,	     0.121
2022-03-23 11:38:14,026 :	 400/755,	2.5929437974046776e+16,	1.2689610031679285e+21 => 1.0,	     0.129
2022-03-23 11:38:39,434 :	 401/755,	3.5622478902624516e+16,	1.2689610031679285e+21 => 1.0,	     0.134
2022-03-23 11:38:54,037 :	 402/755,	4.893900918477499e+16,	1.2689610031679285e+21 => 1.0,	     0.138
2022-03-23 11:39:09,549 :	 403/755,	6.723357536499335e+16,	1.2689610031679285e+21 => 1.0,	      2.36
2022-03-23 11:39:25,279 :	 404/755,	9.236708571873846e+16,	1.2689610031679285e+21 => 1.0,	  7.17e+02
2022-03-23 11:39:41,208 :	 405/755,	1.2689610031679182e+17,	1.2689610031679285e+21 => 1.0,	  5.66e+03
2022-03-23 11:39:56,782 :	 406/755,	1.7433288221999946e+17,	1.2689610031679285e+21 => 1.0,	  4.18e+04
2022-03-23 11:40:12,935 :	 407/755,	2.395026619987491e+17,	1.2689610031679285e+21 => 0.19052,	  4.25e+05
2022-03-23 11:40:29,221 :	 408/755,	3.290344562312671e+17,	1.2689610031679285e+21 => 0.16803,	  2.02e+06
2022-03-23 11:40:44,961 :	 409/755,	4.5203536563602406e+17,	1.2689610031679285e+21 => 0.14792,	  2.21e+06
2022-03-23 11:41:04,633 :	 410/755,	6.210169418915603e+17,	1.2689610031679285e+21 => 0.13135,	   2.3e+06
2022-03-23 11:41:25,512 :	 411/755,	8.53167852417278e+17,	1.2689610031679285e+21 => 0.11597,	  2.37e+06
2022-03-23 11:41:44,657 :	 412/755,	1.172102297533484e+18,	1.2689610031679285e+21 => 0.10295,	  2.44e+06
2022-03-23 11:42:03,036 :	 413/755,	1.6102620275609426e+18,	1.2689610031679285e+21 => 0.092299,	   2.5e+06
2022-03-23 11:42:22,278 :	 414/755,	2.2122162910704502e+18,	1.2689610031679285e+21 => 0.082833,	  2.55e+06
2022-03-23 11:42:42,320 :	 415/755,	3.039195382313195e+18,	1.2689610031679285e+21 => 0.075733,	   2.6e+06
2022-03-23 11:43:01,925 :	 416/755,	4.1753189365603917e+18,	1.2689610031679285e+21 => 0.068633,	  2.65e+06
2022-03-23 11:43:21,856 :	 417/755,	5.736152510448705e+18,	1.2689610031679285e+21 => 0.062716,	  2.69e+06
2022-03-23 11:43:41,675 :	 418/755,	7.880462815669936e+18,	1.2689610031679285e+21 => 0.057983,	  2.74e+06
2022-03-23 11:44:00,881 :	 419/755,	1.0826367338740562e+19,	1.2689610031679285e+21 => 0.052066,	   2.8e+06
2022-03-23 11:44:20,630 :	 420/755,	1.4873521072935119e+19,	1.2689610031679285e+21 => 0.048516,	  2.87e+06
2022-03-23 11:44:40,269 :	 421/755,	2.0433597178569396e+19,	1.2689610031679285e+21 => 0.044966,	  2.95e+06
2022-03-23 11:44:59,699 :	 422/755,	2.80721620394117e+19,	1.2689610031679285e+21 => 0.040233,	  3.05e+06
2022-03-23 11:50:53,417 :	 423/755,	3.856620421163456e+19,	1.2689610031679285e+21 => 0.037866,	  3.16e+06
2022-03-23 11:51:26,920 :	 424/755,	5.298316906283724e+19,	1.2689610031679285e+21 => 0.034316,	   3.3e+06
2022-03-23 11:52:59,008 :	 425/755,	7.278953843983161e+19,	1.2689610031679285e+21 => 0.030766,	  3.44e+06
2022-03-23 11:54:00,840 :	 426/755,	1e+20,	1.2689610031679285e+21 => 0.0284,	  3.59e+06
2022-03-23 11:54:18,713 :	 427/755,	1e+16,	1.8873918221350918e+21 => 1.0,	     0.108
2022-03-23 11:54:35,970 :	 428/755,	1.373823795883261e+16,	1.8873918221350918e+21 => 1.0,	     0.122
2022-03-23 11:54:53,230 :	 429/755,	1.887391822135092e+16,	1.8873918221350918e+21 => 1.0,	     0.133
2022-03-23 11:55:09,891 :	 430/755,	2.5929437974046776e+16,	1.8873918221350918e+21 => 1.0,	     0.313
2022-03-23 11:55:27,687 :	 431/755,	3.5622478902624516e+16,	1.8873918221350918e+21 => 1.0,	      2.21
2022-03-23 11:55:46,973 :	 432/755,	4.893900918477499e+16,	1.8873918221350918e+21 => 1.0,	      76.1
2022-03-23 11:56:06,185 :	 433/755,	6.723357536499335e+16,	1.8873918221350918e+21 => 1.0,	  6.97e+02
2022-03-23 11:56:25,202 :	 434/755,	9.236708571873846e+16,	1.8873918221350918e+21 => 1.0,	  5.51e+03
2022-03-23 11:56:48,532 :	 435/755,	1.2689610031679182e+17,	1.8873918221350918e+21 => 0.20472,	  8.62e+04
2022-03-23 11:57:10,922 :	 436/755,	1.7433288221999946e+17,	1.8873918221350918e+21 => 0.18223,	  4.74e+05
2022-03-23 11:57:31,236 :	 437/755,	2.395026619987491e+17,	1.8873918221350918e+21 => 0.16448,	  1.91e+06
2022-03-23 11:57:50,990 :	 438/755,	3.290344562312671e+17,	1.8873918221350918e+21 => 0.14792,	  2.16e+06
2022-03-23 11:58:10,704 :	 439/755,	4.5203536563602406e+17,	1.8873918221350918e+21 => 0.13372,	   2.3e+06
2022-03-23 11:58:31,831 :	 440/755,	6.210169418915603e+17,	1.8873918221350918e+21 => 0.11952,	  2.41e+06
2022-03-23 11:58:53,707 :	 441/755,	8.53167852417278e+17,	1.8873918221350918e+21 => 0.10768,	   2.5e+06
2022-03-23 11:59:14,018 :	 442/755,	1.172102297533484e+18,	1.8873918221350918e+21 => 0.095849,	  2.58e+06
2022-03-23 11:59:35,017 :	 443/755,	1.6102620275609426e+18,	1.8873918221350918e+21 => 0.086383,	  2.65e+06
2022-03-23 11:59:56,463 :	 444/755,	2.2122162910704502e+18,	1.8873918221350918e+21 => 0.079283,	  2.71e+06
2022-03-23 12:00:16,464 :	 445/755,	3.039195382313195e+18,	1.8873918221350918e+21 => 0.072183,	  2.77e+06
2022-03-23 12:00:36,974 :	 446/755,	4.1753189365603917e+18,	1.8873918221350918e+21 => 0.066266,	  2.82e+06
2022-03-23 12:00:57,346 :	 447/755,	5.736152510448705e+18,	1.8873918221350918e+21 => 0.06035,	  2.87e+06
2022-03-23 12:01:17,019 :	 448/755,	7.880462815669936e+18,	1.8873918221350918e+21 => 0.055616,	  2.89e+06
2022-03-23 12:01:37,420 :	 449/755,	1.0826367338740562e+19,	1.8873918221350918e+21 => 0.052066,	  2.93e+06
2022-03-23 12:01:59,918 :	 450/755,	1.4873521072935119e+19,	1.8873918221350918e+21 => 0.047333,	  2.98e+06
2022-03-23 12:02:19,775 :	 451/755,	2.0433597178569396e+19,	1.8873918221350918e+21 => 0.043783,	  3.04e+06
2022-03-23 12:02:56,417 :	 452/755,	2.80721620394117e+19,	1.8873918221350918e+21 => 0.041416,	   3.1e+06
2022-03-23 12:03:32,886 :	 453/755,	3.856620421163456e+19,	1.8873918221350918e+21 => 0.037866,	  3.18e+06
2022-03-23 12:04:08,672 :	 454/755,	5.298316906283724e+19,	1.8873918221350918e+21 => 0.034316,	  3.27e+06
2022-03-23 12:05:17,573 :	 455/755,	7.278953843983161e+19,	1.8873918221350918e+21 => 0.033133,	  3.37e+06
2022-03-23 12:06:24,244 :	 456/755,	1e+20,	1.8873918221350918e+21 => 0.029583,	  3.48e+06
2022-03-23 12:06:45,393 :	 457/755,	1e+16,	2.80721620394117e+21 => 1.0,	      1.03
2022-03-23 12:07:06,316 :	 458/755,	1.373823795883261e+16,	2.80721620394117e+21 => 1.0,	      2.49
2022-03-23 12:07:29,032 :	 459/755,	1.887391822135092e+16,	2.80721620394117e+21 => 1.0,	      4.63
2022-03-23 12:07:50,699 :	 460/755,	2.5929437974046776e+16,	2.80721620394117e+21 => 1.0,	      13.3
2022-03-23 12:08:12,487 :	 461/755,	3.5622478902624516e+16,	2.80721620394117e+21 => 1.0,	      83.7
2022-03-23 12:08:34,785 :	 462/755,	4.893900918477499e+16,	2.80721620394117e+21 => 1.0,	  7.18e+02
2022-03-23 12:08:57,980 :	 463/755,	6.723357536499335e+16,	2.80721620394117e+21 => 1.0,	  1.47e+04
2022-03-23 12:09:20,662 :	 464/755,	9.236708571873846e+16,	2.80721620394117e+21 => 0.18933,	  8.83e+04
2022-03-23 12:09:42,642 :	 465/755,	1.2689610031679182e+17,	2.80721620394117e+21 => 0.16685,	  4.95e+05
2022-03-23 12:10:05,049 :	 466/755,	1.7433288221999946e+17,	2.80721620394117e+21 => 0.1491,	   1.8e+06
2022-03-23 12:10:28,055 :	 467/755,	2.395026619987491e+17,	2.80721620394117e+21 => 0.13253,	  2.04e+06
2022-03-23 12:10:49,336 :	 468/755,	3.290344562312671e+17,	2.80721620394117e+21 => 0.11715,	  2.24e+06
2022-03-23 12:11:10,297 :	 469/755,	4.5203536563602406e+17,	2.80721620394117e+21 => 0.10532,	  2.41e+06
2022-03-23 12:11:32,550 :	 470/755,	6.210169418915603e+17,	2.80721620394117e+21 => 0.094666,	  2.56e+06
2022-03-23 12:11:54,057 :	 471/755,	8.53167852417278e+17,	2.80721620394117e+21 => 0.086383,	  2.69e+06
2022-03-23 12:12:14,835 :	 472/755,	1.172102297533484e+18,	2.80721620394117e+21 => 0.079283,	  2.79e+06
2022-03-23 12:12:36,770 :	 473/755,	1.6102620275609426e+18,	2.80721620394117e+21 => 0.070999,	  2.88e+06
2022-03-23 12:12:57,623 :	 474/755,	2.2122162910704502e+18,	2.80721620394117e+21 => 0.066266,	  2.96e+06
2022-03-23 12:13:17,918 :	 475/755,	3.039195382313195e+18,	2.80721620394117e+21 => 0.06035,	  3.04e+06
2022-03-23 12:13:39,401 :	 476/755,	4.1753189365603917e+18,	2.80721620394117e+21 => 0.0568,	  3.11e+06
2022-03-23 12:14:00,675 :	 477/755,	5.736152510448705e+18,	2.80721620394117e+21 => 0.052066,	  3.16e+06
2022-03-23 12:14:21,518 :	 478/755,	7.880462815669936e+18,	2.80721620394117e+21 => 0.048516,	  3.21e+06
2022-03-23 12:14:42,615 :	 479/755,	1.0826367338740562e+19,	2.80721620394117e+21 => 0.04615,	  3.26e+06
2022-03-23 12:15:02,266 :	 480/755,	1.4873521072935119e+19,	2.80721620394117e+21 => 0.0426,	  3.32e+06
2022-03-23 12:15:24,067 :	 481/755,	2.0433597178569396e+19,	2.80721620394117e+21 => 0.03905,	  3.38e+06
2022-03-23 12:16:04,854 :	 482/755,	2.80721620394117e+19,	2.80721620394117e+21 => 0.036683,	  3.42e+06
2022-03-23 12:16:39,435 :	 483/755,	3.856620421163456e+19,	2.80721620394117e+21 => 0.034316,	  3.48e+06
2022-03-23 12:17:14,999 :	 484/755,	5.298316906283724e+19,	2.80721620394117e+21 => 0.030766,	  3.54e+06
2022-03-23 12:20:12,405 :	 485/755,	7.278953843983161e+19,	2.80721620394117e+21 => 0.029583,	  3.61e+06
2022-03-23 12:21:28,404 :	 486/755,	1e+20,	2.80721620394117e+21 => 0.027216,	  3.68e+06
2022-03-23 12:21:52,977 :	 487/755,	1e+16,	4.175318936560392e+21 => 1.0,	      20.8
2022-03-23 12:22:15,317 :	 488/755,	1.373823795883261e+16,	4.175318936560392e+21 => 1.0,	      21.4
2022-03-23 12:23:04,195 :	 489/755,	1.887391822135092e+16,	4.175318936560392e+21 => 1.0,	      90.8
2022-03-23 12:23:27,280 :	 490/755,	2.5929437974046776e+16,	4.175318936560392e+21 => 1.0,	   9.8e+02
2022-03-23 12:23:51,859 :	 491/755,	3.5622478902624516e+16,	4.175318936560392e+21 => 0.19998,	  1.61e+05
2022-03-23 12:24:16,553 :	 492/755,	4.893900918477499e+16,	4.175318936560392e+21 => 0.1846,	  1.89e+04
2022-03-23 12:24:42,239 :	 493/755,	6.723357536499335e+16,	4.175318936560392e+21 => 0.16685,	  3.99e+05
2022-03-23 12:25:38,191 :	 494/755,	9.236708571873846e+16,	4.175318936560392e+21 => 0.15028,	  9.32e+05
2022-03-23 12:26:03,376 :	 495/755,	1.2689610031679182e+17,	4.175318936560392e+21 => 0.13253,	  1.62e+06
2022-03-23 12:27:04,621 :	 496/755,	1.7433288221999946e+17,	4.175318936560392e+21 => 0.11833,	   1.9e+06
2022-03-23 12:27:31,371 :	 497/755,	2.395026619987491e+17,	4.175318936560392e+21 => 0.10532,	  2.17e+06
2022-03-23 12:27:57,501 :	 498/755,	3.290344562312671e+17,	4.175318936560392e+21 => 0.094666,	  2.41e+06
2022-03-23 12:28:49,731 :	 499/755,	4.5203536563602406e+17,	4.175318936560392e+21 => 0.084016,	  2.61e+06
2022-03-23 12:29:13,617 :	 500/755,	6.210169418915603e+17,	4.175318936560392e+21 => 0.074549,	   2.8e+06
2022-03-23 12:29:34,760 :	 501/755,	8.53167852417278e+17,	4.175318936560392e+21 => 0.06745,	  2.96e+06
2022-03-23 12:29:55,224 :	 502/755,	1.172102297533484e+18,	4.175318936560392e+21 => 0.061533,	   3.1e+06
2022-03-23 12:30:19,883 :	 503/755,	1.6102620275609426e+18,	4.175318936560392e+21 => 0.055616,	  3.23e+06
2022-03-23 12:30:40,870 :	 504/755,	2.2122162910704502e+18,	4.175318936560392e+21 => 0.052066,	  3.34e+06
2022-03-23 12:31:20,233 :	 505/755,	3.039195382313195e+18,	4.175318936560392e+21 => 0.047333,	  3.43e+06
2022-03-23 12:32:08,387 :	 506/755,	4.1753189365603917e+18,	4.175318936560392e+21 => 0.0426,	  3.51e+06
2022-03-23 12:32:33,879 :	 507/755,	5.736152510448705e+18,	4.175318936560392e+21 => 0.03905,	   3.6e+06
2022-03-23 12:32:59,924 :	 508/755,	7.880462815669936e+18,	4.175318936560392e+21 => 0.037866,	  3.68e+06
2022-03-23 12:33:42,366 :	 509/755,	1.0826367338740562e+19,	4.175318936560392e+21 => 0.034316,	  3.73e+06
2022-03-23 12:34:07,519 :	 510/755,	1.4873521072935119e+19,	4.175318936560392e+21 => 0.03195,	  3.82e+06
2022-03-23 12:34:50,355 :	 511/755,	2.0433597178569396e+19,	4.175318936560392e+21 => 0.029583,	  3.87e+06
2022-03-23 12:35:31,361 :	 512/755,	2.80721620394117e+19,	4.175318936560392e+21 => 0.027216,	  3.93e+06
2022-03-23 12:36:16,757 :	 513/755,	3.856620421163456e+19,	4.175318936560392e+21 => 0.026033,	  3.99e+06
2022-03-23 12:37:36,568 :	 514/755,	5.298316906283724e+19,	4.175318936560392e+21 => 0.02485,	  4.04e+06
2022-03-23 12:38:54,971 :	 515/755,	7.278953843983161e+19,	4.175318936560392e+21 => 0.022483,	  4.09e+06
2022-03-23 12:40:10,680 :	 516/755,	1e+20,	4.175318936560392e+21 => 0.0213,	  4.16e+06
2022-03-23 12:40:58,705 :	 517/755,	1e+16,	6.210169418915604e+21 => 1.0,	  1.09e+05
2022-03-23 12:41:48,769 :	 518/755,	1.373823795883261e+16,	6.210169418915604e+21 => 0.2059,	  1.27e+06
2022-03-23 12:42:32,473 :	 519/755,	1.887391822135092e+16,	6.210169418915604e+21 => 0.1775,	  1.73e+06
2022-03-23 12:43:16,709 :	 520/755,	2.5929437974046776e+16,	6.210169418915604e+21 => 0.14792,	   1.9e+06
2022-03-23 12:43:56,427 :	 521/755,	3.5622478902624516e+16,	6.210169418915604e+21 => 0.14082,	  1.51e+06
2022-03-23 12:44:33,928 :	 522/755,	4.893900918477499e+16,	6.210169418915604e+21 => 0.1278,	  1.72e+06
2022-03-23 12:45:13,621 :	 523/755,	6.723357536499335e+16,	6.210169418915604e+21 => 0.1136,	  1.97e+06
2022-03-23 12:45:52,836 :	 524/755,	9.236708571873846e+16,	6.210169418915604e+21 => 0.10058,	  2.23e+06
2022-03-23 12:46:35,557 :	 525/755,	1.2689610031679182e+17,	6.210169418915604e+21 => 0.088749,	  2.48e+06
2022-03-23 12:47:14,803 :	 526/755,	1.7433288221999946e+17,	6.210169418915604e+21 => 0.078099,	  2.71e+06
2022-03-23 12:47:53,574 :	 527/755,	2.395026619987491e+17,	6.210169418915604e+21 => 0.069816,	  2.93e+06
2022-03-23 12:48:35,698 :	 528/755,	3.290344562312671e+17,	6.210169418915604e+21 => 0.061533,	  3.12e+06
2022-03-23 12:49:17,538 :	 529/755,	4.5203536563602406e+17,	6.210169418915604e+21 => 0.055616,	  3.32e+06
2022-03-23 12:49:54,528 :	 530/755,	6.210169418915603e+17,	6.210169418915604e+21 => 0.0497,	   3.5e+06
2022-03-23 12:50:31,299 :	 531/755,	8.53167852417278e+17,	6.210169418915604e+21 => 0.043783,	  3.66e+06
2022-03-23 12:51:11,179 :	 532/755,	1.172102297533484e+18,	6.210169418915604e+21 => 0.040233,	   3.8e+06
2022-03-23 12:51:48,965 :	 533/755,	1.6102620275609426e+18,	6.210169418915604e+21 => 0.036683,	  3.91e+06
2022-03-23 12:52:26,469 :	 534/755,	2.2122162910704502e+18,	6.210169418915604e+21 => 0.033133,	  4.01e+06
2022-03-23 12:53:03,820 :	 535/755,	3.039195382313195e+18,	6.210169418915604e+21 => 0.030766,	  4.12e+06
2022-03-23 12:53:42,246 :	 536/755,	4.1753189365603917e+18,	6.210169418915604e+21 => 0.0284,	  4.22e+06
2022-03-23 12:54:39,619 :	 537/755,	5.736152510448705e+18,	6.210169418915604e+21 => 0.02485,	  4.31e+06
2022-03-23 12:55:24,017 :	 538/755,	7.880462815669936e+18,	6.210169418915604e+21 => 0.022483,	  4.41e+06
2022-03-23 12:56:06,137 :	 539/755,	1.0826367338740562e+19,	6.210169418915604e+21 => 0.022483,	  4.53e+06
2022-03-23 12:56:44,971 :	 540/755,	1.4873521072935119e+19,	6.210169418915604e+21 => 0.0213,	  4.59e+06
2022-03-23 12:57:22,741 :	 541/755,	2.0433597178569396e+19,	6.210169418915604e+21 => 0.020117,	  4.63e+06
2022-03-23 12:58:40,495 :	 542/755,	2.80721620394117e+19,	6.210169418915604e+21 => 0.018933,	  4.64e+06
2022-03-23 12:59:24,877 :	 543/755,	3.856620421163456e+19,	6.210169418915604e+21 => 0.015383,	  4.85e+06
2022-03-23 13:00:50,044 :	 544/755,	5.298316906283724e+19,	6.210169418915604e+21 => 0.016567,	  4.71e+06
2022-03-23 13:02:05,652 :	 545/755,	7.278953843983161e+19,	6.210169418915604e+21 => 0.011833,	  4.83e+06
2022-03-23 13:03:13,481 :	 546/755,	1e+20,	6.210169418915604e+21 => 0.0047333,	  5.22e+06
2022-03-23 13:04:15,308 :	 547/755,	1e+16,	9.236708571873846e+21 => 0.1207,	  2.21e+06
2022-03-23 13:05:21,613 :	 548/755,	1.373823795883261e+16,	9.236708571873846e+21 => 0.11123,	  2.35e+06
2022-03-23 13:06:36,882 :	 549/755,	1.887391822135092e+16,	9.236708571873846e+21 => 0.10177,	   2.5e+06
2022-03-23 13:07:47,388 :	 550/755,	2.5929437974046776e+16,	9.236708571873846e+21 => 0.092299,	  2.66e+06
2022-03-23 13:08:59,193 :	 551/755,	3.5622478902624516e+16,	9.236708571873846e+21 => 0.081649,	  2.84e+06
2022-03-23 13:10:06,984 :	 552/755,	4.893900918477499e+16,	9.236708571873846e+21 => 0.073366,	  3.01e+06
2022-03-23 13:11:17,943 :	 553/755,	6.723357536499335e+16,	9.236708571873846e+21 => 0.065083,	  3.18e+06
2022-03-23 13:12:27,294 :	 554/755,	9.236708571873846e+16,	9.236708571873846e+21 => 0.0568,	  3.35e+06
2022-03-23 13:13:30,804 :	 555/755,	1.2689610031679182e+17,	9.236708571873846e+21 => 0.050883,	  3.51e+06
2022-03-23 13:14:28,565 :	 556/755,	1.7433288221999946e+17,	9.236708571873846e+21 => 0.044966,	  3.68e+06
2022-03-23 13:15:31,070 :	 557/755,	2.395026619987491e+17,	9.236708571873846e+21 => 0.0047333,	  5.57e+06
2022-03-23 13:16:03,230 :	 558/755,	3.290344562312671e+17,	9.236708571873846e+21 => 0.0047333,	   5.6e+06
2022-03-23 13:16:35,790 :	 559/755,	4.5203536563602406e+17,	9.236708571873846e+21 => 0.00355,	  5.61e+06
2022-03-23 13:17:44,821 :	 560/755,	6.210169418915603e+17,	9.236708571873846e+21 => 0.0047333,	  5.56e+06
2022-03-23 13:19:36,997 :	 561/755,	8.53167852417278e+17,	9.236708571873846e+21 => 0.0047333,	  5.55e+06
2022-03-23 13:20:39,853 :	 562/755,	1.172102297533484e+18,	9.236708571873846e+21 => 0.00355,	  5.54e+06
2022-03-23 13:21:38,089 :	 563/755,	1.6102620275609426e+18,	9.236708571873846e+21 => 0.00355,	  5.53e+06
2022-03-23 13:22:38,488 :	 564/755,	2.2122162910704502e+18,	9.236708571873846e+21 => 0.00355,	  5.52e+06
2022-03-23 13:23:35,252 :	 565/755,	3.039195382313195e+18,	9.236708571873846e+21 => 0.0047333,	  5.51e+06
2022-03-23 13:24:07,538 :	 566/755,	4.1753189365603917e+18,	9.236708571873846e+21 => 0.0047333,	  5.53e+06
2022-03-23 13:25:04,481 :	 567/755,	5.736152510448705e+18,	9.236708571873846e+21 => 0.0047333,	  5.48e+06
2022-03-23 13:26:02,768 :	 568/755,	7.880462815669936e+18,	9.236708571873846e+21 => 0.0047333,	  5.47e+06
2022-03-23 13:26:59,410 :	 569/755,	1.0826367338740562e+19,	9.236708571873846e+21 => 0.0047333,	  5.46e+06
2022-03-23 13:27:56,607 :	 570/755,	1.4873521072935119e+19,	9.236708571873846e+21 => 0.0047333,	  5.45e+06
2022-03-23 13:34:14,569 :	 571/755,	2.0433597178569396e+19,	9.236708571873846e+21 => 0.0047333,	  5.44e+06
2022-03-23 13:35:41,383 :	 572/755,	2.80721620394117e+19,	9.236708571873846e+21 => 0.0047333,	  5.43e+06
2022-03-23 13:36:49,838 :	 573/755,	3.856620421163456e+19,	9.236708571873846e+21 => 0.00355,	  5.42e+06
2022-03-23 13:38:01,349 :	 574/755,	5.298316906283724e+19,	9.236708571873846e+21 => 0.00355,	  5.41e+06
2022-03-23 13:39:11,743 :	 575/755,	7.278953843983161e+19,	9.236708571873846e+21 => 0.00355,	  5.39e+06
2022-03-23 13:39:32,356 :	 576/755,	1e+20,	9.236708571873846e+21 => 1.0,	  7.16e-11
2022-03-23 13:40:10,322 :	 577/755,	1e+16,	1.373823795883261e+22 => 0.00355,	  5.45e+06
2022-03-23 13:42:25,652 :	 578/755,	1.373823795883261e+16,	1.373823795883261e+22 => 0.0047333,	  5.39e+06
2022-03-23 13:43:03,301 :	 579/755,	1.887391822135092e+16,	1.373823795883261e+22 => 0.0047333,	  5.46e+06
2022-03-23 13:43:24,615 :	 580/755,	2.5929437974046776e+16,	1.373823795883261e+22 => 0.00355,	  5.55e+06
2022-03-23 13:44:34,745 :	 581/755,	3.5622478902624516e+16,	1.373823795883261e+22 => 0.0047333,	  5.43e+06
2022-03-23 13:45:43,247 :	 582/755,	4.893900918477499e+16,	1.373823795883261e+22 => 0.00355,	  5.44e+06
2022-03-23 13:46:51,068 :	 583/755,	6.723357536499335e+16,	1.373823795883261e+22 => 0.0047333,	  5.45e+06
2022-03-23 13:48:44,377 :	 584/755,	9.236708571873846e+16,	1.373823795883261e+22 => 0.00355,	  5.44e+06
2022-03-23 13:49:44,441 :	 585/755,	1.2689610031679182e+17,	1.373823795883261e+22 => 0.00355,	  5.47e+06
2022-03-23 13:51:39,117 :	 586/755,	1.7433288221999946e+17,	1.373823795883261e+22 => 0.00355,	  5.45e+06
2022-03-23 13:53:33,018 :	 587/755,	2.395026619987491e+17,	1.373823795883261e+22 => 0.00355,	  5.47e+06
2022-03-23 13:55:27,730 :	 588/755,	3.290344562312671e+17,	1.373823795883261e+22 => 0.00355,	  5.47e+06
2022-03-23 13:57:24,134 :	 589/755,	4.5203536563602406e+17,	1.373823795883261e+22 => 0.0047333,	  5.48e+06
2022-03-23 14:05:24,974 :	 590/755,	6.210169418915603e+17,	1.373823795883261e+22 => 0.00355,	  5.48e+06
2022-03-23 14:08:10,210 :	 591/755,	8.53167852417278e+17,	1.373823795883261e+22 => 0.00355,	  5.47e+06
2022-03-23 14:09:42,293 :	 592/755,	1.172102297533484e+18,	1.373823795883261e+22 => 0.00355,	   5.5e+06
2022-03-23 14:12:29,372 :	 593/755,	1.6102620275609426e+18,	1.373823795883261e+22 => 0.0047333,	  5.47e+06
2022-03-23 14:21:15,072 :	 594/755,	2.2122162910704502e+18,	1.373823795883261e+22 => 0.0047333,	  5.47e+06
2022-03-23 14:24:23,282 :	 595/755,	3.039195382313195e+18,	1.373823795883261e+22 => 0.00355,	  5.47e+06
2022-03-23 14:27:18,078 :	 596/755,	4.1753189365603917e+18,	1.373823795883261e+22 => 0.00355,	  5.46e+06
2022-03-23 14:30:18,529 :	 597/755,	5.736152510448705e+18,	1.373823795883261e+22 => 0.00355,	  5.45e+06
2022-03-23 14:32:09,146 :	 598/755,	7.880462815669936e+18,	1.373823795883261e+22 => 0.00355,	  5.46e+06
2022-03-23 14:33:55,577 :	 599/755,	1.0826367338740562e+19,	1.373823795883261e+22 => 0.00355,	  5.46e+06
2022-03-23 14:37:23,017 :	 600/755,	1.4873521072935119e+19,	1.373823795883261e+22 => 0.00355,	  5.43e+06
2022-03-23 14:43:47,583 :	 601/755,	2.0433597178569396e+19,	1.373823795883261e+22 => 1.0,	  3.69e+06
2022-03-23 14:45:36,336 :	 602/755,	2.80721620394117e+19,	1.373823795883261e+22 => 0.00355,	  5.43e+06
2022-03-23 14:49:04,608 :	 603/755,	3.856620421163456e+19,	1.373823795883261e+22 => 0.00355,	  5.39e+06
2022-03-23 14:50:58,130 :	 604/755,	5.298316906283724e+19,	1.373823795883261e+22 => 0.00355,	   5.4e+06
2022-03-23 14:54:30,616 :	 605/755,	7.278953843983161e+19,	1.373823795883261e+22 => 0.00355,	  5.36e+06
2022-03-23 14:58:02,025 :	 606/755,	1e+20,	1.373823795883261e+22 => 0.00355,	  5.34e+06
2022-03-23 15:04:30,117 :	 607/755,	1e+16,	2.0433597178569397e+22 => 0.0047333,	  5.17e+06
2022-03-23 15:06:58,021 :	 608/755,	1.373823795883261e+16,	2.0433597178569397e+22 => 0.00355,	  5.18e+06
2022-03-23 15:09:02,242 :	 609/755,	1.887391822135092e+16,	2.0433597178569397e+22 => 0.00355,	  5.18e+06
2022-03-23 15:11:05,587 :	 610/755,	2.5929437974046776e+16,	2.0433597178569397e+22 => 0.00355,	  5.18e+06
2022-03-23 15:15:02,536 :	 611/755,	3.5622478902624516e+16,	2.0433597178569397e+22 => 0.00355,	  5.18e+06
2022-03-23 15:17:06,093 :	 612/755,	4.893900918477499e+16,	2.0433597178569397e+22 => 0.0047333,	   5.2e+06
2022-03-23 15:19:11,127 :	 613/755,	6.723357536499335e+16,	2.0433597178569397e+22 => 0.00355,	   5.2e+06
2022-03-23 15:21:15,457 :	 614/755,	9.236708571873846e+16,	2.0433597178569397e+22 => 0.00355,	  5.21e+06
2022-03-23 15:25:12,879 :	 615/755,	1.2689610031679182e+17,	2.0433597178569397e+22 => 0.0047333,	  5.21e+06
2022-03-23 15:29:08,548 :	 616/755,	1.7433288221999946e+17,	2.0433597178569397e+22 => 0.00355,	  5.21e+06
2022-03-23 15:32:45,969 :	 617/755,	2.395026619987491e+17,	2.0433597178569397e+22 => 0.00355,	  5.22e+06
2022-03-23 15:34:22,624 :	 618/755,	3.290344562312671e+17,	2.0433597178569397e+22 => 0.00355,	  5.24e+06
2022-03-23 15:37:28,017 :	 619/755,	4.5203536563602406e+17,	2.0433597178569397e+22 => 0.00355,	  5.22e+06
2022-03-23 15:40:32,779 :	 620/755,	6.210169418915603e+17,	2.0433597178569397e+22 => 0.00355,	  5.24e+06
2022-03-23 16:01:30,616 :	 621/755,	8.53167852417278e+17,	2.0433597178569397e+22 => 0.00355,	  5.25e+06
2022-03-23 16:03:42,072 :	 622/755,	1.172102297533484e+18,	2.0433597178569397e+22 => 0.0047333,	  5.25e+06
2022-03-23 16:06:01,588 :	 623/755,	1.6102620275609426e+18,	2.0433597178569397e+22 => 0.00355,	  5.25e+06
2022-03-23 16:08:26,407 :	 624/755,	2.2122162910704502e+18,	2.0433597178569397e+22 => 0.00355,	  5.25e+06
2022-03-23 16:13:35,595 :	 625/755,	3.039195382313195e+18,	2.0433597178569397e+22 => 0.00355,	  5.25e+06
2022-03-23 16:15:37,132 :	 626/755,	4.1753189365603917e+18,	2.0433597178569397e+22 => 0.00355,	  5.25e+06
2022-03-23 16:17:38,496 :	 627/755,	5.736152510448705e+18,	2.0433597178569397e+22 => 0.00355,	  5.25e+06
2022-03-23 16:19:42,132 :	 628/755,	7.880462815669936e+18,	2.0433597178569397e+22 => 0.00355,	  5.25e+06
2022-03-23 16:24:11,481 :	 629/755,	1.0826367338740562e+19,	2.0433597178569397e+22 => 0.00355,	  5.24e+06
2022-03-23 16:26:16,766 :	 630/755,	1.4873521072935119e+19,	2.0433597178569397e+22 => 0.00355,	  5.24e+06
2022-03-23 16:28:51,556 :	 631/755,	2.0433597178569396e+19,	2.0433597178569397e+22 => 0.00355,	  5.24e+06
2022-03-23 16:31:29,866 :	 632/755,	2.80721620394117e+19,	2.0433597178569397e+22 => 0.00355,	  5.23e+06
2022-03-23 16:34:14,467 :	 633/755,	3.856620421163456e+19,	2.0433597178569397e+22 => 0.00355,	  5.22e+06
2022-03-23 16:42:43,142 :	 634/755,	5.298316906283724e+19,	2.0433597178569397e+22 => 0.00355,	   5.2e+06
2022-03-23 16:43:10,823 :	 635/755,	7.278953843983161e+19,	2.0433597178569397e+22 => 1.0,	     7e-11
2022-03-23 16:45:29,819 :	 636/755,	1e+20,	2.0433597178569397e+22 => 0.00355,	  5.17e+06
2022-03-23 16:49:47,581 :	 637/755,	1e+16,	3.0391953823131947e+22 => 0.00355,	  4.83e+06
2022-03-23 16:53:54,681 :	 638/755,	1.373823795883261e+16,	3.0391953823131947e+22 => 0.00355,	  4.83e+06
2022-03-23 16:58:28,989 :	 639/755,	1.887391822135092e+16,	3.0391953823131947e+22 => 0.00355,	  4.83e+06
2022-03-23 17:03:41,091 :	 640/755,	2.5929437974046776e+16,	3.0391953823131947e+22 => 0.0047333,	  4.83e+06
2022-03-23 17:09:11,989 :	 641/755,	3.5622478902624516e+16,	3.0391953823131947e+22 => 0.0047333,	  4.83e+06
2022-03-23 17:14:17,819 :	 642/755,	4.893900918477499e+16,	3.0391953823131947e+22 => 0.00355,	  4.83e+06
2022-03-23 17:19:05,756 :	 643/755,	6.723357536499335e+16,	3.0391953823131947e+22 => 0.00355,	  4.84e+06
2022-03-23 17:22:57,477 :	 644/755,	9.236708571873846e+16,	3.0391953823131947e+22 => 0.00355,	  4.85e+06
2022-03-23 17:27:01,945 :	 645/755,	1.2689610031679182e+17,	3.0391953823131947e+22 => 0.00355,	  4.85e+06
2022-03-23 17:29:28,136 :	 646/755,	1.7433288221999946e+17,	3.0391953823131947e+22 => 0.0047333,	  4.85e+06
2022-03-23 17:34:08,635 :	 647/755,	2.395026619987491e+17,	3.0391953823131947e+22 => 0.00355,	  4.86e+06
2022-03-23 17:39:51,005 :	 648/755,	3.290344562312671e+17,	3.0391953823131947e+22 => 0.00355,	  4.86e+06
2022-03-23 17:44:11,609 :	 649/755,	4.5203536563602406e+17,	3.0391953823131947e+22 => 0.00355,	  4.87e+06
2022-03-23 17:48:06,572 :	 650/755,	6.210169418915603e+17,	3.0391953823131947e+22 => 0.00355,	  4.86e+06
2022-03-23 17:52:09,666 :	 651/755,	8.53167852417278e+17,	3.0391953823131947e+22 => 0.0047333,	  4.86e+06
2022-03-23 17:56:09,931 :	 652/755,	1.172102297533484e+18,	3.0391953823131947e+22 => 0.00355,	  4.87e+06
